#
# There is insufficient memory for the Java Runtime Environment to continue.
# Native memory allocation (mmap) failed to map 12582912 bytes for G1 virtual space
# Possible reasons:
#   The system is out of physical RAM or swap space
#   The process is running with CompressedOops enabled, and the Java Heap may be blocking the growth of the native heap
# Possible solutions:
#   Reduce memory load on the system
#   Increase physical memory or swap space
#   Check if swap backing store is full
#   Decrease Java heap size (-Xmx/-Xms)
#   Decrease number of Java threads
#   Decrease Java thread stack sizes (-Xss)
#   Set larger code cache with -XX:ReservedCodeCacheSize=
#   JVM is running with Unscaled Compressed Oops mode in which the Java heap is
#     placed in the first 4GB address space. The Java Heap base address is the
#     maximum limit for the native heap growth. Please use -XX:HeapBaseMinAddress
#     to set the Java Heap base and to place the Java Heap above 4GB virtual address.
# This output file may be truncated or incomplete.
#
#  Out of Memory Error (os_windows.cpp:3600), pid=16584, tid=17704
#
# JRE version: Java(TM) SE Runtime Environment (21.0.5+9) (build 21.0.5+9-LTS-239)
# Java VM: Java HotSpot(TM) 64-Bit Server VM (21.0.5+9-LTS-239, mixed mode, sharing, tiered, compressed oops, compressed class ptrs, g1 gc, windows-amd64)
# No core dump will be written. Minidumps are not enabled by default on client versions of Windows
#

---------------  S U M M A R Y ------------

Command Line: org.jetbrains.kotlin.cli.jvm.K2JVMCompiler @C:\Users\juanc\Desktop\AwesomeProject\node_modules\react-native-gesture-handler\android\build\20250704_6862111946042463045.compiler.options

Host: 11th Gen Intel(R) Core(TM) i5-1135G7 @ 2.40GHz, 8 cores, 7G,  Windows 11 , 64 bit Build 26100 (10.0.26100.4202)
Time: Fri Jul  4 10:39:57 2025 Argentina Standard Time elapsed time: 24.534807 seconds (0d 0h 0m 24s)

---------------  T H R E A D  ---------------

Current thread (0x000001c77d393860):  VMThread "VM Thread"          [id=17704, stack(0x0000006853a00000,0x0000006853b00000) (1024K)]

Stack: [0x0000006853a00000,0x0000006853b00000]
Native frames: (J=compiled Java code, j=interpreted, Vv=VM code, C=native code)
V  [jvm.dll+0x6ca289]
V  [jvm.dll+0x854a51]
V  [jvm.dll+0x856f7e]
V  [jvm.dll+0x857653]
V  [jvm.dll+0x27dd26]
V  [jvm.dll+0x6c6a25]
V  [jvm.dll+0x6bb5aa]
V  [jvm.dll+0x35359a]
V  [jvm.dll+0x35b1f6]
V  [jvm.dll+0x3adade]
V  [jvm.dll+0x3add88]
V  [jvm.dll+0x3278fc]
V  [jvm.dll+0x32a156]
V  [jvm.dll+0x334108]
V  [jvm.dll+0x36a3f5]
V  [jvm.dll+0x85d420]
V  [jvm.dll+0x85e7a4]
V  [jvm.dll+0x85ece0]
V  [jvm.dll+0x85ef83]
V  [jvm.dll+0x7fee9b]
V  [jvm.dll+0x6c896d]
C  [ucrtbase.dll+0x37b0]
C  [KERNEL32.DLL+0x2e8d7]
C  [ntdll.dll+0x3c34c]

VM_Operation (0x00000068535ff8d0): G1PauseRemark, mode: safepoint, requested by thread 0x000001c76fbce640


---------------  P R O C E S S  ---------------

Threads class SMR info:
_java_thread_list=0x000001c7559fc1c0, length=12, elements={
0x000001c76d94f750, 0x000001c77d3ab5a0, 0x000001c77d3aee10, 0x000001c77d3b4e20,
0x000001c77d3b5bc0, 0x000001c77d3bb150, 0x000001c77d3bd630, 0x000001c77d3c4820,
0x000001c77d3c6f10, 0x000001c77d3be350, 0x000001c77d3bcfa0, 0x000001c755d71ec0
}

Java Threads: ( => current thread )
  0x000001c76d94f750 JavaThread "main"                              [_thread_blocked, id=7356, stack(0x0000006853300000,0x0000006853400000) (1024K)]
  0x000001c77d3ab5a0 JavaThread "Reference Handler"          daemon [_thread_blocked, id=3256, stack(0x0000006853b00000,0x0000006853c00000) (1024K)]
  0x000001c77d3aee10 JavaThread "Finalizer"                  daemon [_thread_blocked, id=15528, stack(0x0000006853c00000,0x0000006853d00000) (1024K)]
  0x000001c77d3b4e20 JavaThread "Signal Dispatcher"          daemon [_thread_blocked, id=2520, stack(0x0000006853d00000,0x0000006853e00000) (1024K)]
  0x000001c77d3b5bc0 JavaThread "Attach Listener"            daemon [_thread_blocked, id=5576, stack(0x0000006853e00000,0x0000006853f00000) (1024K)]
  0x000001c77d3bb150 JavaThread "Service Thread"             daemon [_thread_blocked, id=3740, stack(0x0000006853f00000,0x0000006854000000) (1024K)]
  0x000001c77d3bd630 JavaThread "Monitor Deflation Thread"   daemon [_thread_blocked, id=5600, stack(0x0000006854000000,0x0000006854100000) (1024K)]
  0x000001c77d3c4820 JavaThread "C2 CompilerThread0"         daemon [_thread_blocked, id=18992, stack(0x0000006854100000,0x0000006854200000) (1024K)]
  0x000001c77d3c6f10 JavaThread "C1 CompilerThread0"         daemon [_thread_blocked, id=8664, stack(0x0000006854200000,0x0000006854300000) (1024K)]
  0x000001c77d3be350 JavaThread "Notification Thread"        daemon [_thread_blocked, id=12608, stack(0x0000006854300000,0x0000006854400000) (1024K)]
  0x000001c77d3bcfa0 JavaThread "Common-Cleaner"             daemon [_thread_blocked, id=17464, stack(0x0000006854400000,0x0000006854500000) (1024K)]
  0x000001c755d71ec0 JavaThread "C2 CompilerThread1"         daemon [_thread_blocked, id=15424, stack(0x0000006854d00000,0x0000006854e00000) (1024K)]
Total: 12

Other Threads:
=>0x000001c77d393860 VMThread "VM Thread"                           [id=17704, stack(0x0000006853a00000,0x0000006853b00000) (1024K)]
  0x000001c77d3804a0 WatcherThread "VM Periodic Task Thread"        [id=17920, stack(0x0000006853900000,0x0000006853a00000) (1024K)]
  0x000001c76fbbc940 WorkerThread "GC Thread#0"                     [id=16696, stack(0x0000006853400000,0x0000006853500000) (1024K)]
  0x000001c77dc73260 WorkerThread "GC Thread#1"                     [id=2888, stack(0x0000006854500000,0x0000006854600000) (1024K)]
  0x000001c77dc86160 WorkerThread "GC Thread#2"                     [id=10928, stack(0x0000006854600000,0x0000006854700000) (1024K)]
  0x000001c77da2c150 WorkerThread "GC Thread#3"                     [id=7192, stack(0x0000006854700000,0x0000006854800000) (1024K)]
  0x000001c77da2c4f0 WorkerThread "GC Thread#4"                     [id=4292, stack(0x0000006854800000,0x0000006854900000) (1024K)]
  0x000001c77da2c890 WorkerThread "GC Thread#5"                     [id=15816, stack(0x0000006854900000,0x0000006854a00000) (1024K)]
  0x000001c77e4e23a0 WorkerThread "GC Thread#6"                     [id=10888, stack(0x0000006854a00000,0x0000006854b00000) (1024K)]
  0x000001c77e1fdac0 WorkerThread "GC Thread#7"                     [id=18548, stack(0x0000006854b00000,0x0000006854c00000) (1024K)]
  0x000001c76fbce640 ConcurrentGCThread "G1 Main Marker"            [id=7916, stack(0x0000006853500000,0x0000006853600000) (1024K)]
  0x000001c76fbcf140 WorkerThread "G1 Conc#0"                       [id=10200, stack(0x0000006853600000,0x0000006853700000) (1024K)]
  0x000001c77e1fd720 WorkerThread "G1 Conc#1"                       [id=18832, stack(0x0000006854c00000,0x0000006854d00000) (1024K)]
  0x000001c76fc2ea80 ConcurrentGCThread "G1 Refine#0"               [id=6472, stack(0x0000006853700000,0x0000006853800000) (1024K)]
  0x000001c77d24c5e0 ConcurrentGCThread "G1 Service"                [id=5196, stack(0x0000006853800000,0x0000006853900000) (1024K)]
Total: 15

Threads with active compile tasks:
C2 CompilerThread0    24554 9353       4       org.jetbrains.kotlin.kotlinx.collections.immutable.implementations.persistentOrderedMap.PersistentOrderedMapLinksIterator::next (99 bytes)
C1 CompilerThread0    24554 9344       3       org.jetbrains.kotlin.fir.java.enhancement.FirSignatureEnhancement::enhanceMethod (2449 bytes)
Total: 2

VM state: at safepoint (normal execution)

VM Mutex/Monitor currently owned by a thread:  ([mutex/lock_event])
[0x00007ffe4450be98] Threads_lock - owner thread: 0x000001c77d393860
[0x00007ffe4450bf98] Heap_lock - owner thread: 0x000001c76fbce640

Heap address: 0x0000000085800000, size: 1960 MB, Compressed Oops mode: 32-bit

CDS archive(s) mapped at: [0x000001c70f000000-0x000001c70fc90000-0x000001c70fc90000), size 13172736, SharedBaseAddress: 0x000001c70f000000, ArchiveRelocationMode: 1.
Compressed class space mapped at: 0x000001c710000000-0x000001c750000000, reserved size: 1073741824
Narrow klass base: 0x000001c70f000000, Narrow klass shift: 0, Narrow klass range: 0x100000000

GC Precious Log:
 CardTable entry size: 512
 Card Set container configuration: InlinePtr #cards 5 size 8 Array Of Cards #cards 12 size 40 Howl #buckets 4 coarsen threshold 1843 Howl Bitmap #cards 512 size 80 coarsen threshold 460 Card regions per heap region 1 cards per card region 2048
 CPUs: 8 total, 8 available
 Memory: 7834M
 Large Page Support: Disabled
 NUMA Support: Disabled
 Compressed Oops: Enabled (32-bit)
 Heap Region Size: 1M
 Heap Min Capacity: 8M
 Heap Initial Capacity: 124M
 Heap Max Capacity: 1960M
 Pre-touch: Disabled
 Parallel Workers: 8
 Concurrent Workers: 2
 Concurrent Refinement Workers: 8
 Periodic GC: Disabled

Heap:
 garbage-first heap   total 105472K, used 69342K [0x0000000085800000, 0x0000000100000000)
  region size 1024K, 5 young (5120K), 3 survivors (3072K)
 Metaspace       used 55395K, committed 55744K, reserved 1114112K
  class space    used 6231K, committed 6400K, reserved 1048576K

Heap Regions: E=young(eden), S=young(survivor), O=old, HS=humongous(starts), HC=humongous(continues), CS=collection set, F=free, TAMS=top-at-mark-start, PB=parsable bottom
|   0|0x0000000085800000, 0x0000000085900000, 0x0000000085900000|100%|HS|  |TAMS 0x0000000085900000| PB 0x0000000085800000| Complete 
|   1|0x0000000085900000, 0x0000000085a00000, 0x0000000085a00000|100%|HC|  |TAMS 0x0000000085a00000| PB 0x0000000085900000| Complete 
|   2|0x0000000085a00000, 0x0000000085b00000, 0x0000000085b00000|100%|HC|  |TAMS 0x0000000085b00000| PB 0x0000000085a00000| Complete 
|   3|0x0000000085b00000, 0x0000000085c00000, 0x0000000085c00000|100%| O|  |TAMS 0x0000000085c00000| PB 0x0000000085c00000| Untracked 
|   4|0x0000000085c00000, 0x0000000085d00000, 0x0000000085d00000|100%| O|  |TAMS 0x0000000085d00000| PB 0x0000000085d00000| Untracked 
|   5|0x0000000085d00000, 0x0000000085e00000, 0x0000000085e00000|100%| O|  |TAMS 0x0000000085e00000| PB 0x0000000085e00000| Untracked 
|   6|0x0000000085e00000, 0x0000000085f00000, 0x0000000085f00000|100%| O|  |TAMS 0x0000000085f00000| PB 0x0000000085f00000| Untracked 
|   7|0x0000000085f00000, 0x0000000086000000, 0x0000000086000000|100%| O|  |TAMS 0x0000000086000000| PB 0x0000000086000000| Untracked 
|   8|0x0000000086000000, 0x0000000086100000, 0x0000000086100000|100%| O|  |TAMS 0x0000000086100000| PB 0x0000000086100000| Untracked 
|   9|0x0000000086100000, 0x0000000086200000, 0x0000000086200000|100%| O|  |TAMS 0x0000000086200000| PB 0x0000000086200000| Untracked 
|  10|0x0000000086200000, 0x0000000086300000, 0x0000000086300000|100%| O|  |TAMS 0x0000000086300000| PB 0x0000000086300000| Untracked 
|  11|0x0000000086300000, 0x0000000086400000, 0x0000000086400000|100%| O|  |TAMS 0x0000000086400000| PB 0x0000000086400000| Untracked 
|  12|0x0000000086400000, 0x0000000086500000, 0x0000000086500000|100%| O|  |TAMS 0x0000000086500000| PB 0x0000000086500000| Untracked 
|  13|0x0000000086500000, 0x0000000086600000, 0x0000000086600000|100%| O|  |TAMS 0x0000000086600000| PB 0x0000000086600000| Untracked 
|  14|0x0000000086600000, 0x0000000086700000, 0x0000000086700000|100%| O|  |TAMS 0x0000000086700000| PB 0x0000000086700000| Untracked 
|  15|0x0000000086700000, 0x0000000086800000, 0x0000000086800000|100%| O|  |TAMS 0x0000000086800000| PB 0x0000000086800000| Untracked 
|  16|0x0000000086800000, 0x0000000086900000, 0x0000000086900000|100%| O|  |TAMS 0x0000000086900000| PB 0x0000000086900000| Updating 
|  17|0x0000000086900000, 0x0000000086a00000, 0x0000000086a00000|100%| O|  |TAMS 0x0000000086a00000| PB 0x0000000086a00000| Untracked 
|  18|0x0000000086a00000, 0x0000000086b00000, 0x0000000086b00000|100%| O|  |TAMS 0x0000000086b00000| PB 0x0000000086b00000| Untracked 
|  19|0x0000000086b00000, 0x0000000086c00000, 0x0000000086c00000|100%| O|  |TAMS 0x0000000086c00000| PB 0x0000000086c00000| Untracked 
|  20|0x0000000086c00000, 0x0000000086d00000, 0x0000000086d00000|100%| O|  |TAMS 0x0000000086d00000| PB 0x0000000086d00000| Untracked 
|  21|0x0000000086d00000, 0x0000000086e00000, 0x0000000086e00000|100%| O|  |TAMS 0x0000000086e00000| PB 0x0000000086e00000| Untracked 
|  22|0x0000000086e00000, 0x0000000086f00000, 0x0000000086f00000|100%| O|  |TAMS 0x0000000086f00000| PB 0x0000000086f00000| Untracked 
|  23|0x0000000086f00000, 0x0000000086f00000, 0x0000000087000000|  0%| F|  |TAMS 0x0000000086f00000| PB 0x0000000086f00000| Untracked 
|  24|0x0000000087000000, 0x0000000087100000, 0x0000000087100000|100%| O|  |TAMS 0x0000000087100000| PB 0x0000000087100000| Untracked 
|  25|0x0000000087100000, 0x0000000087200000, 0x0000000087200000|100%| O|  |TAMS 0x0000000087200000| PB 0x0000000087200000| Updating 
|  26|0x0000000087200000, 0x0000000087300000, 0x0000000087300000|100%| O|  |TAMS 0x0000000087300000| PB 0x0000000087300000| Untracked 
|  27|0x0000000087300000, 0x0000000087400000, 0x0000000087400000|100%| O|  |TAMS 0x0000000087400000| PB 0x0000000087400000| Updating 
|  28|0x0000000087400000, 0x0000000087500000, 0x0000000087500000|100%| O|  |TAMS 0x0000000087500000| PB 0x0000000087500000| Untracked 
|  29|0x0000000087500000, 0x0000000087600000, 0x0000000087600000|100%| O|  |TAMS 0x0000000087600000| PB 0x0000000087600000| Untracked 
|  30|0x0000000087600000, 0x0000000087700000, 0x0000000087700000|100%| O|  |TAMS 0x0000000087700000| PB 0x0000000087700000| Untracked 
|  31|0x0000000087700000, 0x0000000087800000, 0x0000000087800000|100%| O|  |TAMS 0x0000000087800000| PB 0x0000000087800000| Untracked 
|  32|0x0000000087800000, 0x0000000087900000, 0x0000000087900000|100%| O|  |TAMS 0x0000000087900000| PB 0x0000000087900000| Updating 
|  33|0x0000000087900000, 0x0000000087a00000, 0x0000000087a00000|100%| O|  |TAMS 0x0000000087a00000| PB 0x0000000087a00000| Updating 
|  34|0x0000000087a00000, 0x0000000087b00000, 0x0000000087b00000|100%| O|  |TAMS 0x0000000087b00000| PB 0x0000000087b00000| Untracked 
|  35|0x0000000087b00000, 0x0000000087c00000, 0x0000000087c00000|100%| O|  |TAMS 0x0000000087c00000| PB 0x0000000087c00000| Updating 
|  36|0x0000000087c00000, 0x0000000087d00000, 0x0000000087d00000|100%| O|  |TAMS 0x0000000087d00000| PB 0x0000000087d00000| Untracked 
|  37|0x0000000087d00000, 0x0000000087e00000, 0x0000000087e00000|100%| O|  |TAMS 0x0000000087e00000| PB 0x0000000087e00000| Untracked 
|  38|0x0000000087e00000, 0x0000000087f00000, 0x0000000087f00000|100%| O|  |TAMS 0x0000000087f00000| PB 0x0000000087f00000| Updating 
|  39|0x0000000087f00000, 0x0000000088000000, 0x0000000088000000|100%| O|  |TAMS 0x0000000088000000| PB 0x0000000088000000| Updating 
|  40|0x0000000088000000, 0x0000000088100000, 0x0000000088100000|100%| O|  |TAMS 0x0000000088100000| PB 0x0000000088100000| Untracked 
|  41|0x0000000088100000, 0x0000000088200000, 0x0000000088200000|100%| O|  |TAMS 0x0000000088200000| PB 0x0000000088200000| Untracked 
|  42|0x0000000088200000, 0x0000000088300000, 0x0000000088300000|100%| O|  |TAMS 0x0000000088300000| PB 0x0000000088300000| Untracked 
|  43|0x0000000088300000, 0x0000000088400000, 0x0000000088400000|100%| O|  |TAMS 0x0000000088400000| PB 0x0000000088400000| Untracked 
|  44|0x0000000088400000, 0x0000000088500000, 0x0000000088500000|100%| O|  |TAMS 0x0000000088500000| PB 0x0000000088500000| Untracked 
|  45|0x0000000088500000, 0x0000000088600000, 0x0000000088600000|100%| O|  |TAMS 0x0000000088600000| PB 0x0000000088600000| Updating 
|  46|0x0000000088600000, 0x0000000088700000, 0x0000000088700000|100%| O|  |TAMS 0x0000000088700000| PB 0x0000000088700000| Untracked 
|  47|0x0000000088700000, 0x0000000088800000, 0x0000000088800000|100%| O|  |TAMS 0x0000000088800000| PB 0x0000000088800000| Untracked 
|  48|0x0000000088800000, 0x0000000088900000, 0x0000000088900000|100%| O|  |TAMS 0x0000000088900000| PB 0x0000000088900000| Updating 
|  49|0x0000000088900000, 0x0000000088a00000, 0x0000000088a00000|100%| O|  |TAMS 0x0000000088a00000| PB 0x0000000088a00000| Untracked 
|  50|0x0000000088a00000, 0x0000000088b00000, 0x0000000088b00000|100%| O|  |TAMS 0x0000000088b00000| PB 0x0000000088b00000| Untracked 
|  51|0x0000000088b00000, 0x0000000088c00000, 0x0000000088c00000|100%| O|  |TAMS 0x0000000088c00000| PB 0x0000000088c00000| Untracked 
|  52|0x0000000088c00000, 0x0000000088d00000, 0x0000000088d00000|100%| O|  |TAMS 0x0000000088d00000| PB 0x0000000088d00000| Updating 
|  53|0x0000000088d00000, 0x0000000088e00000, 0x0000000088e00000|100%| O|  |TAMS 0x0000000088e00000| PB 0x0000000088e00000| Untracked 
|  54|0x0000000088e00000, 0x0000000088f00000, 0x0000000088f00000|100%| O|  |TAMS 0x0000000088f00000| PB 0x0000000088f00000| Untracked 
|  55|0x0000000088f00000, 0x0000000089000000, 0x0000000089000000|100%| O|  |TAMS 0x0000000089000000| PB 0x0000000089000000| Updating 
|  56|0x0000000089000000, 0x0000000089100000, 0x0000000089100000|100%| O|  |TAMS 0x0000000089100000| PB 0x0000000089100000| Untracked 
|  57|0x0000000089100000, 0x0000000089200000, 0x0000000089200000|100%| O|  |TAMS 0x0000000089200000| PB 0x0000000089200000| Untracked 
|  58|0x0000000089200000, 0x0000000089300000, 0x0000000089300000|100%| O|  |TAMS 0x0000000089300000| PB 0x0000000089300000| Untracked 
|  59|0x0000000089300000, 0x0000000089400000, 0x0000000089400000|100%| O|  |TAMS 0x0000000089400000| PB 0x0000000089400000| Untracked 
|  60|0x0000000089400000, 0x0000000089500000, 0x0000000089500000|100%| O|  |TAMS 0x00000000894d5d58| PB 0x00000000894d5d58| Updating 
|  61|0x0000000089500000, 0x0000000089600000, 0x0000000089600000|100%| O|  |TAMS 0x0000000089500000| PB 0x0000000089500000| Untracked 
|  62|0x0000000089600000, 0x0000000089700000, 0x0000000089700000|100%| O|  |TAMS 0x0000000089600000| PB 0x0000000089600000| Untracked 
|  63|0x0000000089700000, 0x0000000089800000, 0x0000000089800000|100%| O|  |TAMS 0x0000000089700000| PB 0x0000000089700000| Untracked 
|  64|0x0000000089800000, 0x00000000898eb8a0, 0x0000000089900000| 92%| O|  |TAMS 0x0000000089800000| PB 0x0000000089800000| Untracked 
|  65|0x0000000089900000, 0x0000000089900000, 0x0000000089a00000|  0%| F|  |TAMS 0x0000000089900000| PB 0x0000000089900000| Untracked 
|  66|0x0000000089a00000, 0x0000000089a00000, 0x0000000089b00000|  0%| F|  |TAMS 0x0000000089a00000| PB 0x0000000089a00000| Untracked 
|  67|0x0000000089b00000, 0x0000000089b00000, 0x0000000089c00000|  0%| F|  |TAMS 0x0000000089b00000| PB 0x0000000089b00000| Untracked 
|  68|0x0000000089c00000, 0x0000000089c00000, 0x0000000089d00000|  0%| F|  |TAMS 0x0000000089c00000| PB 0x0000000089c00000| Untracked 
|  69|0x0000000089d00000, 0x0000000089d00000, 0x0000000089e00000|  0%| F|  |TAMS 0x0000000089d00000| PB 0x0000000089d00000| Untracked 
|  70|0x0000000089e00000, 0x0000000089e00000, 0x0000000089f00000|  0%| F|  |TAMS 0x0000000089e00000| PB 0x0000000089e00000| Untracked 
|  71|0x0000000089f00000, 0x0000000089f00000, 0x000000008a000000|  0%| F|  |TAMS 0x0000000089f00000| PB 0x0000000089f00000| Untracked 
|  72|0x000000008a000000, 0x000000008a0cc1c0, 0x000000008a100000| 79%| S|CS|TAMS 0x000000008a000000| PB 0x000000008a000000| Complete 
|  73|0x000000008a100000, 0x000000008a100000, 0x000000008a200000|  0%| F|  |TAMS 0x000000008a100000| PB 0x000000008a100000| Untracked 
|  74|0x000000008a200000, 0x000000008a200000, 0x000000008a300000|  0%| F|  |TAMS 0x000000008a200000| PB 0x000000008a200000| Untracked 
|  75|0x000000008a300000, 0x000000008a300000, 0x000000008a400000|  0%| F|  |TAMS 0x000000008a300000| PB 0x000000008a300000| Untracked 
|  76|0x000000008a400000, 0x000000008a400000, 0x000000008a500000|  0%| F|  |TAMS 0x000000008a400000| PB 0x000000008a400000| Untracked 
|  77|0x000000008a500000, 0x000000008a600000, 0x000000008a600000|100%| S|CS|TAMS 0x000000008a500000| PB 0x000000008a500000| Complete 
|  78|0x000000008a600000, 0x000000008a700000, 0x000000008a700000|100%| S|CS|TAMS 0x000000008a600000| PB 0x000000008a600000| Complete 
|  79|0x000000008a700000, 0x000000008a700000, 0x000000008a800000|  0%| F|  |TAMS 0x000000008a700000| PB 0x000000008a700000| Untracked 
|  80|0x000000008a800000, 0x000000008a800000, 0x000000008a900000|  0%| F|  |TAMS 0x000000008a800000| PB 0x000000008a800000| Untracked 
|  81|0x000000008a900000, 0x000000008a900000, 0x000000008aa00000|  0%| F|  |TAMS 0x000000008a900000| PB 0x000000008a900000| Untracked 
|  82|0x000000008aa00000, 0x000000008aa00000, 0x000000008ab00000|  0%| F|  |TAMS 0x000000008aa00000| PB 0x000000008aa00000| Untracked 
|  83|0x000000008ab00000, 0x000000008ab00000, 0x000000008ac00000|  0%| F|  |TAMS 0x000000008ab00000| PB 0x000000008ab00000| Untracked 
|  84|0x000000008ac00000, 0x000000008ac00000, 0x000000008ad00000|  0%| F|  |TAMS 0x000000008ac00000| PB 0x000000008ac00000| Untracked 
|  85|0x000000008ad00000, 0x000000008ad00000, 0x000000008ae00000|  0%| F|  |TAMS 0x000000008ad00000| PB 0x000000008ad00000| Untracked 
|  86|0x000000008ae00000, 0x000000008ae00000, 0x000000008af00000|  0%| F|  |TAMS 0x000000008ae00000| PB 0x000000008ae00000| Untracked 
|  87|0x000000008af00000, 0x000000008af00000, 0x000000008b000000|  0%| F|  |TAMS 0x000000008af00000| PB 0x000000008af00000| Untracked 
|  88|0x000000008b000000, 0x000000008b000000, 0x000000008b100000|  0%| F|  |TAMS 0x000000008b000000| PB 0x000000008b000000| Untracked 
|  89|0x000000008b100000, 0x000000008b100000, 0x000000008b200000|  0%| F|  |TAMS 0x000000008b100000| PB 0x000000008b100000| Untracked 
|  90|0x000000008b200000, 0x000000008b200000, 0x000000008b300000|  0%| F|  |TAMS 0x000000008b200000| PB 0x000000008b200000| Untracked 
|  91|0x000000008b300000, 0x000000008b300000, 0x000000008b400000|  0%| F|  |TAMS 0x000000008b300000| PB 0x000000008b300000| Untracked 
|  92|0x000000008b400000, 0x000000008b400000, 0x000000008b500000|  0%| F|  |TAMS 0x000000008b400000| PB 0x000000008b400000| Untracked 
|  93|0x000000008b500000, 0x000000008b500000, 0x000000008b600000|  0%| F|  |TAMS 0x000000008b500000| PB 0x000000008b500000| Untracked 
|  94|0x000000008b600000, 0x000000008b600000, 0x000000008b700000|  0%| F|  |TAMS 0x000000008b600000| PB 0x000000008b600000| Untracked 
|  95|0x000000008b700000, 0x000000008b700000, 0x000000008b800000|  0%| F|  |TAMS 0x000000008b700000| PB 0x000000008b700000| Untracked 
|  96|0x000000008b800000, 0x000000008b800000, 0x000000008b900000|  0%| F|  |TAMS 0x000000008b800000| PB 0x000000008b800000| Untracked 
|  97|0x000000008b900000, 0x000000008b900000, 0x000000008ba00000|  0%| F|  |TAMS 0x000000008b900000| PB 0x000000008b900000| Untracked 
|  98|0x000000008ba00000, 0x000000008ba00000, 0x000000008bb00000|  0%| F|  |TAMS 0x000000008ba00000| PB 0x000000008ba00000| Untracked 
|  99|0x000000008bb00000, 0x000000008bb00000, 0x000000008bc00000|  0%| F|  |TAMS 0x000000008bb00000| PB 0x000000008bb00000| Untracked 
| 100|0x000000008bc00000, 0x000000008bc00000, 0x000000008bd00000|  0%| F|  |TAMS 0x000000008bc00000| PB 0x000000008bc00000| Untracked 
| 101|0x000000008bd00000, 0x000000008bdfe568, 0x000000008be00000| 99%| E|  |TAMS 0x000000008bd00000| PB 0x000000008bd00000| Complete 
| 123|0x000000008d300000, 0x000000008d400000, 0x000000008d400000|100%| E|CS|TAMS 0x000000008d300000| PB 0x000000008d300000| Complete 

Card table byte_map: [0x000001c778700000,0x000001c778ae0000] _byte_map_base: 0x000001c7782d4000

Marking Bits: (CMBitMap*) 0x000001c76fbbd850
 Bits: [0x000001c778ae0000, 0x000001c77a980000)

Polling page: 0x000001c76f330000

Metaspace:

Usage:
  Non-class:     48.01 MB used.
      Class:      6.08 MB used.
       Both:     54.10 MB used.

Virtual space:
  Non-class space:       64.00 MB reserved,      48.19 MB ( 75%) committed,  1 nodes.
      Class space:        1.00 GB reserved,       6.25 MB ( <1%) committed,  1 nodes.
             Both:        1.06 GB reserved,      54.44 MB (  5%) committed. 

Chunk freelists:
   Non-Class:  14.78 MB
       Class:  9.78 MB
        Both:  24.56 MB

MaxMetaspaceSize: unlimited
CompressedClassSpaceSize: 1.00 GB
Initial GC threshold: 21.00 MB
Current GC threshold: 78.56 MB
CDS: on
 - commit_granule_bytes: 65536.
 - commit_granule_words: 8192.
 - virtual_space_node_default_size: 8388608.
 - enlarge_chunks_in_place: 1.
 - use_allocation_guard: 0.


Internal statistics:

num_allocs_failed_limit: 6.
num_arena_births: 354.
num_arena_deaths: 0.
num_vsnodes_births: 2.
num_vsnodes_deaths: 0.
num_space_committed: 869.
num_space_uncommitted: 0.
num_chunks_returned_to_freelist: 6.
num_chunks_taken_from_freelist: 2278.
num_chunk_merges: 6.
num_chunk_splits: 1845.
num_chunks_enlarged: 1666.
num_inconsistent_stats: 0.

CodeHeap 'non-profiled nmethods': size=120000Kb used=4711Kb max_used=4912Kb free=115288Kb
 bounds [0x000001c707ad0000, 0x000001c707fa0000, 0x000001c70f000000]
CodeHeap 'profiled nmethods': size=120000Kb used=26831Kb max_used=28261Kb free=93168Kb
 bounds [0x000001c700000000, 0x000001c701ba0000, 0x000001c707530000]
CodeHeap 'non-nmethods': size=5760Kb used=1884Kb max_used=1952Kb free=3875Kb
 bounds [0x000001c707530000, 0x000001c7077a0000, 0x000001c707ad0000]
 total_blobs=9018 nmethods=8315 adapters=605
 compilation: enabled
              stopped_count=0, restarted_count=0
 full_count=0

Compilation events (20 events):
Event: 23.403 Thread 0x000001c755d71ec0 nmethod 9338 0x000001c707f96910 code [0x000001c707f96b20, 0x000001c707f97458]
Event: 23.403 Thread 0x000001c755d71ec0 9339       4       org.jetbrains.kotlin.fir.resolve.dfa.cfg.ControlFlowGraphBuilder::addNewSimpleNode (43 bytes)
Event: 23.404 Thread 0x000001c77d3c4820 nmethod 9337 0x000001c707f97890 code [0x000001c707f97ac0, 0x000001c707f98520]
Event: 23.406 Thread 0x000001c77d3c6f10 9340       1       org.jetbrains.kotlin.fir.java.declarations.FirJavaTypeParameter::getJavaTypeParameter$java (5 bytes)
Event: 23.406 Thread 0x000001c77d3c6f10 nmethod 9340 0x000001c707f98a90 code [0x000001c707f98c20, 0x000001c707f98ce8]
Event: 23.408 Thread 0x000001c77d3c6f10 9341       3       org.jetbrains.kotlin.fir.scopes.impl.FirClassSubstitutionScope$$Lambda/0x000001c710541830::invoke (16 bytes)
Event: 23.408 Thread 0x000001c77d3c6f10 nmethod 9341 0x000001c701b97410 code [0x000001c701b97680, 0x000001c701b98088]
Event: 23.408 Thread 0x000001c77d3c6f10 9342       3       org.jetbrains.kotlin.fir.scopes.impl.FirClassSubstitutionScope::processFunctionsByName$lambda$0 (35 bytes)
Event: 23.409 Thread 0x000001c77d3c6f10 nmethod 9342 0x000001c701b98410 code [0x000001c701b98660, 0x000001c701b98ee0]
Event: 23.409 Thread 0x000001c77d3c6f10 9343       3       org.jetbrains.kotlin.name.StandardClassIds::getInt (4 bytes)
Event: 23.409 Thread 0x000001c77d3c6f10 nmethod 9343 0x000001c701b99210 code [0x000001c701b993a0, 0x000001c701b994b8]
Event: 23.417 Thread 0x000001c77d3c4820 9347       4       org.jetbrains.kotlin.fir.types.ConeTypeContext::isClassTypeConstructor (26 bytes)
Event: 23.418 Thread 0x000001c77d3c4820 nmethod 9347 0x000001c707f98d90 code [0x000001c707f98f20, 0x000001c707f99008]
Event: 23.423 Thread 0x000001c77d3c4820 9351       4       org.jetbrains.kotlin.fir.resolve.ToSymbolUtilsKt::toSymbol (89 bytes)
Event: 23.432 Thread 0x000001c77d3c6f10 9344       3       org.jetbrains.kotlin.fir.java.enhancement.FirSignatureEnhancement::enhanceMethod (2449 bytes)
Event: 23.433 Thread 0x000001c755d71ec0 nmethod 9339 0x000001c707f99110 code [0x000001c707f99320, 0x000001c707f99ed0]
Event: 23.433 Thread 0x000001c755d71ec0 9352       4       org.jetbrains.kotlin.kotlinx.collections.immutable.implementations.persistentOrderedMap.PersistentOrderedMapValuesIterator::next (11 bytes)
Event: 23.439 Thread 0x000001c77d3c4820 nmethod 9351 0x000001c707f9a490 code [0x000001c707f9a6a0, 0x000001c707f9b058]
Event: 23.439 Thread 0x000001c77d3c4820 9353       4       org.jetbrains.kotlin.kotlinx.collections.immutable.implementations.persistentOrderedMap.PersistentOrderedMapLinksIterator::next (99 bytes)
Event: 23.440 Thread 0x000001c755d71ec0 nmethod 9352 0x000001c707f9b510 code [0x000001c707f9b700, 0x000001c707f9bc40]

GC Heap History (20 events):
Event: 11.868 GC heap before
{Heap before GC invocations=10 (full 0):
 garbage-first heap   total 55296K, used 46080K [0x0000000085800000, 0x0000000100000000)
  region size 1024K, 17 young (17408K), 3 survivors (3072K)
 Metaspace       used 37456K, committed 37760K, reserved 1114112K
  class space    used 4323K, committed 4480K, reserved 1048576K
}
Event: 11.883 GC heap after
{Heap after GC invocations=11 (full 0):
 garbage-first heap   total 66560K, used 36864K [0x0000000085800000, 0x0000000100000000)
  region size 1024K, 3 young (3072K), 3 survivors (3072K)
 Metaspace       used 37456K, committed 37760K, reserved 1114112K
  class space    used 4323K, committed 4480K, reserved 1048576K
}
Event: 13.010 GC heap before
{Heap before GC invocations=11 (full 0):
 garbage-first heap   total 66560K, used 53248K [0x0000000085800000, 0x0000000100000000)
  region size 1024K, 20 young (20480K), 3 survivors (3072K)
 Metaspace       used 41351K, committed 41664K, reserved 1114112K
  class space    used 4778K, committed 4928K, reserved 1048576K
}
Event: 13.019 GC heap after
{Heap after GC invocations=12 (full 0):
 garbage-first heap   total 66560K, used 40246K [0x0000000085800000, 0x0000000100000000)
  region size 1024K, 3 young (3072K), 3 survivors (3072K)
 Metaspace       used 41351K, committed 41664K, reserved 1114112K
  class space    used 4778K, committed 4928K, reserved 1048576K
}
Event: 13.933 GC heap before
{Heap before GC invocations=13 (full 0):
 garbage-first heap   total 71680K, used 55606K [0x0000000085800000, 0x0000000100000000)
  region size 1024K, 18 young (18432K), 3 survivors (3072K)
 Metaspace       used 44302K, committed 44608K, reserved 1114112K
  class space    used 5157K, committed 5312K, reserved 1048576K
}
Event: 13.945 GC heap after
{Heap after GC invocations=14 (full 0):
 garbage-first heap   total 71680K, used 43353K [0x0000000085800000, 0x0000000100000000)
  region size 1024K, 3 young (3072K), 3 survivors (3072K)
 Metaspace       used 44302K, committed 44608K, reserved 1114112K
  class space    used 5157K, committed 5312K, reserved 1048576K
}
Event: 15.092 GC heap before
{Heap before GC invocations=14 (full 0):
 garbage-first heap   total 71680K, used 59737K [0x0000000085800000, 0x0000000100000000)
  region size 1024K, 19 young (19456K), 3 survivors (3072K)
 Metaspace       used 45570K, committed 45824K, reserved 1114112K
  class space    used 5234K, committed 5376K, reserved 1048576K
}
Event: 15.109 GC heap after
{Heap after GC invocations=15 (full 0):
 garbage-first heap   total 71680K, used 46820K [0x0000000085800000, 0x0000000100000000)
  region size 1024K, 3 young (3072K), 3 survivors (3072K)
 Metaspace       used 45570K, committed 45824K, reserved 1114112K
  class space    used 5234K, committed 5376K, reserved 1048576K
}
Event: 16.091 GC heap before
{Heap before GC invocations=15 (full 0):
 garbage-first heap   total 71680K, used 61156K [0x0000000085800000, 0x0000000100000000)
  region size 1024K, 18 young (18432K), 3 survivors (3072K)
 Metaspace       used 47822K, committed 48128K, reserved 1114112K
  class space    used 5558K, committed 5696K, reserved 1048576K
}
Event: 16.108 GC heap after
{Heap after GC invocations=16 (full 0):
 garbage-first heap   total 71680K, used 50176K [0x0000000085800000, 0x0000000100000000)
  region size 1024K, 3 young (3072K), 3 survivors (3072K)
 Metaspace       used 47822K, committed 48128K, reserved 1114112K
  class space    used 5558K, committed 5696K, reserved 1048576K
}
Event: 16.823 GC heap before
{Heap before GC invocations=17 (full 0):
 garbage-first heap   total 87040K, used 62464K [0x0000000085800000, 0x0000000100000000)
  region size 1024K, 16 young (16384K), 3 survivors (3072K)
 Metaspace       used 50329K, committed 50624K, reserved 1114112K
  class space    used 5827K, committed 5952K, reserved 1048576K
}
Event: 16.836 GC heap after
{Heap after GC invocations=18 (full 0):
 garbage-first heap   total 87040K, used 51854K [0x0000000085800000, 0x0000000100000000)
  region size 1024K, 2 young (2048K), 2 survivors (2048K)
 Metaspace       used 50329K, committed 50624K, reserved 1114112K
  class space    used 5827K, committed 5952K, reserved 1048576K
}
Event: 17.660 GC heap before
{Heap before GC invocations=18 (full 0):
 garbage-first heap   total 87040K, used 73358K [0x0000000085800000, 0x0000000100000000)
  region size 1024K, 23 young (23552K), 2 survivors (2048K)
 Metaspace       used 51484K, committed 51776K, reserved 1114112K
  class space    used 5962K, committed 6144K, reserved 1048576K
}
Event: 17.676 GC heap after
{Heap after GC invocations=19 (full 0):
 garbage-first heap   total 105472K, used 56104K [0x0000000085800000, 0x0000000100000000)
  region size 1024K, 3 young (3072K), 3 survivors (3072K)
 Metaspace       used 51484K, committed 51776K, reserved 1114112K
  class space    used 5962K, committed 6144K, reserved 1048576K
}
Event: 19.734 GC heap before
{Heap before GC invocations=19 (full 0):
 garbage-first heap   total 105472K, used 86824K [0x0000000085800000, 0x0000000100000000)
  region size 1024K, 33 young (33792K), 3 survivors (3072K)
 Metaspace       used 53412K, committed 53760K, reserved 1114112K
  class space    used 6106K, committed 6272K, reserved 1048576K
}
Event: 19.757 GC heap after
{Heap after GC invocations=20 (full 0):
 garbage-first heap   total 105472K, used 61952K [0x0000000085800000, 0x0000000100000000)
  region size 1024K, 5 young (5120K), 5 survivors (5120K)
 Metaspace       used 53412K, committed 53760K, reserved 1114112K
  class space    used 6106K, committed 6272K, reserved 1048576K
}
Event: 21.647 GC heap before
{Heap before GC invocations=20 (full 0):
 garbage-first heap   total 105472K, used 88576K [0x0000000085800000, 0x0000000100000000)
  region size 1024K, 31 young (31744K), 5 survivors (5120K)
 Metaspace       used 54667K, committed 54976K, reserved 1114112K
  class space    used 6195K, committed 6336K, reserved 1048576K
}
Event: 21.670 GC heap after
{Heap after GC invocations=21 (full 0):
 garbage-first heap   total 105472K, used 66391K [0x0000000085800000, 0x0000000100000000)
  region size 1024K, 4 young (4096K), 4 survivors (4096K)
 Metaspace       used 54667K, committed 54976K, reserved 1114112K
  class space    used 6195K, committed 6336K, reserved 1048576K
}
Event: 23.299 GC heap before
{Heap before GC invocations=21 (full 0):
 garbage-first heap   total 105472K, used 90967K [0x0000000085800000, 0x0000000100000000)
  region size 1024K, 28 young (28672K), 4 survivors (4096K)
 Metaspace       used 55331K, committed 55680K, reserved 1114112K
  class space    used 6230K, committed 6400K, reserved 1048576K
}
Event: 23.317 GC heap after
{Heap after GC invocations=22 (full 0):
 garbage-first heap   total 105472K, used 69342K [0x0000000085800000, 0x0000000100000000)
  region size 1024K, 3 young (3072K), 3 survivors (3072K)
 Metaspace       used 55331K, committed 55680K, reserved 1114112K
  class space    used 6230K, committed 6400K, reserved 1048576K
}

Dll operation events (7 events):
Event: 0.032 Loaded shared library C:\Program Files\Java\jdk-21\bin\java.dll
Event: 0.103 Loaded shared library C:\Program Files\Java\jdk-21\bin\jsvml.dll
Event: 0.153 Loaded shared library C:\Program Files\Java\jdk-21\bin\net.dll
Event: 0.156 Loaded shared library C:\Program Files\Java\jdk-21\bin\nio.dll
Event: 0.225 Loaded shared library C:\Program Files\Java\jdk-21\bin\zip.dll
Event: 0.278 Loaded shared library C:\Program Files\Java\jdk-21\bin\jimage.dll
Event: 3.863 Loaded shared library C:\Program Files\Java\jdk-21\bin\verify.dll

Deoptimization events (20 events):
Event: 22.820 Thread 0x000001c76d94f750 Uncommon trap: trap_request=0xffffff45 fr.pc=0x000001c707f0bd68 relative=0x00000000000000c8
Event: 22.820 Thread 0x000001c76d94f750 Uncommon trap: reason=unstable_if action=reinterpret pc=0x000001c707f0bd68 method=org.jetbrains.kotlin.fir.resolve.calls.tower.TowerGroup.compareTo(Lorg/jetbrains/kotlin/fir/resolve/calls/tower/TowerGroup;)I @ 18 c2
Event: 22.820 Thread 0x000001c76d94f750 DEOPT PACKING pc=0x000001c707f0bd68 sp=0x00000068533fb0c0
Event: 22.821 Thread 0x000001c76d94f750 DEOPT UNPACKING pc=0x000001c707587da2 sp=0x00000068533faff8 mode 2
Event: 22.979 Thread 0x000001c76d94f750 Uncommon trap: trap_request=0xffffff54 fr.pc=0x000001c707f3dc78 relative=0x0000000000000878
Event: 22.979 Thread 0x000001c76d94f750 Uncommon trap: reason=speculate_null_assert action=make_not_entrant pc=0x000001c707f3dc78 method=org.jetbrains.kotlin.fir.resolve.dfa.PersistentFlow.unwrapVariable(Lorg/jetbrains/kotlin/fir/resolve/dfa/RealVariable;)Lorg/jetbrains/kotlin/fir/resolve/dfa/R
Event: 22.979 Thread 0x000001c76d94f750 DEOPT PACKING pc=0x000001c707f3dc78 sp=0x00000068533f8160
Event: 22.979 Thread 0x000001c76d94f750 DEOPT UNPACKING pc=0x000001c707587da2 sp=0x00000068533f80e8 mode 2
Event: 23.066 Thread 0x000001c76d94f750 Uncommon trap: trap_request=0xffffff45 fr.pc=0x000001c707f7b158 relative=0x0000000000001c98
Event: 23.066 Thread 0x000001c76d94f750 Uncommon trap: reason=unstable_if action=reinterpret pc=0x000001c707f7b158 method=org.jetbrains.kotlin.fir.resolve.calls.tower.TowerLevelHandler.handleLevel(Lorg/jetbrains/kotlin/fir/resolve/calls/candidate/CandidateCollector;Lorg/jetbrains/kotlin/fir/res
Event: 23.066 Thread 0x000001c76d94f750 DEOPT PACKING pc=0x000001c707f7b158 sp=0x00000068533f8aa0
Event: 23.066 Thread 0x000001c76d94f750 DEOPT UNPACKING pc=0x000001c707587da2 sp=0x00000068533f8960 mode 2
Event: 23.097 Thread 0x000001c76d94f750 Uncommon trap: trap_request=0xffffffde fr.pc=0x000001c707f6da58 relative=0x0000000000000b58
Event: 23.097 Thread 0x000001c76d94f750 Uncommon trap: reason=class_check action=maybe_recompile pc=0x000001c707f6da58 method=org.jetbrains.kotlin.fir.FirVisibilityChecker.isSpecificDeclarationVisible(Lorg/jetbrains/kotlin/fir/declarations/FirMemberDeclaration;Lorg/jetbrains/kotlin/fir/FirSessi
Event: 23.097 Thread 0x000001c76d94f750 DEOPT PACKING pc=0x000001c707f6da58 sp=0x00000068533f80d0
Event: 23.097 Thread 0x000001c76d94f750 DEOPT UNPACKING pc=0x000001c707587da2 sp=0x00000068533f8068 mode 2
Event: 23.109 Thread 0x000001c76d94f750 Uncommon trap: trap_request=0xffffffde fr.pc=0x000001c707f6da58 relative=0x0000000000000b58
Event: 23.109 Thread 0x000001c76d94f750 Uncommon trap: reason=class_check action=maybe_recompile pc=0x000001c707f6da58 method=org.jetbrains.kotlin.fir.FirVisibilityChecker.isSpecificDeclarationVisible(Lorg/jetbrains/kotlin/fir/declarations/FirMemberDeclaration;Lorg/jetbrains/kotlin/fir/FirSessi
Event: 23.109 Thread 0x000001c76d94f750 DEOPT PACKING pc=0x000001c707f6da58 sp=0x00000068533f80d0
Event: 23.109 Thread 0x000001c76d94f750 DEOPT UNPACKING pc=0x000001c707587da2 sp=0x00000068533f8068 mode 2

Classes loaded (20 events):
Event: 13.572 Loading class java/util/RegularEnumSet$EnumSetIterator
Event: 13.572 Loading class java/util/RegularEnumSet$EnumSetIterator done
Event: 13.781 Loading class java/util/ArrayList$SubList$1
Event: 13.781 Loading class java/util/ArrayList$SubList$1 done
Event: 13.848 Loading class java/util/EnumMap$EntrySet
Event: 13.848 Loading class java/util/EnumMap$EntrySet done
Event: 13.849 Loading class java/util/EnumMap$EntryIterator
Event: 13.849 Loading class java/util/EnumMap$EnumMapIterator
Event: 13.849 Loading class java/util/EnumMap$EnumMapIterator done
Event: 13.849 Loading class java/util/EnumMap$EntryIterator done
Event: 13.849 Loading class java/util/EnumMap$EntryIterator$Entry
Event: 13.849 Loading class java/util/EnumMap$EntryIterator$Entry done
Event: 14.214 Loading class java/security/CodeSigner
Event: 14.214 Loading class java/security/CodeSigner done
Event: 16.683 Loading class java/util/AbstractList$RandomAccessSubList
Event: 16.683 Loading class java/util/AbstractList$RandomAccessSubList done
Event: 17.848 Loading class java/lang/Byte$ByteCache
Event: 17.848 Loading class java/lang/Byte$ByteCache done
Event: 21.913 Loading class java/lang/Short$ShortCache
Event: 21.913 Loading class java/lang/Short$ShortCache done

Classes unloaded (0 events):
No events

Classes redefined (0 events):
No events

Internal exceptions (20 events):
Event: 12.882 Thread 0x000001c76d94f750 Exception <a 'java/lang/NoSuchMethodError'{0x00000000889f65e8}: 'java.lang.Object java.lang.invoke.Invokers$Holder.invokeExact_MT(java.lang.Object, java.lang.Object, long, java.lang.Object)'> (0x00000000889f65e8) 
thrown [s\open\src\hotspot\share\interpreter\linkResolver.cpp, line 773]
Event: 13.299 Thread 0x000001c76d94f750 Exception <a 'java/lang/NoSuchMethodError'{0x000000008b73ad70}: 'void java.lang.invoke.DirectMethodHandle$Holder.invokeSpecial(java.lang.Object, java.lang.Object, int, java.lang.Object)'> (0x000000008b73ad70) 
thrown [s\open\src\hotspot\share\interpreter\linkResolver.cpp, line 773]
Event: 15.525 Thread 0x000001c76d94f750 Exception <a 'java/lang/NoSuchMethodError'{0x000000008950fbf0}: 'java.lang.Object java.lang.invoke.DirectMethodHandle$Holder.invokeStaticInit(java.lang.Object, java.lang.Object, java.lang.Object, java.lang.Object)'> (0x000000008950fbf0) 
thrown [s\open\src\hotspot\share\interpreter\linkResolver.cpp, line 773]
Event: 16.002 Thread 0x000001c76d94f750 Exception <a 'java/lang/IncompatibleClassChangeError'{0x00000000890b2800}: Found class java.lang.Object, but interface was expected> (0x00000000890b2800) 
thrown [s\open\src\hotspot\share\interpreter\linkResolver.cpp, line 840]
Event: 16.342 Thread 0x000001c76d94f750 Exception <a 'java/lang/NoSuchMethodError'{0x000000008baa6c38}: 'java.lang.Object java.lang.invoke.DirectMethodHandle$Holder.newInvokeSpecial(java.lang.Object, int, java.lang.Object)'> (0x000000008baa6c38) 
thrown [s\open\src\hotspot\share\interpreter\linkResolver.cpp, line 773]
Event: 16.720 Thread 0x000001c76d94f750 Exception <a 'java/lang/NoSuchMethodError'{0x000000008a18dd58}: 'java.lang.Object java.lang.invoke.DirectMethodHandle$Holder.newInvokeSpecial(java.lang.Object, java.lang.Object, java.lang.Object, java.lang.Object, int, java.lang.Object, java.lang.Object)'> (0x000000008a18dd58) 
thrown [s\open\src\hotspot\share\interpreter\linkResolver.cpp, line 773]
Event: 16.720 Thread 0x000001c76d94f750 Exception <a 'java/lang/NoSuchMethodError'{0x000000008a1960f8}: 'java.lang.Object java.lang.invoke.Invokers$Holder.linkToTargetMethod(java.lang.Object, java.lang.Object, java.lang.Object, int, java.lang.Object, java.lang.Object, java.lang.Object)'> (0x000000008a1960f8) 
thrown [s\open\src\hotspot\share\interpreter\linkResolver.cpp, line 773]
Event: 16.930 Thread 0x000001c76d94f750 Exception <a 'java/lang/NoSuchMethodError'{0x000000008a4a7860}: 'java.lang.Object java.lang.invoke.DirectMethodHandle$Holder.invokeSpecial(java.lang.Object, java.lang.Object, int, java.lang.Object, java.lang.Object)'> (0x000000008a4a7860) 
thrown [s\open\src\hotspot\share\interpreter\linkResolver.cpp, line 773]
Event: 17.799 Thread 0x000001c76d94f750 Exception <a 'java/lang/NoSuchMethodError'{0x000000008bc11d60}: 'java.lang.Object java.lang.invoke.DirectMethodHandle$Holder.newInvokeSpecial(java.lang.Object, java.lang.Object, java.lang.Object, java.lang.Object, java.lang.Object, int)'> (0x000000008bc11d60) 
thrown [s\open\src\hotspot\share\interpreter\linkResolver.cpp, line 773]
Event: 17.800 Thread 0x000001c76d94f750 Exception <a 'java/lang/NoSuchMethodError'{0x000000008bc17218}: 'java.lang.Object java.lang.invoke.DirectMethodHandle$Holder.invokeSpecial(java.lang.Object, java.lang.Object, java.lang.Object, java.lang.Object, java.lang.Object, java.lang.Object, int)'> (0x000000008bc17218) 
thrown [s\open\src\hotspot\share\interpreter\linkResolver.cpp, line 773]
Event: 17.800 Thread 0x000001c76d94f750 Exception <a 'java/lang/NoSuchMethodError'{0x000000008bc1c070}: 'java.lang.Object java.lang.invoke.Invokers$Holder.linkToTargetMethod(java.lang.Object, java.lang.Object, java.lang.Object, java.lang.Object, int, java.lang.Object)'> (0x000000008bc1c070) 
thrown [s\open\src\hotspot\share\interpreter\linkResolver.cpp, line 773]
Event: 18.172 Thread 0x000001c76d94f750 Exception <a 'java/lang/NoSuchMethodError'{0x000000008b7a7310}: 'java.lang.Object java.lang.invoke.DirectMethodHandle$Holder.newInvokeSpecial(java.lang.Object, java.lang.Object, java.lang.Object, java.lang.Object, java.lang.Object, java.lang.Object, java.lang.Object, java.lang.Object, java.lang.Object)'> (0x000000008b7a7310) 
thrown [s\open\src\hotspot\share\interpreter\linkResolver.cpp, line 773]
Event: 18.314 Thread 0x000001c76d94f750 Exception <a 'java/lang/NoSuchMethodError'{0x000000008b6f4558}: 'java.lang.Object java.lang.invoke.DirectMethodHandle$Holder.invokeStatic(java.lang.Object, int, java.lang.Object, java.lang.Object)'> (0x000000008b6f4558) 
thrown [s\open\src\hotspot\share\interpreter\linkResolver.cpp, line 773]
Event: 18.893 Thread 0x000001c76d94f750 Exception <a 'java/lang/NoSuchMethodError'{0x000000008ae8a780}: 'java.lang.Object java.lang.invoke.DirectMethodHandle$Holder.newInvokeSpecial(java.lang.Object, int, java.lang.Object, java.lang.Object, java.lang.Object)'> (0x000000008ae8a780) 
thrown [s\open\src\hotspot\share\interpreter\linkResolver.cpp, line 773]
Event: 18.896 Thread 0x000001c76d94f750 Exception <a 'java/lang/NoSuchMethodError'{0x000000008ae920c0}: 'java.lang.Object java.lang.invoke.Invokers$Holder.linkToTargetMethod(int, java.lang.Object, java.lang.Object, java.lang.Object, java.lang.Object)'> (0x000000008ae920c0) 
thrown [s\open\src\hotspot\share\interpreter\linkResolver.cpp, line 773]
Event: 19.221 Thread 0x000001c76d94f750 Exception <a 'java/lang/NoSuchMethodError'{0x000000008a99ea48}: 'java.lang.Object java.lang.invoke.DirectMethodHandle$Holder.newInvokeSpecial(java.lang.Object, java.lang.Object, java.lang.Object, java.lang.Object, java.lang.Object, java.lang.Object, int)'> (0x000000008a99ea48) 
thrown [s\open\src\hotspot\share\interpreter\linkResolver.cpp, line 773]
Event: 19.221 Thread 0x000001c76d94f750 Exception <a 'java/lang/NoSuchMethodError'{0x000000008a9a3818}: 'java.lang.Object java.lang.invoke.DirectMethodHandle$Holder.invokeSpecial(java.lang.Object, java.lang.Object, java.lang.Object, java.lang.Object, java.lang.Object, java.lang.Object, java.lang.Object, int)'> (0x000000008a9a3818) 
thrown [s\open\src\hotspot\share\interpreter\linkResolver.cpp, line 773]
Event: 19.222 Thread 0x000001c76d94f750 Exception <a 'java/lang/NoSuchMethodError'{0x000000008a9a81d8}: 'java.lang.Object java.lang.invoke.Invokers$Holder.linkToTargetMethod(java.lang.Object, java.lang.Object, java.lang.Object, java.lang.Object, java.lang.Object, int, java.lang.Object)'> (0x000000008a9a81d8) 
thrown [s\open\src\hotspot\share\interpreter\linkResolver.cpp, line 773]
Event: 19.601 Thread 0x000001c76d94f750 Exception <a 'java/lang/NoSuchMethodError'{0x000000008a2836b0}: 'java.lang.Object java.lang.invoke.DirectMethodHandle$Holder.invokeStatic(java.lang.Object, java.lang.Object, java.lang.Object, int, java.lang.Object, java.lang.Object)'> (0x000000008a2836b0) 
thrown [s\open\src\hotspot\share\interpreter\linkResolver.cpp, line 773]
Event: 20.594 Thread 0x000001c76d94f750 Exception <a 'java/lang/NoSuchMethodError'{0x000000008b558240}: 'java.lang.Object java.lang.invoke.DirectMethodHandle$Holder.invokeStatic(java.lang.Object, int, java.lang.Object)'> (0x000000008b558240) 
thrown [s\open\src\hotspot\share\interpreter\linkResolver.cpp, line 773]

ZGC Phase Switch (0 events):
No events

VM Operations (20 events):
Event: 21.670 Executing VM operation: G1CollectForAllocation (G1 Evacuation Pause) done
Event: 22.674 Executing VM operation: ICBufferFull
Event: 22.674 Executing VM operation: ICBufferFull done
Event: 22.817 Executing VM operation: HandshakeAllThreads (Deoptimize)
Event: 22.817 Executing VM operation: HandshakeAllThreads (Deoptimize) done
Event: 22.823 Executing VM operation: HandshakeAllThreads (Deoptimize)
Event: 22.823 Executing VM operation: HandshakeAllThreads (Deoptimize) done
Event: 22.827 Executing VM operation: HandshakeAllThreads (Deoptimize)
Event: 22.827 Executing VM operation: HandshakeAllThreads (Deoptimize) done
Event: 22.907 Executing VM operation: ICBufferFull
Event: 22.908 Executing VM operation: ICBufferFull done
Event: 23.061 Executing VM operation: HandshakeAllThreads (Deoptimize)
Event: 23.062 Executing VM operation: HandshakeAllThreads (Deoptimize) done
Event: 23.065 Executing VM operation: HandshakeAllThreads (Deoptimize)
Event: 23.066 Executing VM operation: HandshakeAllThreads (Deoptimize) done
Event: 23.296 Executing VM operation: ICBufferFull
Event: 23.297 Executing VM operation: ICBufferFull done
Event: 23.298 Executing VM operation: G1CollectForAllocation (G1 Evacuation Pause)
Event: 23.317 Executing VM operation: G1CollectForAllocation (G1 Evacuation Pause) done
Event: 23.440 Executing VM operation: G1PauseRemark

Events (20 events):
Event: 23.456 Thread 0x000001c77d393860 flushing nmethod 0x000001c700878e90
Event: 23.456 Thread 0x000001c77d393860 flushing nmethod 0x000001c700879f90
Event: 23.456 Thread 0x000001c77d393860 flushing nmethod 0x000001c70088ed10
Event: 23.456 Thread 0x000001c77d393860 flushing nmethod 0x000001c7008aa490
Event: 23.456 Thread 0x000001c77d393860 flushing nmethod 0x000001c70090f990
Event: 23.456 Thread 0x000001c77d393860 flushing nmethod 0x000001c700912d90
Event: 23.456 Thread 0x000001c77d393860 flushing nmethod 0x000001c700918a10
Event: 23.456 Thread 0x000001c77d393860 flushing nmethod 0x000001c70091b790
Event: 23.456 Thread 0x000001c77d393860 flushing nmethod 0x000001c70091e190
Event: 23.456 Thread 0x000001c77d393860 flushing nmethod 0x000001c70091f110
Event: 23.456 Thread 0x000001c77d393860 flushing nmethod 0x000001c700954c10
Event: 23.456 Thread 0x000001c77d393860 flushing nmethod 0x000001c700955290
Event: 23.456 Thread 0x000001c77d393860 flushing nmethod 0x000001c70098ed90
Event: 23.456 Thread 0x000001c77d393860 flushing nmethod 0x000001c7009b3110
Event: 23.456 Thread 0x000001c77d393860 flushing nmethod 0x000001c7009ff090
Event: 23.456 Thread 0x000001c77d393860 flushing nmethod 0x000001c700a3ef10
Event: 23.456 Thread 0x000001c77d393860 flushing nmethod 0x000001c700aad710
Event: 23.456 Thread 0x000001c77d393860 flushing nmethod 0x000001c700c34910
Event: 23.456 Thread 0x000001c77d393860 flushing nmethod 0x000001c700cc4590
Event: 23.456 Thread 0x000001c77d393860 flushing nmethod 0x000001c700cc6c90


Dynamic libraries:
0x00007ff6186a0000 - 0x00007ff6186b0000 	C:\Program Files\Java\jdk-21\bin\java.exe
0x00007ffefdb00000 - 0x00007ffefdd65000 	C:\WINDOWS\SYSTEM32\ntdll.dll
0x00007ffefcd80000 - 0x00007ffefce49000 	C:\WINDOWS\System32\KERNEL32.DLL
0x00007ffefac50000 - 0x00007ffefb038000 	C:\WINDOWS\System32\KERNELBASE.dll
0x00007ffefb6b0000 - 0x00007ffefb7fb000 	C:\WINDOWS\System32\ucrtbase.dll
0x00007ffee7100000 - 0x00007ffee7119000 	C:\Program Files\Java\jdk-21\bin\jli.dll
0x00007ffefbd70000 - 0x00007ffefbe23000 	C:\WINDOWS\System32\ADVAPI32.dll
0x00007ffee70e0000 - 0x00007ffee70fb000 	C:\Program Files\Java\jdk-21\bin\VCRUNTIME140.dll
0x00007ffefc340000 - 0x00007ffefc3e9000 	C:\WINDOWS\System32\msvcrt.dll
0x00007ffefba90000 - 0x00007ffefbb36000 	C:\WINDOWS\System32\sechost.dll
0x00007ffefbe90000 - 0x00007ffefbfa5000 	C:\WINDOWS\System32\RPCRT4.dll
0x00007ffefbba0000 - 0x00007ffefbd6a000 	C:\WINDOWS\System32\USER32.dll
0x00007ffefb680000 - 0x00007ffefb6a7000 	C:\WINDOWS\System32\win32u.dll
0x00007ffefd850000 - 0x00007ffefd87b000 	C:\WINDOWS\System32\GDI32.dll
0x00007ffefb300000 - 0x00007ffefb437000 	C:\WINDOWS\System32\gdi32full.dll
0x00007ffefb0d0000 - 0x00007ffefb173000 	C:\WINDOWS\System32\msvcp_win.dll
0x00007ffed8550000 - 0x00007ffed87ea000 	C:\WINDOWS\WinSxS\amd64_microsoft.windows.common-controls_6595b64144ccf1df_6.0.26100.4202_none_3e0698d4e335f517\COMCTL32.dll
0x00007ffee9040000 - 0x00007ffee904b000 	C:\WINDOWS\SYSTEM32\VERSION.dll
0x00007ffefbe30000 - 0x00007ffefbe60000 	C:\WINDOWS\System32\IMM32.DLL
0x00007ffee70d0000 - 0x00007ffee70dc000 	C:\Program Files\Java\jdk-21\bin\vcruntime140_1.dll
0x00007ffee6ff0000 - 0x00007ffee707e000 	C:\Program Files\Java\jdk-21\bin\msvcp140.dll
0x00007ffe438d0000 - 0x00007ffe445e8000 	C:\Program Files\Java\jdk-21\bin\server\jvm.dll
0x00007ffefcd00000 - 0x00007ffefcd74000 	C:\WINDOWS\System32\WS2_32.dll
0x00007ffefaaa0000 - 0x00007ffefaafe000 	C:\WINDOWS\SYSTEM32\POWRPROF.dll
0x00007ffeedd10000 - 0x00007ffeedd45000 	C:\WINDOWS\SYSTEM32\WINMM.dll
0x00007ffefaa80000 - 0x00007ffefaa94000 	C:\WINDOWS\SYSTEM32\UMPDC.dll
0x00007ffef9a10000 - 0x00007ffef9a2b000 	C:\WINDOWS\SYSTEM32\kernel.appcore.dll
0x00007ffedd580000 - 0x00007ffedd58a000 	C:\Program Files\Java\jdk-21\bin\jimage.dll
0x00007ffef83c0000 - 0x00007ffef8601000 	C:\WINDOWS\SYSTEM32\DBGHELP.DLL
0x00007ffefbfb0000 - 0x00007ffefc335000 	C:\WINDOWS\System32\combase.dll
0x00007ffefd9d0000 - 0x00007ffefdab1000 	C:\WINDOWS\System32\OLEAUT32.dll
0x00007ffedbaa0000 - 0x00007ffedbad9000 	C:\WINDOWS\SYSTEM32\dbgcore.DLL
0x00007ffefb800000 - 0x00007ffefb899000 	C:\WINDOWS\System32\bcryptPrimitives.dll
0x00007ffed0c40000 - 0x00007ffed0c5f000 	C:\Program Files\Java\jdk-21\bin\java.dll
0x00007ffefc3f0000 - 0x00007ffefcb32000 	C:\WINDOWS\System32\SHELL32.dll
0x00007ffefb180000 - 0x00007ffefb2f4000 	C:\WINDOWS\System32\wintypes.dll
0x00007ffef8880000 - 0x00007ffef90d8000 	C:\WINDOWS\SYSTEM32\windows.storage.dll
0x00007ffefd720000 - 0x00007ffefd811000 	C:\WINDOWS\System32\SHCORE.dll
0x00007ffefce50000 - 0x00007ffefceba000 	C:\WINDOWS\System32\shlwapi.dll
0x00007ffefab60000 - 0x00007ffefab8f000 	C:\WINDOWS\SYSTEM32\profapi.dll
0x00007ffe9f2b0000 - 0x00007ffe9f387000 	C:\Program Files\Java\jdk-21\bin\jsvml.dll
0x00007ffedd570000 - 0x00007ffedd580000 	C:\Program Files\Java\jdk-21\bin\net.dll
0x00007ffef1150000 - 0x00007ffef126e000 	C:\WINDOWS\SYSTEM32\WINHTTP.dll
0x00007ffef9f80000 - 0x00007ffef9fea000 	C:\WINDOWS\system32\mswsock.dll
0x00007ffed0b10000 - 0x00007ffed0b26000 	C:\Program Files\Java\jdk-21\bin\nio.dll
0x00007ffed0270000 - 0x00007ffed0288000 	C:\Program Files\Java\jdk-21\bin\zip.dll
0x00007ffedca10000 - 0x00007ffedca20000 	C:\Program Files\Java\jdk-21\bin\verify.dll

dbghelp: loaded successfully - version: 4.0.5 - missing functions: none
symbol engine: initialized successfully - sym options: 0x614 - pdb path: .;C:\Program Files\Java\jdk-21\bin;C:\WINDOWS\SYSTEM32;C:\WINDOWS\WinSxS\amd64_microsoft.windows.common-controls_6595b64144ccf1df_6.0.26100.4202_none_3e0698d4e335f517;C:\Program Files\Java\jdk-21\bin\server

VM Arguments:
java_command: org.jetbrains.kotlin.cli.jvm.K2JVMCompiler @C:\Users\juanc\Desktop\AwesomeProject\node_modules\react-native-gesture-handler\android\build\20250704_6862111946042463045.compiler.options
java_class_path (initial): C:\Users\juanc\.gradle\caches\modules-2\files-2.1\org.jetbrains.kotlin\kotlin-compiler-embeddable\2.1.20\4ef56b3316798316bfac7a0ae443391c9e900ea1\kotlin-compiler-embeddable-2.1.20.jar;C:\Users\juanc\.gradle\caches\modules-2\files-2.1\org.jetbrains.kotlin\kotlin-stdlib\2.1.20\aa8ca79cd50578314f6d1180c47cbe14c0fee567\kotlin-stdlib-2.1.20.jar;C:\Users\juanc\.gradle\caches\modules-2\files-2.1\org.jetbrains.kotlin\kotlin-script-runtime\2.1.20\f7c623d7f7bdb01f5ccd6b437bc0a937fcd7c57e\kotlin-script-runtime-2.1.20.jar;C:\Users\juanc\.gradle\caches\modules-2\files-2.1\org.jetbrains.kotlin\kotlin-reflect\1.6.10\1cbe9c92c12a94eea200d23c2bbaedaf3daf5132\kotlin-reflect-1.6.10.jar;C:\Users\juanc\.gradle\caches\modules-2\files-2.1\org.jetbrains.kotlin\kotlin-daemon-embeddable\2.1.20\95670fce77befd02a70a0bc3abe8ee4533521334\kotlin-daemon-embeddable-2.1.20.jar;C:\Users\juanc\.gradle\caches\modules-2\files-2.1\org.jetbrains.intellij.deps\trove4j\1.0.20200330\3afb14d5f9ceb459d724e907a21145e8ff394f02\trove4j-1.0.20200330.jar;C:\Users\juanc\.gradle\caches\modules-2\files-2.1\org.jetbrains.kotlinx\kotlinx-coroutines-core-jvm\1.8.0\ac1dc37a30a93150b704022f8d895ee1bd3a36b3\kotlinx-coroutines-core-jvm-1.8.0.jar;C:\Users\juanc\.gradle\caches\modules-2\files-2.1\org.jetbrains\annotations\13.0\919f0dfe192fb4e063e7dacadee7f8bb9a2672a9\annotations-13.0.jar
Launcher Type: SUN_STANDARD

[Global flags]
     intx CICompilerCount                          = 4                                         {product} {ergonomic}
     uint ConcGCThreads                            = 2                                         {product} {ergonomic}
     uint G1ConcRefinementThreads                  = 8                                         {product} {ergonomic}
   size_t G1HeapRegionSize                         = 1048576                                   {product} {ergonomic}
    uintx GCDrainStackTargetSize                   = 64                                        {product} {ergonomic}
   size_t InitialHeapSize                          = 130023424                                 {product} {ergonomic}
   size_t MarkStackSize                            = 4194304                                   {product} {ergonomic}
   size_t MaxHeapSize                              = 2055208960                                {product} {ergonomic}
   size_t MaxNewSize                               = 1233125376                                {product} {ergonomic}
   size_t MinHeapDeltaBytes                        = 1048576                                   {product} {ergonomic}
   size_t MinHeapSize                              = 8388608                                   {product} {ergonomic}
    uintx NonNMethodCodeHeapSize                   = 5839372                                {pd product} {ergonomic}
    uintx NonProfiledCodeHeapSize                  = 122909434                              {pd product} {ergonomic}
    uintx ProfiledCodeHeapSize                     = 122909434                              {pd product} {ergonomic}
    uintx ReservedCodeCacheSize                    = 251658240                              {pd product} {ergonomic}
     bool SegmentedCodeCache                       = true                                      {product} {ergonomic}
   size_t SoftMaxHeapSize                          = 2055208960                             {manageable} {ergonomic}
     bool UseCompressedOops                        = true                           {product lp64_product} {ergonomic}
     bool UseG1GC                                  = true                                      {product} {ergonomic}
     bool UseLargePagesIndividualAllocation        = false                                  {pd product} {ergonomic}

Logging:
Log output configuration:
 #0: stdout all=warning uptime,level,tags foldmultilines=false
 #1: stderr all=off uptime,level,tags foldmultilines=false

Environment Variables:
JAVA_HOME=C:\Program Files\Java\jdk-21
PATH=C:\Users\juanc\Desktop\AwesomeProject\node_modules\.bin;C:\Users\juanc\Desktop\AwesomeProject\node_modules\.bin;C:\Users\juanc\Desktop\node_modules\.bin;C:\Users\juanc\node_modules\.bin;C:\Users\node_modules\.bin;C:\node_modules\.bin;C:\Users\juanc\AppData\Roaming\npm\node_modules\npm\node_modules\@npmcli\run-script\lib\node-gyp-bin;C:\Program Files\Common Files\Oracle\Java\javapath;C:\Windows\System32\;C:\Windows\;C:\Windows\System32\Wbem\;C:\Windows\System32\WindowsPowerShell\v1.0\;C:\Program Files\nodejs;C:\Users\juanc\AppData\Local\Programs\Python\Python311\;C:\Users\juanc\AppData\Local\Programs\Python\Python311\Scripts\;C:\Program Files\Java\jdk-17\bin;C:\Program Files\PostgreSQL\17\bin;C:\Program Files\Git\bin;C:\Users\juanc\AppData\Roaming\npm;C:\Program Files\Amazon\AWSCLIV2\;C:\Users\juanc\Downloads\ngrok;C:\Program Files\Docker\Docker\resources\bin;C:\Users\juanc\AppData\Local\Android\Sdk\platform-tools;%ANDROID_HOME%\emulator;;C:\WINDOWS\system32;C:\WINDOWS;C:\WINDOWS\System32\Wbem;C:\WINDOWS\System32\WindowsPowerShell\v1.0\;C:\WINDOWS\System32\OpenSSH\;C:\Ruby34-x64\bin;C:\Users\juanc\AppData\Local\Android\Sdk\tools;C:\Users\juanc\AppData\Local\jdk-11.0.2\bin;;C:\Users\juanc\AppData\Local\Programs\Microsoft VS Code\bin;C:\Users\juanc\AppData\Local\Microsoft\WindowsApps
USERNAME=juanc
OS=Windows_NT
PROCESSOR_IDENTIFIER=Intel64 Family 6 Model 140 Stepping 1, GenuineIntel
TMP=C:\Users\juanc\AppData\Local\Temp
TEMP=C:\Users\juanc\AppData\Local\Temp




Periodic native trim disabled

---------------  S Y S T E M  ---------------

OS:
 Windows 11 , 64 bit Build 26100 (10.0.26100.4202)
OS uptime: 0 days 1:44 hours
Hyper-V role detected

CPU: total 8 (initial active 8) (4 cores per cpu, 2 threads per core) family 6 model 140 stepping 1 microcode 0xb4, cx8, cmov, fxsr, ht, mmx, 3dnowpref, sse, sse2, sse3, ssse3, sse4.1, sse4.2, popcnt, lzcnt, tsc, tscinvbit, avx, avx2, aes, erms, clmul, bmi1, bmi2, adx, avx512f, avx512dq, avx512cd, avx512bw, avx512vl, sha, fma, vzeroupper, avx512_vpopcntdq, avx512_vpclmulqdq, avx512_vaes, avx512_vnni, clflush, clflushopt, clwb, avx512_vbmi2, avx512_vbmi, hv, rdtscp, rdpid, fsrm, gfni, avx512_bitalg, f16c, cet_ibt, cet_ss, avx512_ifma
Processor Information for processor 0
  Max Mhz: 2401, Current Mhz: 1100, Mhz Limit: 2376
Processor Information for processor 1
  Max Mhz: 2401, Current Mhz: 2400, Mhz Limit: 2376
Processor Information for processor 2
  Max Mhz: 2401, Current Mhz: 1100, Mhz Limit: 2376
Processor Information for processor 3
  Max Mhz: 2401, Current Mhz: 1100, Mhz Limit: 2376
Processor Information for processor 4
  Max Mhz: 2401, Current Mhz: 1100, Mhz Limit: 2376
Processor Information for processor 5
  Max Mhz: 2401, Current Mhz: 1100, Mhz Limit: 2376
Processor Information for processor 6
  Max Mhz: 2401, Current Mhz: 2400, Mhz Limit: 2376
Processor Information for processor 7
  Max Mhz: 2401, Current Mhz: 1100, Mhz Limit: 2376

Memory: 4k page, system-wide physical 7834M (637M free)
TotalPageFile size 31386M (AvailPageFile size 0M)
current process WorkingSet (physical memory assigned to process): 269M, peak: 274M
current process commit charge ("private bytes"): 325M, peak: 337M

vm_info: Java HotSpot(TM) 64-Bit Server VM (21.0.5+9-LTS-239) for windows-amd64 JRE (21.0.5+9-LTS-239), built on 2024-09-30T05:17:38Z by "mach5one" with MS VC++ 17.6 (VS2022)

END.
