#
# There is insufficient memory for the Java Runtime Environment to continue.
# Native memory allocation (malloc) failed to allocate 103152 bytes for Chunk::new
# Possible reasons:
#   The system is out of physical RAM or swap space
#   The process is running with CompressedOops enabled, and the Java Heap may be blocking the growth of the native heap
# Possible solutions:
#   Reduce memory load on the system
#   Increase physical memory or swap space
#   Check if swap backing store is full
#   Decrease Java heap size (-Xmx/-Xms)
#   Decrease number of Java threads
#   Decrease Java thread stack sizes (-Xss)
#   Set larger code cache with -XX:ReservedCodeCacheSize=
#   JVM is running with Unscaled Compressed Oops mode in which the Java heap is
#     placed in the first 4GB address space. The Java Heap base address is the
#     maximum limit for the native heap growth. Please use -XX:HeapBaseMinAddress
#     to set the Java Heap base and to place the Java Heap above 4GB virtual address.
# This output file may be truncated or incomplete.
#
#  Out of Memory Error (arena.cpp:168), pid=8736, tid=6792
#
# JRE version: Java(TM) SE Runtime Environment (21.0.5+9) (build 21.0.5+9-LTS-239)
# Java VM: Java HotSpot(TM) 64-Bit Server VM (21.0.5+9-LTS-239, mixed mode, sharing, tiered, compressed oops, compressed class ptrs, g1 gc, windows-amd64)
# No core dump will be written. Minidumps are not enabled by default on client versions of Windows
#

---------------  S U M M A R Y ------------

Command Line: org.jetbrains.kotlin.cli.jvm.K2JVMCompiler @C:\Users\juanc\Desktop\AwesomeProject\node_modules\react-native-video\android\buildOutput_a15d4dee7fc4eda61b91308cbb6a2e72\20250704_14116475854151927752.compiler.options

Host: 11th Gen Intel(R) Core(TM) i5-1135G7 @ 2.40GHz, 8 cores, 7G,  Windows 11 , 64 bit Build 26100 (10.0.26100.4202)
Time: Fri Jul  4 10:47:02 2025 Argentina Standard Time elapsed time: 24.356898 seconds (0d 0h 0m 24s)

---------------  T H R E A D  ---------------

Current thread (0x000001bb0bd91170):  JavaThread "C2 CompilerThread1" daemon [_thread_in_native, id=6792, stack(0x0000003024000000,0x0000003024100000) (1024K)]


Current CompileTask:
C2:  24356 13495       4       kotlin.collections.ReversedList$listIterator$1::<init> (31 bytes)

Stack: [0x0000003024000000,0x0000003024100000]
Native frames: (J=compiled Java code, j=interpreted, Vv=VM code, C=native code)
V  [jvm.dll+0x6ca289]
V  [jvm.dll+0x854a51]
V  [jvm.dll+0x856f7e]
V  [jvm.dll+0x857653]
V  [jvm.dll+0x27dd26]
V  [jvm.dll+0xc4c2d]
V  [jvm.dll+0xc5163]
V  [jvm.dll+0x3b4d3c]
V  [jvm.dll+0x3814b5]
V  [jvm.dll+0x38092a]
V  [jvm.dll+0x246910]
V  [jvm.dll+0x245eef]
V  [jvm.dll+0x1c6d0e]
V  [jvm.dll+0x2554d9]
V  [jvm.dll+0x253a6a]
V  [jvm.dll+0x3ee136]
V  [jvm.dll+0x7fee9b]
V  [jvm.dll+0x6c896d]
C  [ucrtbase.dll+0x37b0]
C  [KERNEL32.DLL+0x2e8d7]
C  [ntdll.dll+0x3c34c]


---------------  P R O C E S S  ---------------

Threads class SMR info:
_java_thread_list=0x000001bb09a143b0, length=12, elements={
0x000001baa453f740, 0x000001bac2f6e6d0, 0x000001bac2f6fb40, 0x000001bac2f79b80,
0x000001bac2f7a2d0, 0x000001bac2f7b740, 0x000001bac2f88d00, 0x000001bac2f8f2d0,
0x000001bac2f8faa0, 0x000001bb0820f1e0, 0x000001bb0821fa30, 0x000001bb0bd91170
}

Java Threads: ( => current thread )
  0x000001baa453f740 JavaThread "main"                              [_thread_in_vm, id=8944, stack(0x0000003022e00000,0x0000003022f00000) (1024K)]
  0x000001bac2f6e6d0 JavaThread "Reference Handler"          daemon [_thread_blocked, id=11036, stack(0x0000003023600000,0x0000003023700000) (1024K)]
  0x000001bac2f6fb40 JavaThread "Finalizer"                  daemon [_thread_blocked, id=17936, stack(0x0000003023700000,0x0000003023800000) (1024K)]
  0x000001bac2f79b80 JavaThread "Signal Dispatcher"          daemon [_thread_blocked, id=10100, stack(0x0000003023800000,0x0000003023900000) (1024K)]
  0x000001bac2f7a2d0 JavaThread "Attach Listener"            daemon [_thread_blocked, id=17340, stack(0x0000003023900000,0x0000003023a00000) (1024K)]
  0x000001bac2f7b740 JavaThread "Service Thread"             daemon [_thread_blocked, id=8176, stack(0x0000003023a00000,0x0000003023b00000) (1024K)]
  0x000001bac2f88d00 JavaThread "Monitor Deflation Thread"   daemon [_thread_blocked, id=15560, stack(0x0000003023b00000,0x0000003023c00000) (1024K)]
  0x000001bac2f8f2d0 JavaThread "C2 CompilerThread0"         daemon [_thread_in_native, id=14648, stack(0x0000003023c00000,0x0000003023d00000) (1024K)]
  0x000001bac2f8faa0 JavaThread "C1 CompilerThread0"         daemon [_thread_blocked, id=18252, stack(0x0000003023d00000,0x0000003023e00000) (1024K)]
  0x000001bb0820f1e0 JavaThread "Notification Thread"        daemon [_thread_blocked, id=10556, stack(0x0000003023e00000,0x0000003023f00000) (1024K)]
  0x000001bb0821fa30 JavaThread "Common-Cleaner"             daemon [_thread_blocked, id=18072, stack(0x0000003023f00000,0x0000003024000000) (1024K)]
=>0x000001bb0bd91170 JavaThread "C2 CompilerThread1"         daemon [_thread_in_native, id=6792, stack(0x0000003024000000,0x0000003024100000) (1024K)]
Total: 12

Other Threads:
  0x000001bac2f56960 VMThread "VM Thread"                           [id=14072, stack(0x0000003023500000,0x0000003023600000) (1024K)]
  0x000001bac2f45db0 WatcherThread "VM Periodic Task Thread"        [id=4788, stack(0x0000003023400000,0x0000003023500000) (1024K)]
  0x000001baa677e8e0 WorkerThread "GC Thread#0"                     [id=15972, stack(0x0000003022f00000,0x0000003023000000) (1024K)]
  0x000001bb0888bd70 WorkerThread "GC Thread#1"                     [id=12588, stack(0x0000003024200000,0x0000003024300000) (1024K)]
  0x000001bb0887b590 WorkerThread "GC Thread#2"                     [id=10268, stack(0x0000003024300000,0x0000003024400000) (1024K)]
  0x000001bb0879c4e0 WorkerThread "GC Thread#3"                     [id=18032, stack(0x0000003024400000,0x0000003024500000) (1024K)]
  0x000001bb0879c880 WorkerThread "GC Thread#4"                     [id=376, stack(0x0000003024500000,0x0000003024600000) (1024K)]
  0x000001bb0879cc20 WorkerThread "GC Thread#5"                     [id=18472, stack(0x0000003024600000,0x0000003024700000) (1024K)]
  0x000001bb09699a50 WorkerThread "GC Thread#6"                     [id=8456, stack(0x0000003024700000,0x0000003024800000) (1024K)]
  0x000001bb09590cc0 WorkerThread "GC Thread#7"                     [id=8932, stack(0x0000003024800000,0x0000003024900000) (1024K)]
  0x000001baa6790c50 ConcurrentGCThread "G1 Main Marker"            [id=19008, stack(0x0000003023000000,0x0000003023100000) (1024K)]
  0x000001baa6791750 WorkerThread "G1 Conc#0"                       [id=16048, stack(0x0000003023100000,0x0000003023200000) (1024K)]
  0x000001bb08d3ac40 WorkerThread "G1 Conc#1"                       [id=4364, stack(0x0000003024100000,0x0000003024200000) (1024K)]
  0x000001baa67ee5f0 ConcurrentGCThread "G1 Refine#0"               [id=17636, stack(0x0000003023200000,0x0000003023300000) (1024K)]
  0x000001baa67eeb10 ConcurrentGCThread "G1 Service"                [id=1996, stack(0x0000003023300000,0x0000003023400000) (1024K)]
Total: 15

Threads with active compile tasks:
C2 CompilerThread0    24373 13448       4       org.jetbrains.kotlin.fir.backend.Fir2IrTypeConverter::toIrType (1744 bytes)
C2 CompilerThread1    24373 13495       4       kotlin.collections.ReversedList$listIterator$1::<init> (31 bytes)
Total: 2

VM state: not at safepoint (normal execution)

VM Mutex/Monitor currently owned by a thread: None

Heap address: 0x0000000085800000, size: 1960 MB, Compressed Oops mode: 32-bit

CDS archive(s) mapped at: [0x000001bac3000000-0x000001bac3c90000-0x000001bac3c90000), size 13172736, SharedBaseAddress: 0x000001bac3000000, ArchiveRelocationMode: 1.
Compressed class space mapped at: 0x000001bac4000000-0x000001bb04000000, reserved size: 1073741824
Narrow klass base: 0x000001bac3000000, Narrow klass shift: 0, Narrow klass range: 0x100000000

GC Precious Log:
 CardTable entry size: 512
 Card Set container configuration: InlinePtr #cards 5 size 8 Array Of Cards #cards 12 size 40 Howl #buckets 4 coarsen threshold 1843 Howl Bitmap #cards 512 size 80 coarsen threshold 460 Card regions per heap region 1 cards per card region 2048
 CPUs: 8 total, 8 available
 Memory: 7834M
 Large Page Support: Disabled
 NUMA Support: Disabled
 Compressed Oops: Enabled (32-bit)
 Heap Region Size: 1M
 Heap Min Capacity: 8M
 Heap Initial Capacity: 124M
 Heap Max Capacity: 1960M
 Pre-touch: Disabled
 Parallel Workers: 8
 Concurrent Workers: 2
 Concurrent Refinement Workers: 8
 Periodic GC: Disabled

Heap:
 garbage-first heap   total 165888K, used 108159K [0x0000000085800000, 0x0000000100000000)
  region size 1024K, 13 young (13312K), 4 survivors (4096K)
 Metaspace       used 67267K, committed 67584K, reserved 1114112K
  class space    used 7091K, committed 7232K, reserved 1048576K

Heap Regions: E=young(eden), S=young(survivor), O=old, HS=humongous(starts), HC=humongous(continues), CS=collection set, F=free, TAMS=top-at-mark-start, PB=parsable bottom
|   0|0x0000000085800000, 0x0000000085900000, 0x0000000085900000|100%|HS|  |TAMS 0x0000000085800000| PB 0x0000000085800000| Complete 
|   1|0x0000000085900000, 0x0000000085a00000, 0x0000000085a00000|100%|HC|  |TAMS 0x0000000085900000| PB 0x0000000085900000| Complete 
|   2|0x0000000085a00000, 0x0000000085b00000, 0x0000000085b00000|100%|HC|  |TAMS 0x0000000085a00000| PB 0x0000000085a00000| Complete 
|   3|0x0000000085b00000, 0x0000000085c00000, 0x0000000085c00000|100%| O|  |TAMS 0x0000000085b00000| PB 0x0000000085b00000| Untracked 
|   4|0x0000000085c00000, 0x0000000085d00000, 0x0000000085d00000|100%| O|  |TAMS 0x0000000085c00000| PB 0x0000000085c00000| Untracked 
|   5|0x0000000085d00000, 0x0000000085e00000, 0x0000000085e00000|100%| O|  |TAMS 0x0000000085d00000| PB 0x0000000085d00000| Untracked 
|   6|0x0000000085e00000, 0x0000000085f00000, 0x0000000085f00000|100%| O|  |TAMS 0x0000000085e00000| PB 0x0000000085e00000| Untracked 
|   7|0x0000000085f00000, 0x0000000086000000, 0x0000000086000000|100%| O|  |TAMS 0x0000000085f00000| PB 0x0000000085f00000| Untracked 
|   8|0x0000000086000000, 0x0000000086100000, 0x0000000086100000|100%| O|  |TAMS 0x0000000086000000| PB 0x0000000086000000| Untracked 
|   9|0x0000000086100000, 0x0000000086200000, 0x0000000086200000|100%| O|  |TAMS 0x0000000086100000| PB 0x0000000086100000| Untracked 
|  10|0x0000000086200000, 0x0000000086300000, 0x0000000086300000|100%| O|  |TAMS 0x0000000086200000| PB 0x0000000086200000| Untracked 
|  11|0x0000000086300000, 0x0000000086400000, 0x0000000086400000|100%| O|  |TAMS 0x0000000086300000| PB 0x0000000086300000| Untracked 
|  12|0x0000000086400000, 0x0000000086500000, 0x0000000086500000|100%| O|  |TAMS 0x0000000086400000| PB 0x0000000086400000| Untracked 
|  13|0x0000000086500000, 0x0000000086600000, 0x0000000086600000|100%| O|  |TAMS 0x0000000086500000| PB 0x0000000086500000| Untracked 
|  14|0x0000000086600000, 0x0000000086700000, 0x0000000086700000|100%| O|  |TAMS 0x0000000086600000| PB 0x0000000086600000| Untracked 
|  15|0x0000000086700000, 0x0000000086800000, 0x0000000086800000|100%| O|  |TAMS 0x0000000086700000| PB 0x0000000086700000| Untracked 
|  16|0x0000000086800000, 0x0000000086900000, 0x0000000086900000|100%| O|  |TAMS 0x0000000086800000| PB 0x0000000086800000| Untracked 
|  17|0x0000000086900000, 0x0000000086a00000, 0x0000000086a00000|100%| O|  |TAMS 0x0000000086900000| PB 0x0000000086900000| Untracked 
|  18|0x0000000086a00000, 0x0000000086b00000, 0x0000000086b00000|100%| O|  |TAMS 0x0000000086a00000| PB 0x0000000086a00000| Untracked 
|  19|0x0000000086b00000, 0x0000000086c00000, 0x0000000086c00000|100%| O|  |TAMS 0x0000000086b00000| PB 0x0000000086b00000| Untracked 
|  20|0x0000000086c00000, 0x0000000086d00000, 0x0000000086d00000|100%| O|  |TAMS 0x0000000086c00000| PB 0x0000000086c00000| Untracked 
|  21|0x0000000086d00000, 0x0000000086e00000, 0x0000000086e00000|100%| O|  |TAMS 0x0000000086d00000| PB 0x0000000086d00000| Untracked 
|  22|0x0000000086e00000, 0x0000000086f00000, 0x0000000086f00000|100%| O|  |TAMS 0x0000000086e00000| PB 0x0000000086e00000| Untracked 
|  23|0x0000000086f00000, 0x0000000087000000, 0x0000000087000000|100%| O|  |TAMS 0x0000000086f00000| PB 0x0000000086f00000| Untracked 
|  24|0x0000000087000000, 0x0000000087100000, 0x0000000087100000|100%| O|  |TAMS 0x0000000087000000| PB 0x0000000087000000| Untracked 
|  25|0x0000000087100000, 0x0000000087200000, 0x0000000087200000|100%| O|  |TAMS 0x0000000087100000| PB 0x0000000087100000| Untracked 
|  26|0x0000000087200000, 0x0000000087300000, 0x0000000087300000|100%| O|  |TAMS 0x0000000087200000| PB 0x0000000087200000| Untracked 
|  27|0x0000000087300000, 0x0000000087400000, 0x0000000087400000|100%| O|  |TAMS 0x0000000087300000| PB 0x0000000087300000| Untracked 
|  28|0x0000000087400000, 0x0000000087500000, 0x0000000087500000|100%| O|  |TAMS 0x0000000087400000| PB 0x0000000087400000| Untracked 
|  29|0x0000000087500000, 0x0000000087600000, 0x0000000087600000|100%| O|  |TAMS 0x0000000087500000| PB 0x0000000087500000| Untracked 
|  30|0x0000000087600000, 0x0000000087700000, 0x0000000087700000|100%| O|  |TAMS 0x0000000087600000| PB 0x0000000087600000| Untracked 
|  31|0x0000000087700000, 0x0000000087800000, 0x0000000087800000|100%| O|  |TAMS 0x0000000087700000| PB 0x0000000087700000| Untracked 
|  32|0x0000000087800000, 0x0000000087900000, 0x0000000087900000|100%| O|  |TAMS 0x0000000087800000| PB 0x0000000087800000| Untracked 
|  33|0x0000000087900000, 0x0000000087a00000, 0x0000000087a00000|100%| O|  |TAMS 0x0000000087900000| PB 0x0000000087900000| Untracked 
|  34|0x0000000087a00000, 0x0000000087b00000, 0x0000000087b00000|100%| O|  |TAMS 0x0000000087a00000| PB 0x0000000087a00000| Untracked 
|  35|0x0000000087b00000, 0x0000000087c00000, 0x0000000087c00000|100%| O|  |TAMS 0x0000000087b00000| PB 0x0000000087b00000| Untracked 
|  36|0x0000000087c00000, 0x0000000087d00000, 0x0000000087d00000|100%| O|  |TAMS 0x0000000087c00000| PB 0x0000000087c00000| Untracked 
|  37|0x0000000087d00000, 0x0000000087e00000, 0x0000000087e00000|100%| O|  |TAMS 0x0000000087d00000| PB 0x0000000087d00000| Untracked 
|  38|0x0000000087e00000, 0x0000000087f00000, 0x0000000087f00000|100%| O|  |TAMS 0x0000000087e00000| PB 0x0000000087e00000| Untracked 
|  39|0x0000000087f00000, 0x0000000088000000, 0x0000000088000000|100%| O|  |TAMS 0x0000000087f00000| PB 0x0000000087f00000| Untracked 
|  40|0x0000000088000000, 0x0000000088100000, 0x0000000088100000|100%| O|  |TAMS 0x0000000088000000| PB 0x0000000088000000| Untracked 
|  41|0x0000000088100000, 0x0000000088200000, 0x0000000088200000|100%| O|  |TAMS 0x0000000088100000| PB 0x0000000088100000| Untracked 
|  42|0x0000000088200000, 0x0000000088300000, 0x0000000088300000|100%| O|  |TAMS 0x0000000088200000| PB 0x0000000088200000| Untracked 
|  43|0x0000000088300000, 0x0000000088400000, 0x0000000088400000|100%| O|  |TAMS 0x0000000088300000| PB 0x0000000088300000| Untracked 
|  44|0x0000000088400000, 0x0000000088500000, 0x0000000088500000|100%| O|  |TAMS 0x0000000088400000| PB 0x0000000088400000| Untracked 
|  45|0x0000000088500000, 0x0000000088600000, 0x0000000088600000|100%| O|  |TAMS 0x0000000088500000| PB 0x0000000088500000| Untracked 
|  46|0x0000000088600000, 0x0000000088700000, 0x0000000088700000|100%| O|  |TAMS 0x0000000088600000| PB 0x0000000088600000| Untracked 
|  47|0x0000000088700000, 0x0000000088800000, 0x0000000088800000|100%| O|  |TAMS 0x0000000088700000| PB 0x0000000088700000| Untracked 
|  48|0x0000000088800000, 0x0000000088900000, 0x0000000088900000|100%| O|  |TAMS 0x0000000088800000| PB 0x0000000088800000| Untracked 
|  49|0x0000000088900000, 0x0000000088a00000, 0x0000000088a00000|100%| O|  |TAMS 0x0000000088900000| PB 0x0000000088900000| Untracked 
|  50|0x0000000088a00000, 0x0000000088b00000, 0x0000000088b00000|100%| O|  |TAMS 0x0000000088a00000| PB 0x0000000088a00000| Untracked 
|  51|0x0000000088b00000, 0x0000000088c00000, 0x0000000088c00000|100%| O|  |TAMS 0x0000000088b00000| PB 0x0000000088b00000| Untracked 
|  52|0x0000000088c00000, 0x0000000088d00000, 0x0000000088d00000|100%| O|  |TAMS 0x0000000088c00000| PB 0x0000000088c00000| Untracked 
|  53|0x0000000088d00000, 0x0000000088e00000, 0x0000000088e00000|100%| O|  |TAMS 0x0000000088d00000| PB 0x0000000088d00000| Untracked 
|  54|0x0000000088e00000, 0x0000000088f00000, 0x0000000088f00000|100%| O|  |TAMS 0x0000000088e00000| PB 0x0000000088e00000| Untracked 
|  55|0x0000000088f00000, 0x0000000089000000, 0x0000000089000000|100%| O|  |TAMS 0x0000000088f00000| PB 0x0000000088f00000| Untracked 
|  56|0x0000000089000000, 0x0000000089100000, 0x0000000089100000|100%| O|  |TAMS 0x0000000089000000| PB 0x0000000089000000| Untracked 
|  57|0x0000000089100000, 0x0000000089200000, 0x0000000089200000|100%| O|  |TAMS 0x0000000089100000| PB 0x0000000089100000| Untracked 
|  58|0x0000000089200000, 0x0000000089300000, 0x0000000089300000|100%| O|  |TAMS 0x0000000089200000| PB 0x0000000089200000| Untracked 
|  59|0x0000000089300000, 0x0000000089400000, 0x0000000089400000|100%| O|  |TAMS 0x0000000089300000| PB 0x0000000089300000| Untracked 
|  60|0x0000000089400000, 0x0000000089500000, 0x0000000089500000|100%| O|  |TAMS 0x0000000089400000| PB 0x0000000089400000| Untracked 
|  61|0x0000000089500000, 0x0000000089600000, 0x0000000089600000|100%| O|  |TAMS 0x0000000089500000| PB 0x0000000089500000| Untracked 
|  62|0x0000000089600000, 0x0000000089700000, 0x0000000089700000|100%| O|  |TAMS 0x0000000089600000| PB 0x0000000089600000| Untracked 
|  63|0x0000000089700000, 0x0000000089800000, 0x0000000089800000|100%| O|  |TAMS 0x0000000089700000| PB 0x0000000089700000| Untracked 
|  64|0x0000000089800000, 0x0000000089900000, 0x0000000089900000|100%| O|  |TAMS 0x0000000089800000| PB 0x0000000089800000| Untracked 
|  65|0x0000000089900000, 0x0000000089a00000, 0x0000000089a00000|100%| O|  |TAMS 0x0000000089900000| PB 0x0000000089900000| Untracked 
|  66|0x0000000089a00000, 0x0000000089b00000, 0x0000000089b00000|100%| O|  |TAMS 0x0000000089a00000| PB 0x0000000089a00000| Untracked 
|  67|0x0000000089b00000, 0x0000000089c00000, 0x0000000089c00000|100%| O|  |TAMS 0x0000000089b00000| PB 0x0000000089b00000| Untracked 
|  68|0x0000000089c00000, 0x0000000089d00000, 0x0000000089d00000|100%| O|  |TAMS 0x0000000089c00000| PB 0x0000000089c00000| Untracked 
|  69|0x0000000089d00000, 0x0000000089e00000, 0x0000000089e00000|100%| O|  |TAMS 0x0000000089d00000| PB 0x0000000089d00000| Untracked 
|  70|0x0000000089e00000, 0x0000000089f00000, 0x0000000089f00000|100%| O|  |TAMS 0x0000000089e00000| PB 0x0000000089e00000| Untracked 
|  71|0x0000000089f00000, 0x000000008a000000, 0x000000008a000000|100%| O|  |TAMS 0x0000000089f00000| PB 0x0000000089f00000| Untracked 
|  72|0x000000008a000000, 0x000000008a100000, 0x000000008a100000|100%| O|  |TAMS 0x000000008a000000| PB 0x000000008a000000| Untracked 
|  73|0x000000008a100000, 0x000000008a200000, 0x000000008a200000|100%| O|  |TAMS 0x000000008a100000| PB 0x000000008a100000| Untracked 
|  74|0x000000008a200000, 0x000000008a300000, 0x000000008a300000|100%| O|  |TAMS 0x000000008a200000| PB 0x000000008a200000| Untracked 
|  75|0x000000008a300000, 0x000000008a400000, 0x000000008a400000|100%| O|  |TAMS 0x000000008a300000| PB 0x000000008a300000| Untracked 
|  76|0x000000008a400000, 0x000000008a500000, 0x000000008a500000|100%| O|  |TAMS 0x000000008a400000| PB 0x000000008a400000| Untracked 
|  77|0x000000008a500000, 0x000000008a600000, 0x000000008a600000|100%| O|  |TAMS 0x000000008a500000| PB 0x000000008a500000| Untracked 
|  78|0x000000008a600000, 0x000000008a700000, 0x000000008a700000|100%| O|  |TAMS 0x000000008a600000| PB 0x000000008a600000| Untracked 
|  79|0x000000008a700000, 0x000000008a800000, 0x000000008a800000|100%| O|Cm|TAMS 0x000000008a700000| PB 0x000000008a700000| Complete 
|  80|0x000000008a800000, 0x000000008a900000, 0x000000008a900000|100%| O|Cm|TAMS 0x000000008a800000| PB 0x000000008a800000| Complete 
|  81|0x000000008a900000, 0x000000008aa00000, 0x000000008aa00000|100%| O|  |TAMS 0x000000008a900000| PB 0x000000008a900000| Untracked 
|  82|0x000000008aa00000, 0x000000008ab00000, 0x000000008ab00000|100%| O|  |TAMS 0x000000008aa00000| PB 0x000000008aa00000| Untracked 
|  83|0x000000008ab00000, 0x000000008ac00000, 0x000000008ac00000|100%| O|  |TAMS 0x000000008ab00000| PB 0x000000008ab00000| Untracked 
|  84|0x000000008ac00000, 0x000000008ad00000, 0x000000008ad00000|100%| O|  |TAMS 0x000000008ac00000| PB 0x000000008ac00000| Untracked 
|  85|0x000000008ad00000, 0x000000008ae00000, 0x000000008ae00000|100%| O|  |TAMS 0x000000008ad00000| PB 0x000000008ad00000| Untracked 
|  86|0x000000008ae00000, 0x000000008af00000, 0x000000008af00000|100%| O|  |TAMS 0x000000008ae00000| PB 0x000000008ae00000| Untracked 
|  87|0x000000008af00000, 0x000000008b000000, 0x000000008b000000|100%| O|  |TAMS 0x000000008af00000| PB 0x000000008af00000| Untracked 
|  88|0x000000008b000000, 0x000000008b100000, 0x000000008b100000|100%| O|  |TAMS 0x000000008b000000| PB 0x000000008b000000| Untracked 
|  89|0x000000008b100000, 0x000000008b200000, 0x000000008b200000|100%| O|  |TAMS 0x000000008b100000| PB 0x000000008b100000| Untracked 
|  90|0x000000008b200000, 0x000000008b300000, 0x000000008b300000|100%| O|  |TAMS 0x000000008b200000| PB 0x000000008b200000| Untracked 
|  91|0x000000008b300000, 0x000000008b400000, 0x000000008b400000|100%| O|  |TAMS 0x000000008b300000| PB 0x000000008b300000| Untracked 
|  92|0x000000008b400000, 0x000000008b400000, 0x000000008b500000|  0%| F|  |TAMS 0x000000008b400000| PB 0x000000008b400000| Untracked 
|  93|0x000000008b500000, 0x000000008b500000, 0x000000008b600000|  0%| F|  |TAMS 0x000000008b500000| PB 0x000000008b500000| Untracked 
|  94|0x000000008b600000, 0x000000008b700000, 0x000000008b700000|100%| O|  |TAMS 0x000000008b600000| PB 0x000000008b600000| Untracked 
|  95|0x000000008b700000, 0x000000008b7ee6c0, 0x000000008b800000| 93%| O|  |TAMS 0x000000008b700000| PB 0x000000008b700000| Untracked 
|  96|0x000000008b800000, 0x000000008b800000, 0x000000008b900000|  0%| F|  |TAMS 0x000000008b800000| PB 0x000000008b800000| Untracked 
|  97|0x000000008b900000, 0x000000008b900000, 0x000000008ba00000|  0%| F|  |TAMS 0x000000008b900000| PB 0x000000008b900000| Untracked 
|  98|0x000000008ba00000, 0x000000008ba00000, 0x000000008bb00000|  0%| F|  |TAMS 0x000000008ba00000| PB 0x000000008ba00000| Untracked 
|  99|0x000000008bb00000, 0x000000008bb00000, 0x000000008bc00000|  0%| F|  |TAMS 0x000000008bb00000| PB 0x000000008bb00000| Untracked 
| 100|0x000000008bc00000, 0x000000008bc00000, 0x000000008bd00000|  0%| F|  |TAMS 0x000000008bc00000| PB 0x000000008bc00000| Untracked 
| 101|0x000000008bd00000, 0x000000008bd00000, 0x000000008be00000|  0%| F|  |TAMS 0x000000008bd00000| PB 0x000000008bd00000| Untracked 
| 102|0x000000008be00000, 0x000000008be00000, 0x000000008bf00000|  0%| F|  |TAMS 0x000000008be00000| PB 0x000000008be00000| Untracked 
| 103|0x000000008bf00000, 0x000000008bf00000, 0x000000008c000000|  0%| F|  |TAMS 0x000000008bf00000| PB 0x000000008bf00000| Untracked 
| 104|0x000000008c000000, 0x000000008c000000, 0x000000008c100000|  0%| F|  |TAMS 0x000000008c000000| PB 0x000000008c000000| Untracked 
| 105|0x000000008c100000, 0x000000008c100000, 0x000000008c200000|  0%| F|  |TAMS 0x000000008c100000| PB 0x000000008c100000| Untracked 
| 106|0x000000008c200000, 0x000000008c200000, 0x000000008c300000|  0%| F|  |TAMS 0x000000008c200000| PB 0x000000008c200000| Untracked 
| 107|0x000000008c300000, 0x000000008c300000, 0x000000008c400000|  0%| F|  |TAMS 0x000000008c300000| PB 0x000000008c300000| Untracked 
| 108|0x000000008c400000, 0x000000008c400000, 0x000000008c500000|  0%| F|  |TAMS 0x000000008c400000| PB 0x000000008c400000| Untracked 
| 109|0x000000008c500000, 0x000000008c500000, 0x000000008c600000|  0%| F|  |TAMS 0x000000008c500000| PB 0x000000008c500000| Untracked 
| 110|0x000000008c600000, 0x000000008c600000, 0x000000008c700000|  0%| F|  |TAMS 0x000000008c600000| PB 0x000000008c600000| Untracked 
| 111|0x000000008c700000, 0x000000008c700000, 0x000000008c800000|  0%| F|  |TAMS 0x000000008c700000| PB 0x000000008c700000| Untracked 
| 112|0x000000008c800000, 0x000000008c800000, 0x000000008c900000|  0%| F|  |TAMS 0x000000008c800000| PB 0x000000008c800000| Untracked 
| 113|0x000000008c900000, 0x000000008c900000, 0x000000008ca00000|  0%| F|  |TAMS 0x000000008c900000| PB 0x000000008c900000| Untracked 
| 114|0x000000008ca00000, 0x000000008ca00000, 0x000000008cb00000|  0%| F|  |TAMS 0x000000008ca00000| PB 0x000000008ca00000| Untracked 
| 115|0x000000008cb00000, 0x000000008cb00000, 0x000000008cc00000|  0%| F|  |TAMS 0x000000008cb00000| PB 0x000000008cb00000| Untracked 
| 116|0x000000008cc00000, 0x000000008cc00000, 0x000000008cd00000|  0%| F|  |TAMS 0x000000008cc00000| PB 0x000000008cc00000| Untracked 
| 117|0x000000008cd00000, 0x000000008cd00000, 0x000000008ce00000|  0%| F|  |TAMS 0x000000008cd00000| PB 0x000000008cd00000| Untracked 
| 118|0x000000008ce00000, 0x000000008ce00000, 0x000000008cf00000|  0%| F|  |TAMS 0x000000008ce00000| PB 0x000000008ce00000| Untracked 
| 119|0x000000008cf00000, 0x000000008cf00000, 0x000000008d000000|  0%| F|  |TAMS 0x000000008cf00000| PB 0x000000008cf00000| Untracked 
| 120|0x000000008d000000, 0x000000008d000000, 0x000000008d100000|  0%| F|  |TAMS 0x000000008d000000| PB 0x000000008d000000| Untracked 
| 121|0x000000008d100000, 0x000000008d100000, 0x000000008d200000|  0%| F|  |TAMS 0x000000008d100000| PB 0x000000008d100000| Untracked 
| 122|0x000000008d200000, 0x000000008d200000, 0x000000008d300000|  0%| F|  |TAMS 0x000000008d200000| PB 0x000000008d200000| Untracked 
| 123|0x000000008d300000, 0x000000008d300000, 0x000000008d400000|  0%| F|  |TAMS 0x000000008d300000| PB 0x000000008d300000| Untracked 
| 124|0x000000008d400000, 0x000000008d400000, 0x000000008d500000|  0%| F|  |TAMS 0x000000008d400000| PB 0x000000008d400000| Untracked 
| 125|0x000000008d500000, 0x000000008d500000, 0x000000008d600000|  0%| F|  |TAMS 0x000000008d500000| PB 0x000000008d500000| Untracked 
| 126|0x000000008d600000, 0x000000008d600000, 0x000000008d700000|  0%| F|  |TAMS 0x000000008d600000| PB 0x000000008d600000| Untracked 
| 127|0x000000008d700000, 0x000000008d700000, 0x000000008d800000|  0%| F|  |TAMS 0x000000008d700000| PB 0x000000008d700000| Untracked 
| 128|0x000000008d800000, 0x000000008d8b17a0, 0x000000008d900000| 69%| S|CS|TAMS 0x000000008d800000| PB 0x000000008d800000| Complete 
| 129|0x000000008d900000, 0x000000008da00000, 0x000000008da00000|100%| S|CS|TAMS 0x000000008d900000| PB 0x000000008d900000| Complete 
| 130|0x000000008da00000, 0x000000008db00000, 0x000000008db00000|100%| S|CS|TAMS 0x000000008da00000| PB 0x000000008da00000| Complete 
| 131|0x000000008db00000, 0x000000008dc00000, 0x000000008dc00000|100%| S|CS|TAMS 0x000000008db00000| PB 0x000000008db00000| Complete 
| 132|0x000000008dc00000, 0x000000008dc00000, 0x000000008dd00000|  0%| F|  |TAMS 0x000000008dc00000| PB 0x000000008dc00000| Untracked 
| 133|0x000000008dd00000, 0x000000008dd00000, 0x000000008de00000|  0%| F|  |TAMS 0x000000008dd00000| PB 0x000000008dd00000| Untracked 
| 134|0x000000008de00000, 0x000000008de00000, 0x000000008df00000|  0%| F|  |TAMS 0x000000008de00000| PB 0x000000008de00000| Untracked 
| 135|0x000000008df00000, 0x000000008df00000, 0x000000008e000000|  0%| F|  |TAMS 0x000000008df00000| PB 0x000000008df00000| Untracked 
| 136|0x000000008e000000, 0x000000008e000000, 0x000000008e100000|  0%| F|  |TAMS 0x000000008e000000| PB 0x000000008e000000| Untracked 
| 137|0x000000008e100000, 0x000000008e100000, 0x000000008e200000|  0%| F|  |TAMS 0x000000008e100000| PB 0x000000008e100000| Untracked 
| 138|0x000000008e200000, 0x000000008e200000, 0x000000008e300000|  0%| F|  |TAMS 0x000000008e200000| PB 0x000000008e200000| Untracked 
| 139|0x000000008e300000, 0x000000008e300000, 0x000000008e400000|  0%| F|  |TAMS 0x000000008e300000| PB 0x000000008e300000| Untracked 
| 140|0x000000008e400000, 0x000000008e400000, 0x000000008e500000|  0%| F|  |TAMS 0x000000008e400000| PB 0x000000008e400000| Untracked 
| 141|0x000000008e500000, 0x000000008e500000, 0x000000008e600000|  0%| F|  |TAMS 0x000000008e500000| PB 0x000000008e500000| Untracked 
| 142|0x000000008e600000, 0x000000008e600000, 0x000000008e700000|  0%| F|  |TAMS 0x000000008e600000| PB 0x000000008e600000| Untracked 
| 143|0x000000008e700000, 0x000000008e700000, 0x000000008e800000|  0%| F|  |TAMS 0x000000008e700000| PB 0x000000008e700000| Untracked 
| 144|0x000000008e800000, 0x000000008e800000, 0x000000008e900000|  0%| F|  |TAMS 0x000000008e800000| PB 0x000000008e800000| Untracked 
| 145|0x000000008e900000, 0x000000008e900000, 0x000000008ea00000|  0%| F|  |TAMS 0x000000008e900000| PB 0x000000008e900000| Untracked 
| 146|0x000000008ea00000, 0x000000008ea00000, 0x000000008eb00000|  0%| F|  |TAMS 0x000000008ea00000| PB 0x000000008ea00000| Untracked 
| 147|0x000000008eb00000, 0x000000008eb00000, 0x000000008ec00000|  0%| F|  |TAMS 0x000000008eb00000| PB 0x000000008eb00000| Untracked 
| 148|0x000000008ec00000, 0x000000008ec00000, 0x000000008ed00000|  0%| F|  |TAMS 0x000000008ec00000| PB 0x000000008ec00000| Untracked 
| 149|0x000000008ed00000, 0x000000008ed00000, 0x000000008ee00000|  0%| F|  |TAMS 0x000000008ed00000| PB 0x000000008ed00000| Untracked 
| 150|0x000000008ee00000, 0x000000008ee00000, 0x000000008ef00000|  0%| F|  |TAMS 0x000000008ee00000| PB 0x000000008ee00000| Untracked 
| 151|0x000000008ef00000, 0x000000008ef00000, 0x000000008f000000|  0%| F|  |TAMS 0x000000008ef00000| PB 0x000000008ef00000| Untracked 
| 152|0x000000008f000000, 0x000000008f000000, 0x000000008f100000|  0%| F|  |TAMS 0x000000008f000000| PB 0x000000008f000000| Untracked 
| 153|0x000000008f100000, 0x000000008f200000, 0x000000008f200000|100%| E|  |TAMS 0x000000008f100000| PB 0x000000008f100000| Complete 
| 154|0x000000008f200000, 0x000000008f300000, 0x000000008f300000|100%| E|CS|TAMS 0x000000008f200000| PB 0x000000008f200000| Complete 
| 155|0x000000008f300000, 0x000000008f400000, 0x000000008f400000|100%| E|CS|TAMS 0x000000008f300000| PB 0x000000008f300000| Complete 
| 156|0x000000008f400000, 0x000000008f500000, 0x000000008f500000|100%| E|CS|TAMS 0x000000008f400000| PB 0x000000008f400000| Complete 
| 157|0x000000008f500000, 0x000000008f600000, 0x000000008f600000|100%| E|CS|TAMS 0x000000008f500000| PB 0x000000008f500000| Complete 
| 158|0x000000008f600000, 0x000000008f700000, 0x000000008f700000|100%| E|CS|TAMS 0x000000008f600000| PB 0x000000008f600000| Complete 
| 159|0x000000008f700000, 0x000000008f800000, 0x000000008f800000|100%| E|CS|TAMS 0x000000008f700000| PB 0x000000008f700000| Complete 
| 160|0x000000008f800000, 0x000000008f900000, 0x000000008f900000|100%| E|CS|TAMS 0x000000008f800000| PB 0x000000008f800000| Complete 
| 161|0x000000008f900000, 0x000000008fa00000, 0x000000008fa00000|100%| E|CS|TAMS 0x000000008f900000| PB 0x000000008f900000| Complete 

Card table byte_map: [0x000001babe2c0000,0x000001babe6a0000] _byte_map_base: 0x000001babde94000

Marking Bits: (CMBitMap*) 0x000001baa677efe0
 Bits: [0x000001babe6a0000, 0x000001bac0540000)

Polling page: 0x000001baa4690000

Metaspace:

Usage:
  Non-class:     58.85 MB used.
      Class:      6.93 MB used.
       Both:     65.78 MB used.

Virtual space:
  Non-class space:       64.00 MB reserved,      59.00 MB ( 92%) committed,  1 nodes.
      Class space:        1.00 GB reserved,       7.06 MB ( <1%) committed,  1 nodes.
             Both:        1.06 GB reserved,      66.06 MB (  6%) committed. 

Chunk freelists:
   Non-Class:  4.06 MB
       Class:  8.94 MB
        Both:  13.00 MB

MaxMetaspaceSize: unlimited
CompressedClassSpaceSize: 1.00 GB
Initial GC threshold: 21.00 MB
Current GC threshold: 99.94 MB
CDS: on
 - commit_granule_bytes: 65536.
 - commit_granule_words: 8192.
 - virtual_space_node_default_size: 8388608.
 - enlarge_chunks_in_place: 1.
 - use_allocation_guard: 0.


Internal statistics:

num_allocs_failed_limit: 6.
num_arena_births: 376.
num_arena_deaths: 0.
num_vsnodes_births: 2.
num_vsnodes_deaths: 0.
num_space_committed: 1055.
num_space_uncommitted: 0.
num_chunks_returned_to_freelist: 6.
num_chunks_taken_from_freelist: 2700.
num_chunk_merges: 3.
num_chunk_splits: 2222.
num_chunks_enlarged: 2015.
num_inconsistent_stats: 0.

CodeHeap 'non-profiled nmethods': size=120000Kb used=6996Kb max_used=6996Kb free=113003Kb
 bounds [0x000001bab6680000, 0x000001bab6d60000, 0x000001babdbb0000]
CodeHeap 'profiled nmethods': size=120000Kb used=44586Kb max_used=44586Kb free=75413Kb
 bounds [0x000001baaebb0000, 0x000001bab1740000, 0x000001bab60e0000]
CodeHeap 'non-nmethods': size=5760Kb used=2060Kb max_used=2132Kb free=3699Kb
 bounds [0x000001bab60e0000, 0x000001bab6350000, 0x000001bab6680000]
 total_blobs=12690 nmethods=11878 adapters=714
 compilation: enabled
              stopped_count=0, restarted_count=0
 full_count=0

Compilation events (20 events):
Event: 22.318 Thread 0x000001bac2f8faa0 13497       3       org.jetbrains.kotlin.ir.expressions.IrBlock::<init> (5 bytes)
Event: 22.318 Thread 0x000001bac2f8faa0 nmethod 13497 0x000001bab172af10 code [0x000001bab172b0c0, 0x000001bab172b340]
Event: 22.318 Thread 0x000001bac2f8faa0 13498       3       org.jetbrains.kotlin.fir.backend.Fir2IrVisitor::toIrWhenBranch (306 bytes)
Event: 22.320 Thread 0x000001bac2f8faa0 nmethod 13498 0x000001bab172b490 code [0x000001bab172b8c0, 0x000001bab172d758]
Event: 22.321 Thread 0x000001bac2f8faa0 13500       3       org.jetbrains.kotlin.ir.declarations.IrFactoryHelpersKt::createBlockBody (32 bytes)
Event: 22.322 Thread 0x000001bac2f8faa0 nmethod 13500 0x000001bab172e010 code [0x000001bab172e2c0, 0x000001bab172ee10]
Event: 22.324 Thread 0x000001bac2f8faa0 13501       3       org.jetbrains.kotlin.fir.backend.Fir2IrVisitor::nestedElseIfOrNull (95 bytes)
Event: 22.325 Thread 0x000001bac2f8faa0 nmethod 13501 0x000001bab172f290 code [0x000001bab172f4c0, 0x000001bab172ff90]
Event: 22.325 Thread 0x000001bac2f8faa0 13502       1       org.jetbrains.kotlin.ir.expressions.impl.IrGetValueImpl::getStartOffset (5 bytes)
Event: 22.325 Thread 0x000001bac2f8faa0 nmethod 13502 0x000001bab6d54a90 code [0x000001bab6d54c20, 0x000001bab6d54ce8]
Event: 22.326 Thread 0x000001bac2f8faa0 13503       3       org.jetbrains.kotlin.ir.symbols.impl.IrVariableSymbolImpl::<init> (14 bytes)
Event: 22.327 Thread 0x000001bac2f8faa0 nmethod 13503 0x000001bab1730190 code [0x000001bab1730340, 0x000001bab1730628]
Event: 22.327 Thread 0x000001bac2f8faa0 13504       3       org.jetbrains.kotlin.ir.symbols.impl.IrVariableSymbolImpl::<init> (9 bytes)
Event: 22.327 Thread 0x000001bac2f8faa0 nmethod 13504 0x000001bab1730710 code [0x000001bab17308c0, 0x000001bab1730b08]
Event: 22.329 Thread 0x000001bac2f8faa0 13506       3       org.jetbrains.kotlin.fir.backend.Fir2IrVisitor::getAnnotationGenerator (10 bytes)
Event: 22.329 Thread 0x000001bac2f8faa0 nmethod 13506 0x000001bab1730c10 code [0x000001bab1730dc0, 0x000001bab1730f98]
Event: 22.329 Thread 0x000001bac2f8faa0 13507       3       org.jetbrains.kotlin.fir.backend.Fir2IrImplicitCastInserter$$Lambda/0x000001bac46eb4d0::apply (16 bytes)
Event: 22.330 Thread 0x000001bac2f8faa0 nmethod 13507 0x000001bab1731090 code [0x000001bab1731360, 0x000001bab17320c8]
Event: 22.330 Thread 0x000001bac2f8faa0 13508       3       org.jetbrains.kotlin.fir.backend.Fir2IrImplicitCastInserter::visitWhenExpression$lambda$0 (24 bytes)
Event: 22.330 Thread 0x000001bac2f8faa0 nmethod 13508 0x000001bab1732590 code [0x000001bab1732840, 0x000001bab1733430]

GC Heap History (20 events):
Event: 10.405 GC heap before
{Heap before GC invocations=16 (full 0):
 garbage-first heap   total 100352K, used 83625K [0x0000000085800000, 0x0000000100000000)
  region size 1024K, 31 young (31744K), 3 survivors (3072K)
 Metaspace       used 51744K, committed 52032K, reserved 1114112K
  class space    used 5885K, committed 6016K, reserved 1048576K
}
Event: 10.427 GC heap after
{Heap after GC invocations=17 (full 0):
 garbage-first heap   total 100352K, used 60416K [0x0000000085800000, 0x0000000100000000)
  region size 1024K, 4 young (4096K), 4 survivors (4096K)
 Metaspace       used 51744K, committed 52032K, reserved 1114112K
  class space    used 5885K, committed 6016K, reserved 1048576K
}
Event: 12.017 GC heap before
{Heap before GC invocations=17 (full 0):
 garbage-first heap   total 100352K, used 86016K [0x0000000085800000, 0x0000000100000000)
  region size 1024K, 29 young (29696K), 4 survivors (4096K)
 Metaspace       used 53553K, committed 53888K, reserved 1114112K
  class space    used 6050K, committed 6208K, reserved 1048576K
}
Event: 12.038 GC heap after
{Heap after GC invocations=18 (full 0):
 garbage-first heap   total 100352K, used 64119K [0x0000000085800000, 0x0000000100000000)
  region size 1024K, 4 young (4096K), 4 survivors (4096K)
 Metaspace       used 53553K, committed 53888K, reserved 1114112K
  class space    used 6050K, committed 6208K, reserved 1048576K
}
Event: 13.348 GC heap before
{Heap before GC invocations=18 (full 0):
 garbage-first heap   total 100352K, used 87671K [0x0000000085800000, 0x0000000100000000)
  region size 1024K, 27 young (27648K), 4 survivors (4096K)
 Metaspace       used 54577K, committed 54912K, reserved 1114112K
  class space    used 6127K, committed 6272K, reserved 1048576K
}
Event: 13.376 GC heap after
{Heap after GC invocations=19 (full 0):
 garbage-first heap   total 100352K, used 67426K [0x0000000085800000, 0x0000000100000000)
  region size 1024K, 3 young (3072K), 3 survivors (3072K)
 Metaspace       used 54577K, committed 54912K, reserved 1114112K
  class space    used 6127K, committed 6272K, reserved 1048576K
}
Event: 14.367 GC heap before
{Heap before GC invocations=20 (full 0):
 garbage-first heap   total 114688K, used 89954K [0x0000000085800000, 0x0000000100000000)
  region size 1024K, 25 young (25600K), 3 survivors (3072K)
 Metaspace       used 55074K, committed 55424K, reserved 1114112K
  class space    used 6151K, committed 6336K, reserved 1048576K
}
Event: 14.387 GC heap after
{Heap after GC invocations=21 (full 0):
 garbage-first heap   total 114688K, used 71680K [0x0000000085800000, 0x0000000100000000)
  region size 1024K, 4 young (4096K), 4 survivors (4096K)
 Metaspace       used 55074K, committed 55424K, reserved 1114112K
  class space    used 6151K, committed 6336K, reserved 1048576K
}
Event: 15.634 GC heap before
{Heap before GC invocations=21 (full 0):
 garbage-first heap   total 114688K, used 100352K [0x0000000085800000, 0x0000000100000000)
  region size 1024K, 32 young (32768K), 4 survivors (4096K)
 Metaspace       used 55386K, committed 55744K, reserved 1114112K
  class space    used 6155K, committed 6336K, reserved 1048576K
}
Event: 15.667 GC heap after
{Heap after GC invocations=22 (full 0):
 garbage-first heap   total 114688K, used 77312K [0x0000000085800000, 0x0000000100000000)
  region size 1024K, 4 young (4096K), 4 survivors (4096K)
 Metaspace       used 55386K, committed 55744K, reserved 1114112K
  class space    used 6155K, committed 6336K, reserved 1048576K
}
Event: 16.236 GC heap before
{Heap before GC invocations=22 (full 0):
 garbage-first heap   total 114688K, used 100864K [0x0000000085800000, 0x0000000100000000)
  region size 1024K, 27 young (27648K), 4 survivors (4096K)
 Metaspace       used 56015K, committed 56384K, reserved 1114112K
  class space    used 6199K, committed 6336K, reserved 1048576K
}
Event: 16.258 GC heap after
{Heap after GC invocations=23 (full 0):
 garbage-first heap   total 138240K, used 82432K [0x0000000085800000, 0x0000000100000000)
  region size 1024K, 4 young (4096K), 4 survivors (4096K)
 Metaspace       used 56015K, committed 56384K, reserved 1114112K
  class space    used 6199K, committed 6336K, reserved 1048576K
}
Event: 17.865 GC heap before
{Heap before GC invocations=24 (full 0):
 garbage-first heap   total 142336K, used 117248K [0x0000000085800000, 0x0000000100000000)
  region size 1024K, 39 young (39936K), 4 survivors (4096K)
 Metaspace       used 59332K, committed 59712K, reserved 1114112K
  class space    used 6483K, committed 6656K, reserved 1048576K
}
Event: 17.882 GC heap after
{Heap after GC invocations=25 (full 0):
 garbage-first heap   total 142336K, used 86831K [0x0000000085800000, 0x0000000100000000)
  region size 1024K, 4 young (4096K), 4 survivors (4096K)
 Metaspace       used 59332K, committed 59712K, reserved 1114112K
  class space    used 6483K, committed 6656K, reserved 1048576K
}
Event: 19.837 GC heap before
{Heap before GC invocations=25 (full 0):
 garbage-first heap   total 142336K, used 125743K [0x0000000085800000, 0x0000000100000000)
  region size 1024K, 42 young (43008K), 4 survivors (4096K)
 Metaspace       used 60739K, committed 61120K, reserved 1114112K
  class space    used 6536K, committed 6720K, reserved 1048576K
}
Event: 19.852 GC heap after
{Heap after GC invocations=26 (full 0):
 garbage-first heap   total 142336K, used 88639K [0x0000000085800000, 0x0000000100000000)
  region size 1024K, 3 young (3072K), 3 survivors (3072K)
 Metaspace       used 60739K, committed 61120K, reserved 1114112K
  class space    used 6536K, committed 6720K, reserved 1048576K
}
Event: 20.299 GC heap before
{Heap before GC invocations=26 (full 0):
 garbage-first heap   total 142336K, used 127551K [0x0000000085800000, 0x0000000100000000)
  region size 1024K, 41 young (41984K), 3 survivors (3072K)
 Metaspace       used 60901K, committed 61248K, reserved 1114112K
  class space    used 6541K, committed 6720K, reserved 1048576K
}
Event: 20.318 GC heap after
{Heap after GC invocations=27 (full 0):
 garbage-first heap   total 142336K, used 95525K [0x0000000085800000, 0x0000000100000000)
  region size 1024K, 6 young (6144K), 6 survivors (6144K)
 Metaspace       used 60901K, committed 61248K, reserved 1114112K
  class space    used 6541K, committed 6720K, reserved 1048576K
}
Event: 21.537 GC heap before
{Heap before GC invocations=28 (full 0):
 garbage-first heap   total 165888K, used 125221K [0x0000000085800000, 0x0000000100000000)
  region size 1024K, 36 young (36864K), 6 survivors (6144K)
 Metaspace       used 66552K, committed 66880K, reserved 1114112K
  class space    used 7026K, committed 7168K, reserved 1048576K
}
Event: 21.554 GC heap after
{Heap after GC invocations=29 (full 0):
 garbage-first heap   total 165888K, used 99967K [0x0000000085800000, 0x0000000100000000)
  region size 1024K, 4 young (4096K), 4 survivors (4096K)
 Metaspace       used 66552K, committed 66880K, reserved 1114112K
  class space    used 7026K, committed 7168K, reserved 1048576K
}

Dll operation events (7 events):
Event: 0.008 Loaded shared library C:\Program Files\Java\jdk-21\bin\java.dll
Event: 0.038 Loaded shared library C:\Program Files\Java\jdk-21\bin\jsvml.dll
Event: 0.074 Loaded shared library C:\Program Files\Java\jdk-21\bin\net.dll
Event: 0.076 Loaded shared library C:\Program Files\Java\jdk-21\bin\nio.dll
Event: 0.103 Loaded shared library C:\Program Files\Java\jdk-21\bin\zip.dll
Event: 0.134 Loaded shared library C:\Program Files\Java\jdk-21\bin\jimage.dll
Event: 1.230 Loaded shared library C:\Program Files\Java\jdk-21\bin\verify.dll

Deoptimization events (20 events):
Event: 22.173 Thread 0x000001baa453f740 Uncommon trap: trap_request=0xffffff66 fr.pc=0x000001bab6d3216c relative=0x000000000000012c
Event: 22.173 Thread 0x000001baa453f740 Uncommon trap: reason=speculate_class_check action=maybe_recompile pc=0x000001bab6d3216c method=org.jetbrains.kotlin.fir.backend.Fir2IrClassifierStorage.getCachedIrLocalClass(Lorg/jetbrains/kotlin/fir/declarations/FirClass;)Lorg/jetbrains/kotlin/ir/declar
Event: 22.173 Thread 0x000001baa453f740 DEOPT PACKING pc=0x000001bab6d3216c sp=0x0000003022efb470
Event: 22.173 Thread 0x000001baa453f740 DEOPT UNPACKING pc=0x000001bab6137da2 sp=0x0000003022efb3f8 mode 2
Event: 22.202 Thread 0x000001baa453f740 Uncommon trap: trap_request=0xffffffc6 fr.pc=0x000001bab6d1faa8 relative=0x00000000000000e8
Event: 22.202 Thread 0x000001baa453f740 Uncommon trap: reason=bimorphic_or_optimized_type_check action=maybe_recompile pc=0x000001bab6d1faa8 method=org.jetbrains.kotlin.fir.backend.utils.OffsetUtilsKt.isCompiledElement(Lorg/jetbrains/kotlin/com/intellij/psi/PsiElement;)Z @ 16 c2
Event: 22.202 Thread 0x000001baa453f740 DEOPT PACKING pc=0x000001bab6d1faa8 sp=0x0000003022efbff0
Event: 22.202 Thread 0x000001baa453f740 DEOPT UNPACKING pc=0x000001bab6137da2 sp=0x0000003022efbf18 mode 2
Event: 22.206 Thread 0x000001baa453f740 Uncommon trap: trap_request=0xffffffde fr.pc=0x000001bab6d34f98 relative=0x0000000000000078
Event: 22.206 Thread 0x000001baa453f740 Uncommon trap: reason=class_check action=maybe_recompile pc=0x000001bab6d34f98 method=org.jetbrains.kotlin.KtSourceElementKt.getPsi(Lorg/jetbrains/kotlin/AbstractKtSourceElement;)Lorg/jetbrains/kotlin/com/intellij/psi/PsiElement; @ 8 c2
Event: 22.206 Thread 0x000001baa453f740 DEOPT PACKING pc=0x000001bab6d34f98 sp=0x0000003022efb450
Event: 22.206 Thread 0x000001baa453f740 DEOPT UNPACKING pc=0x000001bab6137da2 sp=0x0000003022efb3e0 mode 2
Event: 22.220 Thread 0x000001baa453f740 Uncommon trap: trap_request=0xffffff66 fr.pc=0x000001bab6d40fac relative=0x000000000000750c
Event: 22.221 Thread 0x000001baa453f740 Uncommon trap: reason=speculate_class_check action=maybe_recompile pc=0x000001bab6d40fac method=org.jetbrains.kotlin.fir.backend.Fir2IrClassifierStorage.getCachedIrLocalClass(Lorg/jetbrains/kotlin/fir/declarations/FirClass;)Lorg/jetbrains/kotlin/ir/declar
Event: 22.221 Thread 0x000001baa453f740 DEOPT PACKING pc=0x000001bab6d40fac sp=0x0000003022efcdd0
Event: 22.221 Thread 0x000001baa453f740 DEOPT UNPACKING pc=0x000001bab6137da2 sp=0x0000003022efca80 mode 2
Event: 22.221 Thread 0x000001baa453f740 Uncommon trap: trap_request=0xffffff66 fr.pc=0x000001bab6d40fac relative=0x000000000000750c
Event: 22.221 Thread 0x000001baa453f740 Uncommon trap: reason=speculate_class_check action=maybe_recompile pc=0x000001bab6d40fac method=org.jetbrains.kotlin.fir.backend.Fir2IrClassifierStorage.getCachedIrLocalClass(Lorg/jetbrains/kotlin/fir/declarations/FirClass;)Lorg/jetbrains/kotlin/ir/declar
Event: 22.221 Thread 0x000001baa453f740 DEOPT PACKING pc=0x000001bab6d40fac sp=0x0000003022efcef0
Event: 22.221 Thread 0x000001baa453f740 DEOPT UNPACKING pc=0x000001bab6137da2 sp=0x0000003022efcba0 mode 2

Classes loaded (20 events):
Event: 7.357 Loading class java/util/RegularEnumSet$EnumSetIterator
Event: 7.358 Loading class java/util/RegularEnumSet$EnumSetIterator done
Event: 7.661 Loading class java/security/CodeSigner
Event: 7.661 Loading class java/security/CodeSigner done
Event: 8.601 Loading class java/util/AbstractList$RandomAccessSubList
Event: 8.601 Loading class java/util/AbstractList$RandomAccessSubList done
Event: 10.373 Loading class java/lang/Byte$ByteCache
Event: 10.373 Loading class java/lang/Byte$ByteCache done
Event: 10.459 Loading class java/lang/Short$ShortCache
Event: 10.459 Loading class java/lang/Short$ShortCache done
Event: 11.783 Loading class java/lang/Character$UnicodeBlock
Event: 11.791 Loading class java/lang/Character$Subset
Event: 11.791 Loading class java/lang/Character$Subset done
Event: 11.806 Loading class java/lang/Character$UnicodeBlock done
Event: 17.189 Loading class java/text/MessageFormat
Event: 17.190 Loading class java/text/MessageFormat done
Event: 17.290 Loading class java/text/ChoiceFormat
Event: 17.291 Loading class java/text/ChoiceFormat done
Event: 21.904 Loading class java/util/Formatter$FixedString
Event: 21.907 Loading class java/util/Formatter$FixedString done

Classes unloaded (0 events):
No events

Classes redefined (0 events):
No events

Internal exceptions (20 events):
Event: 12.799 Thread 0x000001baa453f740 Implicit null exception at 0x000001bab66f0048 to 0x000001bab66f1b2c
Event: 12.812 Thread 0x000001baa453f740 Exception <a 'java/lang/NoSuchMethodError'{0x000000008ae6b210}: 'java.lang.Object java.lang.invoke.DirectMethodHandle$Holder.newInvokeSpecial(java.lang.Object, int, java.lang.Object, java.lang.Object, java.lang.Object)'> (0x000000008ae6b210) 
thrown [s\open\src\hotspot\share\interpreter\linkResolver.cpp, line 773]
Event: 12.812 Thread 0x000001baa453f740 Exception <a 'java/lang/NoSuchMethodError'{0x000000008ae72d70}: 'java.lang.Object java.lang.invoke.Invokers$Holder.linkToTargetMethod(int, java.lang.Object, java.lang.Object, java.lang.Object, java.lang.Object)'> (0x000000008ae72d70) 
thrown [s\open\src\hotspot\share\interpreter\linkResolver.cpp, line 773]
Event: 16.877 Thread 0x000001baa453f740 Implicit null exception at 0x000001bab6923649 to 0x000001bab69237bc
Event: 17.349 Thread 0x000001baa453f740 Implicit null exception at 0x000001bab675d55a to 0x000001bab675d658
Event: 17.349 Thread 0x000001baa453f740 Exception <a 'java/lang/NoSuchMethodError'{0x000000008c508300}: 'java.lang.Object java.lang.invoke.DirectMethodHandle$Holder.invokeStatic(java.lang.Object, java.lang.Object, java.lang.Object, java.lang.Object, java.lang.Object, int)'> (0x000000008c508300) 
thrown [s\open\src\hotspot\share\interpreter\linkResolver.cpp, line 773]
Event: 17.363 Thread 0x000001baa453f740 Exception <a 'java/lang/NoSuchMethodError'{0x000000008c5277b8}: 'java.lang.Object java.lang.invoke.DirectMethodHandle$Holder.invokeStaticInit(java.lang.Object, int, int, java.lang.Object)'> (0x000000008c5277b8) 
thrown [s\open\src\hotspot\share\interpreter\linkResolver.cpp, line 773]
Event: 17.458 Thread 0x000001baa453f740 Implicit null exception at 0x000001bab6747ce3 to 0x000001bab6747e90
Event: 19.516 Thread 0x000001baa453f740 Exception <a 'java/lang/NoSuchMethodError'{0x000000008cbc0318}: 'java.lang.Object java.lang.invoke.DirectMethodHandle$Holder.newInvokeSpecial(java.lang.Object, java.lang.Object, int, java.lang.Object, java.lang.Object, java.lang.Object)'> (0x000000008cbc0318) 
thrown [s\open\src\hotspot\share\interpreter\linkResolver.cpp, line 773]
Event: 19.516 Thread 0x000001baa453f740 Exception <a 'java/lang/NoSuchMethodError'{0x000000008cbc43c0}: 'java.lang.Object java.lang.invoke.DirectMethodHandle$Holder.invokeSpecial(java.lang.Object, java.lang.Object, java.lang.Object, int, java.lang.Object, java.lang.Object, java.lang.Object)'> (0x000000008cbc43c0) 
thrown [s\open\src\hotspot\share\interpreter\linkResolver.cpp, line 773]
Event: 19.517 Thread 0x000001baa453f740 Exception <a 'java/lang/NoSuchMethodError'{0x000000008cbc7a38}: 'java.lang.Object java.lang.invoke.Invokers$Holder.linkToTargetMethod(java.lang.Object, int, java.lang.Object, java.lang.Object, java.lang.Object, java.lang.Object)'> (0x000000008cbc7a38) 
thrown [s\open\src\hotspot\share\interpreter\linkResolver.cpp, line 773]
Event: 20.631 Thread 0x000001baa453f740 Implicit null exception at 0x000001bab66d70a0 to 0x000001bab66d7800
Event: 20.633 Thread 0x000001baa453f740 Implicit null exception at 0x000001bab66cc720 to 0x000001bab66cce7c
Event: 21.085 Thread 0x000001baa453f740 Implicit null exception at 0x000001bab6c4b1fb to 0x000001bab6c4c300
Event: 21.143 Thread 0x000001baa453f740 Exception <a 'java/lang/NoSuchMethodError'{0x000000008e4152a0}: 'java.lang.Object java.lang.invoke.DirectMethodHandle$Holder.newInvokeSpecial(java.lang.Object, java.lang.Object, java.lang.Object, java.lang.Object, java.lang.Object, java.lang.Object, java.lang.Object, java.lang.Object, int)'> (0x000000008e4152a0) 
thrown [s\open\src\hotspot\share\interpreter\linkResolver.cpp, line 773]
Event: 21.144 Thread 0x000001baa453f740 Exception <a 'java/lang/NoSuchMethodError'{0x000000008e419fa8}: 'java.lang.Object java.lang.invoke.DirectMethodHandle$Holder.invokeSpecial(java.lang.Object, java.lang.Object, java.lang.Object, java.lang.Object, java.lang.Object, java.lang.Object, java.lang.Object, java.lang.Object, java.lang.Object, int)'> (0x000000008e419fa8) 
thrown [s\open\src\hotspot\share\interpreter\linkResolver.cpp, line 773]
Event: 21.827 Thread 0x000001baa453f740 Exception <a 'java/lang/NoSuchMethodError'{0x000000008f9f8cd8}: 'java.lang.Object java.lang.invoke.DirectMethodHandle$Holder.newInvokeSpecial(java.lang.Object, java.lang.Object, java.lang.Object, java.lang.Object, java.lang.Object, java.lang.Object, java.lang.Object, int)'> (0x000000008f9f8cd8) 
thrown [s\open\src\hotspot\share\interpreter\linkResolver.cpp, line 773]
Event: 21.829 Thread 0x000001baa453f740 Exception <a 'java/lang/NoSuchMethodError'{0x000000008f9fd318}: 'java.lang.Object java.lang.invoke.DirectMethodHandle$Holder.invokeSpecial(java.lang.Object, java.lang.Object, java.lang.Object, java.lang.Object, java.lang.Object, java.lang.Object, java.lang.Object, java.lang.Object, int)'> (0x000000008f9fd318) 
thrown [s\open\src\hotspot\share\interpreter\linkResolver.cpp, line 773]
Event: 21.839 Thread 0x000001baa453f740 Exception <a 'java/lang/NoSuchMethodError'{0x000000008f8016d8}: 'java.lang.Object java.lang.invoke.Invokers$Holder.linkToTargetMethod(java.lang.Object, java.lang.Object, java.lang.Object, java.lang.Object, java.lang.Object, java.lang.Object, int, java.lang.Object)'> (0x000000008f8016d8) 
thrown [s\open\src\hotspot\share\interpreter\linkResolver.cpp, line 773]
Event: 21.852 Thread 0x000001baa453f740 Exception <a 'java/lang/NoSuchMethodError'{0x000000008f82d6a0}: 'java.lang.Object java.lang.invoke.DirectMethodHandle$Holder.invokeStatic(java.lang.Object, java.lang.Object, java.lang.Object, int, int)'> (0x000000008f82d6a0) 
thrown [s\open\src\hotspot\share\interpreter\linkResolver.cpp, line 773]

ZGC Phase Switch (0 events):
No events

VM Operations (20 events):
Event: 21.290 Executing VM operation: HandshakeAllThreads (Deoptimize)
Event: 21.290 Executing VM operation: HandshakeAllThreads (Deoptimize) done
Event: 21.295 Executing VM operation: HandshakeAllThreads (Deoptimize)
Event: 21.296 Executing VM operation: HandshakeAllThreads (Deoptimize) done
Event: 21.468 Executing VM operation: ICBufferFull
Event: 21.468 Executing VM operation: ICBufferFull done
Event: 21.536 Executing VM operation: G1CollectForAllocation (G1 Evacuation Pause)
Event: 21.554 Executing VM operation: G1CollectForAllocation (G1 Evacuation Pause) done
Event: 21.740 Executing VM operation: HandshakeAllThreads (Deoptimize)
Event: 21.740 Executing VM operation: HandshakeAllThreads (Deoptimize) done
Event: 21.851 Executing VM operation: HandshakeAllThreads (Deoptimize)
Event: 21.851 Executing VM operation: HandshakeAllThreads (Deoptimize) done
Event: 21.888 Executing VM operation: HandshakeAllThreads (Deoptimize)
Event: 21.888 Executing VM operation: HandshakeAllThreads (Deoptimize) done
Event: 21.943 Executing VM operation: HandshakeAllThreads (Deoptimize)
Event: 21.943 Executing VM operation: HandshakeAllThreads (Deoptimize) done
Event: 22.226 Executing VM operation: ICBufferFull
Event: 22.227 Executing VM operation: ICBufferFull done
Event: 23.229 Executing VM operation: Cleanup
Event: 23.229 Executing VM operation: Cleanup done

Events (20 events):
Event: 20.475 Thread 0x000001bac2f56960 flushing nmethod 0x000001baafaf3510
Event: 20.475 Thread 0x000001bac2f56960 flushing nmethod 0x000001baafaf9f90
Event: 20.475 Thread 0x000001bac2f56960 flushing nmethod 0x000001baafafa690
Event: 20.475 Thread 0x000001bac2f56960 flushing nmethod 0x000001baafafad90
Event: 20.475 Thread 0x000001bac2f56960 flushing nmethod 0x000001baafafb910
Event: 20.475 Thread 0x000001bac2f56960 flushing nmethod 0x000001baafafbf10
Event: 20.475 Thread 0x000001bac2f56960 flushing nmethod 0x000001baafb1fb10
Event: 20.475 Thread 0x000001bac2f56960 flushing nmethod 0x000001baafb22c90
Event: 20.475 Thread 0x000001bac2f56960 flushing nmethod 0x000001baafb24690
Event: 20.475 Thread 0x000001bac2f56960 flushing nmethod 0x000001baafb49390
Event: 20.475 Thread 0x000001bac2f56960 flushing nmethod 0x000001baafb5c810
Event: 20.475 Thread 0x000001bac2f56960 flushing nmethod 0x000001baafbb1810
Event: 20.475 Thread 0x000001bac2f56960 flushing nmethod 0x000001baafc03910
Event: 20.475 Thread 0x000001bac2f56960 flushing nmethod 0x000001baafc22910
Event: 20.475 Thread 0x000001bac2f56960 flushing nmethod 0x000001baafc33190
Event: 20.475 Thread 0x000001bac2f56960 flushing nmethod 0x000001baafc55990
Event: 20.475 Thread 0x000001bac2f56960 flushing nmethod 0x000001baafd92790
Event: 20.475 Thread 0x000001bac2f56960 flushing nmethod 0x000001baafe47090
Event: 20.475 Thread 0x000001bac2f56960 flushing nmethod 0x000001bab00e7c90
Event: 20.475 Thread 0x000001bac2f56960 flushing nmethod 0x000001bab01a8e10


Dynamic libraries:
0x00007ff6186a0000 - 0x00007ff6186b0000 	C:\Program Files\Java\jdk-21\bin\java.exe
0x00007ffefdb00000 - 0x00007ffefdd65000 	C:\WINDOWS\SYSTEM32\ntdll.dll
0x00007ffefcd80000 - 0x00007ffefce49000 	C:\WINDOWS\System32\KERNEL32.DLL
0x00007ffefac50000 - 0x00007ffefb038000 	C:\WINDOWS\System32\KERNELBASE.dll
0x00007ffefb6b0000 - 0x00007ffefb7fb000 	C:\WINDOWS\System32\ucrtbase.dll
0x00007ffee7100000 - 0x00007ffee7119000 	C:\Program Files\Java\jdk-21\bin\jli.dll
0x00007ffee70e0000 - 0x00007ffee70fb000 	C:\Program Files\Java\jdk-21\bin\VCRUNTIME140.dll
0x00007ffefbd70000 - 0x00007ffefbe23000 	C:\WINDOWS\System32\ADVAPI32.dll
0x00007ffefc340000 - 0x00007ffefc3e9000 	C:\WINDOWS\System32\msvcrt.dll
0x00007ffefba90000 - 0x00007ffefbb36000 	C:\WINDOWS\System32\sechost.dll
0x00007ffefbe90000 - 0x00007ffefbfa5000 	C:\WINDOWS\System32\RPCRT4.dll
0x00007ffefbba0000 - 0x00007ffefbd6a000 	C:\WINDOWS\System32\USER32.dll
0x00007ffefb680000 - 0x00007ffefb6a7000 	C:\WINDOWS\System32\win32u.dll
0x00007ffed8550000 - 0x00007ffed87ea000 	C:\WINDOWS\WinSxS\amd64_microsoft.windows.common-controls_6595b64144ccf1df_6.0.26100.4202_none_3e0698d4e335f517\COMCTL32.dll
0x00007ffefd850000 - 0x00007ffefd87b000 	C:\WINDOWS\System32\GDI32.dll
0x00007ffefb300000 - 0x00007ffefb437000 	C:\WINDOWS\System32\gdi32full.dll
0x00007ffefb0d0000 - 0x00007ffefb173000 	C:\WINDOWS\System32\msvcp_win.dll
0x00007ffee9040000 - 0x00007ffee904b000 	C:\WINDOWS\SYSTEM32\VERSION.dll
0x00007ffefbe30000 - 0x00007ffefbe60000 	C:\WINDOWS\System32\IMM32.DLL
0x00007ffee70d0000 - 0x00007ffee70dc000 	C:\Program Files\Java\jdk-21\bin\vcruntime140_1.dll
0x00007ffee6ff0000 - 0x00007ffee707e000 	C:\Program Files\Java\jdk-21\bin\msvcp140.dll
0x00007ffe438d0000 - 0x00007ffe445e8000 	C:\Program Files\Java\jdk-21\bin\server\jvm.dll
0x00007ffefcd00000 - 0x00007ffefcd74000 	C:\WINDOWS\System32\WS2_32.dll
0x00007ffefaaa0000 - 0x00007ffefaafe000 	C:\WINDOWS\SYSTEM32\POWRPROF.dll
0x00007ffeedd10000 - 0x00007ffeedd45000 	C:\WINDOWS\SYSTEM32\WINMM.dll
0x00007ffefaa80000 - 0x00007ffefaa94000 	C:\WINDOWS\SYSTEM32\UMPDC.dll
0x00007ffef9a10000 - 0x00007ffef9a2b000 	C:\WINDOWS\SYSTEM32\kernel.appcore.dll
0x00007ffedd580000 - 0x00007ffedd58a000 	C:\Program Files\Java\jdk-21\bin\jimage.dll
0x00007ffef83c0000 - 0x00007ffef8601000 	C:\WINDOWS\SYSTEM32\DBGHELP.DLL
0x00007ffefbfb0000 - 0x00007ffefc335000 	C:\WINDOWS\System32\combase.dll
0x00007ffefd9d0000 - 0x00007ffefdab1000 	C:\WINDOWS\System32\OLEAUT32.dll
0x00007ffedbaa0000 - 0x00007ffedbad9000 	C:\WINDOWS\SYSTEM32\dbgcore.DLL
0x00007ffefb800000 - 0x00007ffefb899000 	C:\WINDOWS\System32\bcryptPrimitives.dll
0x00007ffed0c40000 - 0x00007ffed0c5f000 	C:\Program Files\Java\jdk-21\bin\java.dll
0x00007ffefc3f0000 - 0x00007ffefcb32000 	C:\WINDOWS\System32\SHELL32.dll
0x00007ffefb180000 - 0x00007ffefb2f4000 	C:\WINDOWS\System32\wintypes.dll
0x00007ffef8880000 - 0x00007ffef90d8000 	C:\WINDOWS\SYSTEM32\windows.storage.dll
0x00007ffefd720000 - 0x00007ffefd811000 	C:\WINDOWS\System32\SHCORE.dll
0x00007ffefce50000 - 0x00007ffefceba000 	C:\WINDOWS\System32\shlwapi.dll
0x00007ffefab60000 - 0x00007ffefab8f000 	C:\WINDOWS\SYSTEM32\profapi.dll
0x00007ffe9f2b0000 - 0x00007ffe9f387000 	C:\Program Files\Java\jdk-21\bin\jsvml.dll
0x00007ffedd570000 - 0x00007ffedd580000 	C:\Program Files\Java\jdk-21\bin\net.dll
0x00007ffef1150000 - 0x00007ffef126e000 	C:\WINDOWS\SYSTEM32\WINHTTP.dll
0x00007ffef9f80000 - 0x00007ffef9fea000 	C:\WINDOWS\system32\mswsock.dll
0x00007ffed0b10000 - 0x00007ffed0b26000 	C:\Program Files\Java\jdk-21\bin\nio.dll
0x00007ffed0270000 - 0x00007ffed0288000 	C:\Program Files\Java\jdk-21\bin\zip.dll
0x00007ffedca10000 - 0x00007ffedca20000 	C:\Program Files\Java\jdk-21\bin\verify.dll

dbghelp: loaded successfully - version: 4.0.5 - missing functions: none
symbol engine: initialized successfully - sym options: 0x614 - pdb path: .;C:\Program Files\Java\jdk-21\bin;C:\WINDOWS\SYSTEM32;C:\WINDOWS\WinSxS\amd64_microsoft.windows.common-controls_6595b64144ccf1df_6.0.26100.4202_none_3e0698d4e335f517;C:\Program Files\Java\jdk-21\bin\server

VM Arguments:
java_command: org.jetbrains.kotlin.cli.jvm.K2JVMCompiler @C:\Users\juanc\Desktop\AwesomeProject\node_modules\react-native-video\android\buildOutput_a15d4dee7fc4eda61b91308cbb6a2e72\20250704_14116475854151927752.compiler.options
java_class_path (initial): C:\Users\juanc\.gradle\caches\modules-2\files-2.1\org.jetbrains.kotlin\kotlin-compiler-embeddable\2.1.20\4ef56b3316798316bfac7a0ae443391c9e900ea1\kotlin-compiler-embeddable-2.1.20.jar;C:\Users\juanc\.gradle\caches\modules-2\files-2.1\org.jetbrains.kotlin\kotlin-stdlib\2.1.20\aa8ca79cd50578314f6d1180c47cbe14c0fee567\kotlin-stdlib-2.1.20.jar;C:\Users\juanc\.gradle\caches\modules-2\files-2.1\org.jetbrains.kotlin\kotlin-script-runtime\2.1.20\f7c623d7f7bdb01f5ccd6b437bc0a937fcd7c57e\kotlin-script-runtime-2.1.20.jar;C:\Users\juanc\.gradle\caches\modules-2\files-2.1\org.jetbrains.kotlin\kotlin-reflect\1.6.10\1cbe9c92c12a94eea200d23c2bbaedaf3daf5132\kotlin-reflect-1.6.10.jar;C:\Users\juanc\.gradle\caches\modules-2\files-2.1\org.jetbrains.kotlin\kotlin-daemon-embeddable\2.1.20\95670fce77befd02a70a0bc3abe8ee4533521334\kotlin-daemon-embeddable-2.1.20.jar;C:\Users\juanc\.gradle\caches\modules-2\files-2.1\org.jetbrains.intellij.deps\trove4j\1.0.20200330\3afb14d5f9ceb459d724e907a21145e8ff394f02\trove4j-1.0.20200330.jar;C:\Users\juanc\.gradle\caches\modules-2\files-2.1\org.jetbrains.kotlinx\kotlinx-coroutines-core-jvm\1.8.0\ac1dc37a30a93150b704022f8d895ee1bd3a36b3\kotlinx-coroutines-core-jvm-1.8.0.jar;C:\Users\juanc\.gradle\caches\modules-2\files-2.1\org.jetbrains\annotations\13.0\919f0dfe192fb4e063e7dacadee7f8bb9a2672a9\annotations-13.0.jar
Launcher Type: SUN_STANDARD

[Global flags]
     intx CICompilerCount                          = 4                                         {product} {ergonomic}
     uint ConcGCThreads                            = 2                                         {product} {ergonomic}
     uint G1ConcRefinementThreads                  = 8                                         {product} {ergonomic}
   size_t G1HeapRegionSize                         = 1048576                                   {product} {ergonomic}
    uintx GCDrainStackTargetSize                   = 64                                        {product} {ergonomic}
   size_t InitialHeapSize                          = 130023424                                 {product} {ergonomic}
   size_t MarkStackSize                            = 4194304                                   {product} {ergonomic}
   size_t MaxHeapSize                              = 2055208960                                {product} {ergonomic}
   size_t MaxNewSize                               = 1233125376                                {product} {ergonomic}
   size_t MinHeapDeltaBytes                        = 1048576                                   {product} {ergonomic}
   size_t MinHeapSize                              = 8388608                                   {product} {ergonomic}
    uintx NonNMethodCodeHeapSize                   = 5839372                                {pd product} {ergonomic}
    uintx NonProfiledCodeHeapSize                  = 122909434                              {pd product} {ergonomic}
    uintx ProfiledCodeHeapSize                     = 122909434                              {pd product} {ergonomic}
    uintx ReservedCodeCacheSize                    = 251658240                              {pd product} {ergonomic}
     bool SegmentedCodeCache                       = true                                      {product} {ergonomic}
   size_t SoftMaxHeapSize                          = 2055208960                             {manageable} {ergonomic}
     bool UseCompressedOops                        = true                           {product lp64_product} {ergonomic}
     bool UseG1GC                                  = true                                      {product} {ergonomic}
     bool UseLargePagesIndividualAllocation        = false                                  {pd product} {ergonomic}

Logging:
Log output configuration:
 #0: stdout all=warning uptime,level,tags foldmultilines=false
 #1: stderr all=off uptime,level,tags foldmultilines=false

Environment Variables:
JAVA_HOME=C:\Program Files\Java\jdk-21
PATH=C:\Users\juanc\Desktop\AwesomeProject\node_modules\.bin;C:\Users\juanc\Desktop\AwesomeProject\node_modules\.bin;C:\Users\juanc\Desktop\node_modules\.bin;C:\Users\juanc\node_modules\.bin;C:\Users\node_modules\.bin;C:\node_modules\.bin;C:\Users\juanc\AppData\Roaming\npm\node_modules\npm\node_modules\@npmcli\run-script\lib\node-gyp-bin;C:\Program Files\Common Files\Oracle\Java\javapath;C:\Windows\System32\;C:\Windows\;C:\Windows\System32\Wbem\;C:\Windows\System32\WindowsPowerShell\v1.0\;C:\Program Files\nodejs;C:\Users\juanc\AppData\Local\Programs\Python\Python311\;C:\Users\juanc\AppData\Local\Programs\Python\Python311\Scripts\;C:\Program Files\Java\jdk-17\bin;C:\Program Files\PostgreSQL\17\bin;C:\Program Files\Git\bin;C:\Users\juanc\AppData\Roaming\npm;C:\Program Files\Amazon\AWSCLIV2\;C:\Users\juanc\Downloads\ngrok;C:\Program Files\Docker\Docker\resources\bin;C:\Users\juanc\AppData\Local\Android\Sdk\platform-tools;%ANDROID_HOME%\emulator;;C:\WINDOWS\system32;C:\WINDOWS;C:\WINDOWS\System32\Wbem;C:\WINDOWS\System32\WindowsPowerShell\v1.0\;C:\WINDOWS\System32\OpenSSH\;C:\Ruby34-x64\bin;C:\Users\juanc\AppData\Local\Android\Sdk\tools;C:\Users\juanc\AppData\Local\jdk-11.0.2\bin;;C:\Users\juanc\AppData\Local\Programs\Microsoft VS Code\bin;C:\Users\juanc\AppData\Local\Microsoft\WindowsApps
USERNAME=juanc
OS=Windows_NT
PROCESSOR_IDENTIFIER=Intel64 Family 6 Model 140 Stepping 1, GenuineIntel
TMP=C:\Users\juanc\AppData\Local\Temp
TEMP=C:\Users\juanc\AppData\Local\Temp




Periodic native trim disabled

---------------  S Y S T E M  ---------------

OS:
 Windows 11 , 64 bit Build 26100 (10.0.26100.4202)
OS uptime: 0 days 1:51 hours
Hyper-V role detected

CPU: total 8 (initial active 8) (4 cores per cpu, 2 threads per core) family 6 model 140 stepping 1 microcode 0xb4, cx8, cmov, fxsr, ht, mmx, 3dnowpref, sse, sse2, sse3, ssse3, sse4.1, sse4.2, popcnt, lzcnt, tsc, tscinvbit, avx, avx2, aes, erms, clmul, bmi1, bmi2, adx, avx512f, avx512dq, avx512cd, avx512bw, avx512vl, sha, fma, vzeroupper, avx512_vpopcntdq, avx512_vpclmulqdq, avx512_vaes, avx512_vnni, clflush, clflushopt, clwb, avx512_vbmi2, avx512_vbmi, hv, rdtscp, rdpid, fsrm, gfni, avx512_bitalg, f16c, cet_ibt, cet_ss, avx512_ifma
Processor Information for all 8 processors :
  Max Mhz: 2401, Current Mhz: 2400, Mhz Limit: 2376

Memory: 4k page, system-wide physical 7834M (476M free)
TotalPageFile size 31386M (AvailPageFile size 13M)
current process WorkingSet (physical memory assigned to process): 407M, peak: 410M
current process commit charge ("private bytes"): 438M, peak: 443M

vm_info: Java HotSpot(TM) 64-Bit Server VM (21.0.5+9-LTS-239) for windows-amd64 JRE (21.0.5+9-LTS-239), built on 2024-09-30T05:17:38Z by "mach5one" with MS VC++ 17.6 (VS2022)

END.
