#
# There is insufficient memory for the Java Runtime Environment to continue.
# Native memory allocation (mmap) failed to map 130023424 bytes for G1 virtual space
# Possible reasons:
#   The system is out of physical RAM or swap space
#   The process is running with CompressedOops enabled, and the Java Heap may be blocking the growth of the native heap
# Possible solutions:
#   Reduce memory load on the system
#   Increase physical memory or swap space
#   Check if swap backing store is full
#   Decrease Java heap size (-Xmx/-Xms)
#   Decrease number of Java threads
#   Decrease Java thread stack sizes (-Xss)
#   Set larger code cache with -XX:ReservedCodeCacheSize=
#   JVM is running with Unscaled Compressed Oops mode in which the Java heap is
#     placed in the first 4GB address space. The Java Heap base address is the
#     maximum limit for the native heap growth. Please use -XX:HeapBaseMinAddress
#     to set the Java Heap base and to place the Java Heap above 4GB virtual address.
# This output file may be truncated or incomplete.
#
#  Out of Memory Error (os_windows.cpp:3600), pid=10868, tid=19348
#
# JRE version:  (21.0.5+9) (build )
# Java VM: Java HotSpot(TM) 64-Bit Server VM (21.0.5+9-LTS-239, mixed mode, sharing, tiered, compressed oops, compressed class ptrs, g1 gc, windows-amd64)
# No core dump will be written. Minidumps are not enabled by default on client versions of Windows
#

---------------  S U M M A R Y ------------

Command Line: com.google.prefab.cli.AppKt --build-system cmake --platform android --abi arm64-v8a --os-version 24 --stl c++_shared --ndk-version 27 --output C:\\Users\\juanc\\AppData\\Local\\Temp\\agp-prefab-staging3850805870983278562\\staged-cli-output C:\\Users\\juanc\\.gradle\\caches\\8.14.1\\transforms\\1d221509c521a46e74f6572064742339\\transformed\\react-android-0.80.1-debug\\prefab C:\\Users\\juanc\\Desktop\\AwesomeProject\\android\\app\\build\\intermediates\\cxx\\refs\\react-native-reanimated\\s371r5t2 C:\\Users\\juanc\\.gradle\\caches\\8.14.1\\transforms\\816951bc71efb4c99db481b15113489d\\transformed\\hermes-android-0.80.1-debug\\prefab C:\\Users\\juanc\\.gradle\\caches\\8.14.1\\transforms\\b6a6ccfe82730aba80016e7d9940f54a\\transformed\\fbjni-0.7.0\\prefab

Host: 11th Gen Intel(R) Core(TM) i5-1135G7 @ 2.40GHz, 8 cores, 7G,  Windows 11 , 64 bit Build 26100 (10.0.26100.4202)
Time: Fri Jul  4 10:33:08 2025 Argentina Standard Time elapsed time: 1.494776 seconds (0d 0h 0m 1s)

---------------  T H R E A D  ---------------

Current thread (0x000002dae1c43b60):  JavaThread "Unknown thread" [_thread_in_vm, id=19348, stack(0x000000e6bbc00000,0x000000e6bbd00000) (1024K)]

Stack: [0x000000e6bbc00000,0x000000e6bbd00000]
Native frames: (J=compiled Java code, j=interpreted, Vv=VM code, C=native code)
V  [jvm.dll+0x6ca289]
V  [jvm.dll+0x854a51]
V  [jvm.dll+0x856f7e]
V  [jvm.dll+0x857653]
V  [jvm.dll+0x27dd26]
V  [jvm.dll+0x6c6a25]
V  [jvm.dll+0x6bb5aa]
V  [jvm.dll+0x35359a]
V  [jvm.dll+0x35b1f6]
V  [jvm.dll+0x3adade]
V  [jvm.dll+0x3add88]
V  [jvm.dll+0x3278fc]
V  [jvm.dll+0x32845b]
V  [jvm.dll+0x81de19]
V  [jvm.dll+0x3ba7c1]
V  [jvm.dll+0x807168]
V  [jvm.dll+0x44f96e]
V  [jvm.dll+0x451561]
C  [jli.dll+0x52a3]
C  [ucrtbase.dll+0x37b0]
C  [KERNEL32.DLL+0x2e8d7]
C  [ntdll.dll+0x3c34c]


---------------  P R O C E S S  ---------------

Threads class SMR info:
_java_thread_list=0x00007ffe4449ac08, length=0, elements={
}

Java Threads: ( => current thread )
Total: 0

Other Threads:
  0x000002dae36be720 WorkerThread "GC Thread#0"                     [id=16544, stack(0x000000e6bbd00000,0x000000e6bbe00000) (1024K)]
  0x000002dae36ceb10 ConcurrentGCThread "G1 Main Marker"            [id=17724, stack(0x000000e6bbe00000,0x000000e6bbf00000) (1024K)]
  0x000002dae36d13b0 WorkerThread "G1 Conc#0"                       [id=18164, stack(0x000000e6bbf00000,0x000000e6bc000000) (1024K)]

[error occurred during error reporting (printing all threads), id 0xc0000005, EXCEPTION_ACCESS_VIOLATION (0xc0000005) at pc=0x00007ffe43c0a087]
VM state: not at safepoint (not fully initialized)

VM Mutex/Monitor currently owned by a thread:  ([mutex/lock_event])
[0x00007ffe4450bf98] Heap_lock - owner thread: 0x000002dae1c43b60

Heap address: 0x0000000085800000, size: 1960 MB, Compressed Oops mode: 32-bit

CDS archive(s) mapped at: [0x0000000000000000-0x0000000000000000-0x0000000000000000), size 0, SharedBaseAddress: 0x0000000800000000, ArchiveRelocationMode: 1.
Narrow klass base: 0x0000000000000000, Narrow klass shift: 0, Narrow klass range: 0x0

GC Precious Log:
 CardTable entry size: 512
 Card Set container configuration: InlinePtr #cards 5 size 8 Array Of Cards #cards 12 size 40 Howl #buckets 4 coarsen threshold 1843 Howl Bitmap #cards 512 size 80 coarsen threshold 460 Card regions per heap region 1 cards per card region 2048

Heap:
 garbage-first heap   total 0K, used 0K [0x0000000085800000, 0x0000000100000000)
  region size 1024K, 0 young (0K), 0 survivors (0K)

[error occurred during error reporting (printing heap information), id 0xc0000005, EXCEPTION_ACCESS_VIOLATION (0xc0000005) at pc=0x00007ffe43ff3259]
GC Heap History (0 events):
No events

Dll operation events (1 events):
Event: 0.012 Loaded shared library C:\Program Files\Java\jdk-21\bin\java.dll

Deoptimization events (0 events):
No events

Classes loaded (0 events):
No events

Classes unloaded (0 events):
No events

Classes redefined (0 events):
No events

Internal exceptions (0 events):
No events

ZGC Phase Switch (0 events):
No events

VM Operations (0 events):
No events

Events (0 events):
No events


Dynamic libraries:
0x00007ff6186a0000 - 0x00007ff6186b0000 	C:\Program Files\Java\jdk-21\bin\java.exe
0x00007ffefdb00000 - 0x00007ffefdd65000 	C:\WINDOWS\SYSTEM32\ntdll.dll
0x00007ffefcd80000 - 0x00007ffefce49000 	C:\WINDOWS\System32\KERNEL32.DLL
0x00007ffefac50000 - 0x00007ffefb038000 	C:\WINDOWS\System32\KERNELBASE.dll
0x00007ffefb6b0000 - 0x00007ffefb7fb000 	C:\WINDOWS\System32\ucrtbase.dll
0x00007ffee7100000 - 0x00007ffee7119000 	C:\Program Files\Java\jdk-21\bin\jli.dll
0x00007ffee70e0000 - 0x00007ffee70fb000 	C:\Program Files\Java\jdk-21\bin\VCRUNTIME140.dll
0x00007ffefbd70000 - 0x00007ffefbe23000 	C:\WINDOWS\System32\ADVAPI32.dll
0x00007ffefc340000 - 0x00007ffefc3e9000 	C:\WINDOWS\System32\msvcrt.dll
0x00007ffefba90000 - 0x00007ffefbb36000 	C:\WINDOWS\System32\sechost.dll
0x00007ffefbe90000 - 0x00007ffefbfa5000 	C:\WINDOWS\System32\RPCRT4.dll
0x00007ffefbba0000 - 0x00007ffefbd6a000 	C:\WINDOWS\System32\USER32.dll
0x00007ffefb680000 - 0x00007ffefb6a7000 	C:\WINDOWS\System32\win32u.dll
0x00007ffed8550000 - 0x00007ffed87ea000 	C:\WINDOWS\WinSxS\amd64_microsoft.windows.common-controls_6595b64144ccf1df_6.0.26100.4202_none_3e0698d4e335f517\COMCTL32.dll
0x00007ffefd850000 - 0x00007ffefd87b000 	C:\WINDOWS\System32\GDI32.dll
0x00007ffefb300000 - 0x00007ffefb437000 	C:\WINDOWS\System32\gdi32full.dll
0x00007ffefb0d0000 - 0x00007ffefb173000 	C:\WINDOWS\System32\msvcp_win.dll
0x00007ffee9040000 - 0x00007ffee904b000 	C:\WINDOWS\SYSTEM32\VERSION.dll
0x00007ffefbe30000 - 0x00007ffefbe60000 	C:\WINDOWS\System32\IMM32.DLL
0x00007ffee70d0000 - 0x00007ffee70dc000 	C:\Program Files\Java\jdk-21\bin\vcruntime140_1.dll
0x00007ffee6ff0000 - 0x00007ffee707e000 	C:\Program Files\Java\jdk-21\bin\msvcp140.dll
0x00007ffe438d0000 - 0x00007ffe445e8000 	C:\Program Files\Java\jdk-21\bin\server\jvm.dll
0x00007ffefcd00000 - 0x00007ffefcd74000 	C:\WINDOWS\System32\WS2_32.dll
0x00007ffefaaa0000 - 0x00007ffefaafe000 	C:\WINDOWS\SYSTEM32\POWRPROF.dll
0x00007ffeedd10000 - 0x00007ffeedd45000 	C:\WINDOWS\SYSTEM32\WINMM.dll
0x00007ffefaa80000 - 0x00007ffefaa94000 	C:\WINDOWS\SYSTEM32\UMPDC.dll
0x00007ffef9a10000 - 0x00007ffef9a2b000 	C:\WINDOWS\SYSTEM32\kernel.appcore.dll
0x00007ffedd580000 - 0x00007ffedd58a000 	C:\Program Files\Java\jdk-21\bin\jimage.dll
0x00007ffef83c0000 - 0x00007ffef8601000 	C:\WINDOWS\SYSTEM32\DBGHELP.DLL
0x00007ffefbfb0000 - 0x00007ffefc335000 	C:\WINDOWS\System32\combase.dll
0x00007ffefd9d0000 - 0x00007ffefdab1000 	C:\WINDOWS\System32\OLEAUT32.dll
0x00007ffedbaa0000 - 0x00007ffedbad9000 	C:\WINDOWS\SYSTEM32\dbgcore.DLL
0x00007ffefb800000 - 0x00007ffefb899000 	C:\WINDOWS\System32\bcryptPrimitives.dll
0x00007ffed0c40000 - 0x00007ffed0c5f000 	C:\Program Files\Java\jdk-21\bin\java.dll

dbghelp: loaded successfully - version: 4.0.5 - missing functions: none
symbol engine: initialized successfully - sym options: 0x614 - pdb path: .;C:\Program Files\Java\jdk-21\bin;C:\WINDOWS\SYSTEM32;C:\WINDOWS\WinSxS\amd64_microsoft.windows.common-controls_6595b64144ccf1df_6.0.26100.4202_none_3e0698d4e335f517;C:\Program Files\Java\jdk-21\bin\server

VM Arguments:
java_command: com.google.prefab.cli.AppKt --build-system cmake --platform android --abi arm64-v8a --os-version 24 --stl c++_shared --ndk-version 27 --output C:\\Users\\juanc\\AppData\\Local\\Temp\\agp-prefab-staging3850805870983278562\\staged-cli-output C:\\Users\\juanc\\.gradle\\caches\\8.14.1\\transforms\\1d221509c521a46e74f6572064742339\\transformed\\react-android-0.80.1-debug\\prefab C:\\Users\\juanc\\Desktop\\AwesomeProject\\android\\app\\build\\intermediates\\cxx\\refs\\react-native-reanimated\\s371r5t2 C:\\Users\\juanc\\.gradle\\caches\\8.14.1\\transforms\\816951bc71efb4c99db481b15113489d\\transformed\\hermes-android-0.80.1-debug\\prefab C:\\Users\\juanc\\.gradle\\caches\\8.14.1\\transforms\\b6a6ccfe82730aba80016e7d9940f54a\\transformed\\fbjni-0.7.0\\prefab
java_class_path (initial): C:\\Users\\juanc\\.gradle\\caches\\modules-2\\files-2.1\\com.google.prefab\\cli\\2.1.0\\aa32fec809c44fa531f01dcfb739b5b3304d3050\\cli-2.1.0-all.jar
Launcher Type: SUN_STANDARD

[Global flags]
     intx CICompilerCount                          = 4                                         {product} {ergonomic}
     uint ConcGCThreads                            = 2                                         {product} {ergonomic}
     uint G1ConcRefinementThreads                  = 8                                         {product} {ergonomic}
   size_t G1HeapRegionSize                         = 1048576                                   {product} {ergonomic}
    uintx GCDrainStackTargetSize                   = 64                                        {product} {ergonomic}
   size_t InitialHeapSize                          = 130023424                                 {product} {ergonomic}
   size_t MarkStackSize                            = 4194304                                   {product} {ergonomic}
   size_t MaxHeapSize                              = 2055208960                                {product} {ergonomic}
   size_t MinHeapDeltaBytes                        = 1048576                                   {product} {ergonomic}
   size_t MinHeapSize                              = 8388608                                   {product} {ergonomic}
    uintx NonNMethodCodeHeapSize                   = 5839372                                {pd product} {ergonomic}
    uintx NonProfiledCodeHeapSize                  = 122909434                              {pd product} {ergonomic}
    uintx ProfiledCodeHeapSize                     = 122909434                              {pd product} {ergonomic}
    uintx ReservedCodeCacheSize                    = 251658240                              {pd product} {ergonomic}
     bool SegmentedCodeCache                       = true                                      {product} {ergonomic}
   size_t SoftMaxHeapSize                          = 2055208960                             {manageable} {ergonomic}
     bool UseCompressedOops                        = true                           {product lp64_product} {ergonomic}
     bool UseG1GC                                  = true                                      {product} {ergonomic}
     bool UseLargePagesIndividualAllocation        = false                                  {pd product} {ergonomic}

Logging:
Log output configuration:
 #0: stdout all=warning uptime,level,tags foldmultilines=false
 #1: stderr all=off uptime,level,tags foldmultilines=false

Environment Variables:
JAVA_HOME=C:\Program Files\Java\jdk-21
PATH=C:\Users\juanc\Desktop\AwesomeProject\node_modules\.bin;C:\Users\juanc\Desktop\AwesomeProject\node_modules\.bin;C:\Users\juanc\Desktop\node_modules\.bin;C:\Users\juanc\node_modules\.bin;C:\Users\node_modules\.bin;C:\node_modules\.bin;C:\Users\juanc\AppData\Roaming\npm\node_modules\npm\node_modules\@npmcli\run-script\lib\node-gyp-bin;C:\Program Files\Common Files\Oracle\Java\javapath;C:\Windows\System32\;C:\Windows\;C:\Windows\System32\Wbem\;C:\Windows\System32\WindowsPowerShell\v1.0\;C:\Program Files\nodejs;C:\Users\juanc\AppData\Local\Programs\Python\Python311\;C:\Users\juanc\AppData\Local\Programs\Python\Python311\Scripts\;C:\Program Files\Java\jdk-17\bin;C:\Program Files\PostgreSQL\17\bin;C:\Program Files\Git\bin;C:\Users\juanc\AppData\Roaming\npm;C:\Program Files\Amazon\AWSCLIV2\;C:\Users\juanc\Downloads\ngrok;C:\Program Files\Docker\Docker\resources\bin;C:\Users\juanc\AppData\Local\Android\Sdk\platform-tools;%ANDROID_HOME%\emulator;;C:\WINDOWS\system32;C:\WINDOWS;C:\WINDOWS\System32\Wbem;C:\WINDOWS\System32\WindowsPowerShell\v1.0\;C:\WINDOWS\System32\OpenSSH\;C:\Ruby34-x64\bin;C:\Users\juanc\AppData\Local\Android\Sdk\tools;C:\Users\juanc\AppData\Local\jdk-11.0.2\bin;;C:\Users\juanc\AppData\Local\Programs\Microsoft VS Code\bin;C:\Users\juanc\AppData\Local\Microsoft\WindowsApps
USERNAME=juanc
OS=Windows_NT
PROCESSOR_IDENTIFIER=Intel64 Family 6 Model 140 Stepping 1, GenuineIntel
TMP=C:\Users\juanc\AppData\Local\Temp
TEMP=C:\Users\juanc\AppData\Local\Temp




Periodic native trim disabled

---------------  S Y S T E M  ---------------

OS:
 Windows 11 , 64 bit Build 26100 (10.0.26100.4202)
OS uptime: 0 days 1:38 hours
Hyper-V role detected

CPU: total 8 (initial active 8) (4 cores per cpu, 2 threads per core) family 6 model 140 stepping 1 microcode 0xb4, cx8, cmov, fxsr, ht, mmx, 3dnowpref, sse, sse2, sse3, ssse3, sse4.1, sse4.2, popcnt, lzcnt, tsc, tscinvbit, avx, avx2, aes, erms, clmul, bmi1, bmi2, adx, avx512f, avx512dq, avx512cd, avx512bw, avx512vl, sha, fma, vzeroupper, avx512_vpopcntdq, avx512_vpclmulqdq, avx512_vaes, avx512_vnni, clflush, clflushopt, clwb, avx512_vbmi2, avx512_vbmi, hv, rdtscp, rdpid, fsrm, gfni, avx512_bitalg, f16c, cet_ibt, cet_ss, avx512_ifma
Processor Information for processor 0
  Max Mhz: 2401, Current Mhz: 1100, Mhz Limit: 2376
Processor Information for processor 1
  Max Mhz: 2401, Current Mhz: 2400, Mhz Limit: 2376
Processor Information for processor 2
  Max Mhz: 2401, Current Mhz: 2400, Mhz Limit: 2376
Processor Information for processor 3
  Max Mhz: 2401, Current Mhz: 2400, Mhz Limit: 2376
Processor Information for processor 4
  Max Mhz: 2401, Current Mhz: 2400, Mhz Limit: 2376
Processor Information for processor 5
  Max Mhz: 2401, Current Mhz: 1100, Mhz Limit: 2376
Processor Information for processor 6
  Max Mhz: 2401, Current Mhz: 2400, Mhz Limit: 2376
Processor Information for processor 7
  Max Mhz: 2401, Current Mhz: 2400, Mhz Limit: 2376

Memory: 4k page, system-wide physical 7834M (773M free)
TotalPageFile size 31386M (AvailPageFile size 76M)
current process WorkingSet (physical memory assigned to process): 12M, peak: 12M
current process commit charge ("private bytes"): 60M, peak: 184M

vm_info: Java HotSpot(TM) 64-Bit Server VM (21.0.5+9-LTS-239) for windows-amd64 JRE (21.0.5+9-LTS-239), built on 2024-09-30T05:17:38Z by "mach5one" with MS VC++ 17.6 (VS2022)

END.
