#
# There is insufficient memory for the Java Runtime Environment to continue.
# Native memory allocation (malloc) failed to allocate 2348336 bytes for Chunk::new
# Possible reasons:
#   The system is out of physical RAM or swap space
#   The process is running with CompressedOops enabled, and the Java Heap may be blocking the growth of the native heap
# Possible solutions:
#   Reduce memory load on the system
#   Increase physical memory or swap space
#   Check if swap backing store is full
#   Decrease Java heap size (-Xmx/-Xms)
#   Decrease number of Java threads
#   Decrease Java thread stack sizes (-Xss)
#   Set larger code cache with -XX:ReservedCodeCacheSize=
#   JVM is running with Unscaled Compressed Oops mode in which the Java heap is
#     placed in the first 4GB address space. The Java Heap base address is the
#     maximum limit for the native heap growth. Please use -XX:HeapBaseMinAddress
#     to set the Java Heap base and to place the Java Heap above 4GB virtual address.
# This output file may be truncated or incomplete.
#
#  Out of Memory Error (arena.cpp:168), pid=11808, tid=15880
#
# JRE version: Java(TM) SE Runtime Environment (21.0.5+9) (build 21.0.5+9-LTS-239)
# Java VM: Java HotSpot(TM) 64-Bit Server VM (21.0.5+9-LTS-239, mixed mode, sharing, tiered, compressed oops, compressed class ptrs, g1 gc, windows-amd64)
# No core dump will be written. Minidumps are not enabled by default on client versions of Windows
#

---------------  S U M M A R Y ------------

Command Line: org.jetbrains.kotlin.cli.jvm.K2JVMCompiler @C:\Users\juanc\Desktop\AwesomeProject\node_modules\react-native-video\android\buildOutput_a15d4dee7fc4eda61b91308cbb6a2e72\20250704_11303613436518115453.compiler.options

Host: 11th Gen Intel(R) Core(TM) i5-1135G7 @ 2.40GHz, 8 cores, 7G,  Windows 11 , 64 bit Build 26100 (10.0.26100.4202)
Time: Fri Jul  4 10:39:57 2025 Argentina Standard Time elapsed time: 24.620721 seconds (0d 0h 0m 24s)

---------------  T H R E A D  ---------------

Current thread (0x00000142eedb9c60):  JavaThread "C2 CompilerThread1" daemon [_thread_in_native, id=15880, stack(0x00000036bb300000,0x00000036bb400000) (1024K)]


Current CompileTask:
C2:  24620 8757       4       org.jetbrains.kotlin.load.java.structure.impl.classFiles.BinaryJavaMethodBase$Companion::create (572 bytes)

Stack: [0x00000036bb300000,0x00000036bb400000]
Native frames: (J=compiled Java code, j=interpreted, Vv=VM code, C=native code)
V  [jvm.dll+0x6ca289]
V  [jvm.dll+0x854a51]
V  [jvm.dll+0x856f7e]
V  [jvm.dll+0x857653]
V  [jvm.dll+0x27dd26]
V  [jvm.dll+0xc4c2d]
V  [jvm.dll+0xc5163]
V  [jvm.dll+0x3b4d02]
V  [jvm.dll+0x3814b5]
V  [jvm.dll+0x38092a]
V  [jvm.dll+0x246910]
V  [jvm.dll+0x245eef]
V  [jvm.dll+0x1c6d0e]
V  [jvm.dll+0x2554d9]
V  [jvm.dll+0x253a6a]
V  [jvm.dll+0x3ee136]
V  [jvm.dll+0x7fee9b]
V  [jvm.dll+0x6c896d]
C  [ucrtbase.dll+0x37b0]
C  [KERNEL32.DLL+0x2e8d7]
C  [ntdll.dll+0x3c34c]


---------------  P R O C E S S  ---------------

Threads class SMR info:
_java_thread_list=0x00000142f1982aa0, length=12, elements={
0x000001428931f860, 0x00000142a5b52330, 0x00000142a5b538f0, 0x00000142a5b56ec0,
0x00000142a5b57910, 0x00000142a5b58360, 0x00000142a5b5b1d0, 0x00000142a5b5df60,
0x00000142a5b644e0, 0x00000142eb129740, 0x00000142eb12bf70, 0x00000142eedb9c60
}

Java Threads: ( => current thread )
  0x000001428931f860 JavaThread "main"                              [_thread_in_Java, id=15780, stack(0x00000036b9900000,0x00000036b9a00000) (1024K)]
  0x00000142a5b52330 JavaThread "Reference Handler"          daemon [_thread_blocked, id=12520, stack(0x00000036ba100000,0x00000036ba200000) (1024K)]
  0x00000142a5b538f0 JavaThread "Finalizer"                  daemon [_thread_blocked, id=12612, stack(0x00000036ba200000,0x00000036ba300000) (1024K)]
  0x00000142a5b56ec0 JavaThread "Signal Dispatcher"          daemon [_thread_blocked, id=3052, stack(0x00000036ba300000,0x00000036ba400000) (1024K)]
  0x00000142a5b57910 JavaThread "Attach Listener"            daemon [_thread_blocked, id=13620, stack(0x00000036ba400000,0x00000036ba500000) (1024K)]
  0x00000142a5b58360 JavaThread "Service Thread"             daemon [_thread_blocked, id=17012, stack(0x00000036ba500000,0x00000036ba600000) (1024K)]
  0x00000142a5b5b1d0 JavaThread "Monitor Deflation Thread"   daemon [_thread_blocked, id=8660, stack(0x00000036ba600000,0x00000036ba700000) (1024K)]
  0x00000142a5b5df60 JavaThread "C2 CompilerThread0"         daemon [_thread_blocked, id=11116, stack(0x00000036ba700000,0x00000036ba800000) (1024K)]
  0x00000142a5b644e0 JavaThread "C1 CompilerThread0"         daemon [_thread_blocked, id=5588, stack(0x00000036ba800000,0x00000036ba900000) (1024K)]
  0x00000142eb129740 JavaThread "Notification Thread"        daemon [_thread_blocked, id=3752, stack(0x00000036ba900000,0x00000036baa00000) (1024K)]
  0x00000142eb12bf70 JavaThread "Common-Cleaner"             daemon [_thread_blocked, id=1676, stack(0x00000036baa00000,0x00000036bab00000) (1024K)]
=>0x00000142eedb9c60 JavaThread "C2 CompilerThread1"         daemon [_thread_in_native, id=15880, stack(0x00000036bb300000,0x00000036bb400000) (1024K)]
Total: 12

Other Threads:
  0x00000142a5b340b0 VMThread "VM Thread"                           [id=15616, stack(0x00000036ba000000,0x00000036ba100000) (1024K)]
  0x00000142a5b20250 WatcherThread "VM Periodic Task Thread"        [id=18588, stack(0x00000036b9f00000,0x00000036ba000000) (1024K)]
  0x000001428936e0d0 WorkerThread "GC Thread#0"                     [id=5856, stack(0x00000036b9a00000,0x00000036b9b00000) (1024K)]
  0x00000142eb7753c0 WorkerThread "GC Thread#1"                     [id=3688, stack(0x00000036bab00000,0x00000036bac00000) (1024K)]
  0x00000142eb7dc6f0 WorkerThread "GC Thread#2"                     [id=19316, stack(0x00000036bac00000,0x00000036bad00000) (1024K)]
  0x00000142eb7dca90 WorkerThread "GC Thread#3"                     [id=9876, stack(0x00000036bad00000,0x00000036bae00000) (1024K)]
  0x00000142eb7e1160 WorkerThread "GC Thread#4"                     [id=14876, stack(0x00000036bae00000,0x00000036baf00000) (1024K)]
  0x00000142eb7e1500 WorkerThread "GC Thread#5"                     [id=7136, stack(0x00000036baf00000,0x00000036bb000000) (1024K)]
  0x00000142ebbe0fa0 WorkerThread "GC Thread#6"                     [id=7428, stack(0x00000036bb000000,0x00000036bb100000) (1024K)]
  0x00000142ebbe0c00 WorkerThread "GC Thread#7"                     [id=16888, stack(0x00000036bb100000,0x00000036bb200000) (1024K)]
  0x000001428937f8e0 ConcurrentGCThread "G1 Main Marker"            [id=5144, stack(0x00000036b9b00000,0x00000036b9c00000) (1024K)]
  0x00000142893802f0 WorkerThread "G1 Conc#0"                       [id=4068, stack(0x00000036b9c00000,0x00000036b9d00000) (1024K)]
  0x00000142ed6d57d0 WorkerThread "G1 Conc#1"                       [id=16876, stack(0x00000036bb200000,0x00000036bb300000) (1024K)]
  0x00000142a59ee140 ConcurrentGCThread "G1 Refine#0"               [id=7532, stack(0x00000036b9d00000,0x00000036b9e00000) (1024K)]
  0x00000142a59ef7e0 ConcurrentGCThread "G1 Service"                [id=8912, stack(0x00000036b9e00000,0x00000036b9f00000) (1024K)]
Total: 15

Threads with active compile tasks:
C2 CompilerThread1    24742 8757       4       org.jetbrains.kotlin.load.java.structure.impl.classFiles.BinaryJavaMethodBase$Companion::create (572 bytes)
Total: 1

VM state: not at safepoint (normal execution)

VM Mutex/Monitor currently owned by a thread: None

Heap address: 0x0000000085800000, size: 1960 MB, Compressed Oops mode: 32-bit

CDS archive(s) mapped at: [0x00000142a6000000-0x00000142a6c90000-0x00000142a6c90000), size 13172736, SharedBaseAddress: 0x00000142a6000000, ArchiveRelocationMode: 1.
Compressed class space mapped at: 0x00000142a7000000-0x00000142e7000000, reserved size: 1073741824
Narrow klass base: 0x00000142a6000000, Narrow klass shift: 0, Narrow klass range: 0x100000000

GC Precious Log:
 CardTable entry size: 512
 Card Set container configuration: InlinePtr #cards 5 size 8 Array Of Cards #cards 12 size 40 Howl #buckets 4 coarsen threshold 1843 Howl Bitmap #cards 512 size 80 coarsen threshold 460 Card regions per heap region 1 cards per card region 2048
 CPUs: 8 total, 8 available
 Memory: 7834M
 Large Page Support: Disabled
 NUMA Support: Disabled
 Compressed Oops: Enabled (32-bit)
 Heap Region Size: 1M
 Heap Min Capacity: 8M
 Heap Initial Capacity: 124M
 Heap Max Capacity: 1960M
 Pre-touch: Disabled
 Parallel Workers: 8
 Concurrent Workers: 2
 Concurrent Refinement Workers: 8
 Periodic GC: Disabled

Heap:
 garbage-first heap   total 107520K, used 73097K [0x0000000085800000, 0x0000000100000000)
  region size 1024K, 12 young (12288K), 3 survivors (3072K)
 Metaspace       used 54123K, committed 54528K, reserved 1114112K
  class space    used 6108K, committed 6272K, reserved 1048576K

Heap Regions: E=young(eden), S=young(survivor), O=old, HS=humongous(starts), HC=humongous(continues), CS=collection set, F=free, TAMS=top-at-mark-start, PB=parsable bottom
|   0|0x0000000085800000, 0x0000000085900000, 0x0000000085900000|100%|HS|  |TAMS 0x0000000085800000| PB 0x0000000085800000| Complete 
|   1|0x0000000085900000, 0x0000000085a00000, 0x0000000085a00000|100%|HC|  |TAMS 0x0000000085900000| PB 0x0000000085900000| Complete 
|   2|0x0000000085a00000, 0x0000000085b00000, 0x0000000085b00000|100%|HC|  |TAMS 0x0000000085a00000| PB 0x0000000085a00000| Complete 
|   3|0x0000000085b00000, 0x0000000085c00000, 0x0000000085c00000|100%| O|  |TAMS 0x0000000085b00000| PB 0x0000000085b00000| Untracked 
|   4|0x0000000085c00000, 0x0000000085d00000, 0x0000000085d00000|100%| O|  |TAMS 0x0000000085c00000| PB 0x0000000085c00000| Untracked 
|   5|0x0000000085d00000, 0x0000000085e00000, 0x0000000085e00000|100%| O|  |TAMS 0x0000000085d00000| PB 0x0000000085d00000| Untracked 
|   6|0x0000000085e00000, 0x0000000085f00000, 0x0000000085f00000|100%| O|  |TAMS 0x0000000085e00000| PB 0x0000000085e00000| Untracked 
|   7|0x0000000085f00000, 0x0000000086000000, 0x0000000086000000|100%| O|  |TAMS 0x0000000085f00000| PB 0x0000000085f00000| Untracked 
|   8|0x0000000086000000, 0x0000000086100000, 0x0000000086100000|100%| O|  |TAMS 0x0000000086000000| PB 0x0000000086000000| Untracked 
|   9|0x0000000086100000, 0x0000000086200000, 0x0000000086200000|100%| O|  |TAMS 0x0000000086100000| PB 0x0000000086100000| Untracked 
|  10|0x0000000086200000, 0x0000000086300000, 0x0000000086300000|100%| O|  |TAMS 0x0000000086200000| PB 0x0000000086200000| Untracked 
|  11|0x0000000086300000, 0x0000000086400000, 0x0000000086400000|100%| O|  |TAMS 0x0000000086300000| PB 0x0000000086300000| Untracked 
|  12|0x0000000086400000, 0x0000000086500000, 0x0000000086500000|100%| O|  |TAMS 0x0000000086400000| PB 0x0000000086400000| Untracked 
|  13|0x0000000086500000, 0x0000000086600000, 0x0000000086600000|100%| O|  |TAMS 0x0000000086500000| PB 0x0000000086500000| Untracked 
|  14|0x0000000086600000, 0x0000000086700000, 0x0000000086700000|100%| O|  |TAMS 0x0000000086600000| PB 0x0000000086600000| Untracked 
|  15|0x0000000086700000, 0x0000000086800000, 0x0000000086800000|100%| O|  |TAMS 0x0000000086700000| PB 0x0000000086700000| Untracked 
|  16|0x0000000086800000, 0x0000000086900000, 0x0000000086900000|100%| O|  |TAMS 0x0000000086800000| PB 0x0000000086800000| Untracked 
|  17|0x0000000086900000, 0x0000000086a00000, 0x0000000086a00000|100%| O|  |TAMS 0x0000000086900000| PB 0x0000000086900000| Untracked 
|  18|0x0000000086a00000, 0x0000000086b00000, 0x0000000086b00000|100%| O|  |TAMS 0x0000000086a00000| PB 0x0000000086a00000| Untracked 
|  19|0x0000000086b00000, 0x0000000086c00000, 0x0000000086c00000|100%| O|  |TAMS 0x0000000086b00000| PB 0x0000000086b00000| Untracked 
|  20|0x0000000086c00000, 0x0000000086d00000, 0x0000000086d00000|100%| O|  |TAMS 0x0000000086c00000| PB 0x0000000086c00000| Untracked 
|  21|0x0000000086d00000, 0x0000000086e00000, 0x0000000086e00000|100%| O|  |TAMS 0x0000000086d00000| PB 0x0000000086d00000| Untracked 
|  22|0x0000000086e00000, 0x0000000086f00000, 0x0000000086f00000|100%| O|  |TAMS 0x0000000086e00000| PB 0x0000000086e00000| Untracked 
|  23|0x0000000086f00000, 0x0000000087000000, 0x0000000087000000|100%| O|  |TAMS 0x0000000086f00000| PB 0x0000000086f00000| Untracked 
|  24|0x0000000087000000, 0x0000000087100000, 0x0000000087100000|100%| O|  |TAMS 0x0000000087000000| PB 0x0000000087000000| Untracked 
|  25|0x0000000087100000, 0x0000000087200000, 0x0000000087200000|100%| O|  |TAMS 0x0000000087100000| PB 0x0000000087100000| Untracked 
|  26|0x0000000087200000, 0x0000000087300000, 0x0000000087300000|100%| O|  |TAMS 0x0000000087200000| PB 0x0000000087200000| Untracked 
|  27|0x0000000087300000, 0x0000000087400000, 0x0000000087400000|100%| O|  |TAMS 0x0000000087300000| PB 0x0000000087300000| Untracked 
|  28|0x0000000087400000, 0x0000000087500000, 0x0000000087500000|100%| O|  |TAMS 0x0000000087400000| PB 0x0000000087400000| Untracked 
|  29|0x0000000087500000, 0x0000000087600000, 0x0000000087600000|100%| O|  |TAMS 0x0000000087500000| PB 0x0000000087500000| Untracked 
|  30|0x0000000087600000, 0x0000000087700000, 0x0000000087700000|100%| O|  |TAMS 0x0000000087600000| PB 0x0000000087600000| Untracked 
|  31|0x0000000087700000, 0x0000000087800000, 0x0000000087800000|100%| O|  |TAMS 0x0000000087700000| PB 0x0000000087700000| Untracked 
|  32|0x0000000087800000, 0x0000000087900000, 0x0000000087900000|100%| O|  |TAMS 0x0000000087800000| PB 0x0000000087800000| Untracked 
|  33|0x0000000087900000, 0x0000000087a00000, 0x0000000087a00000|100%| O|  |TAMS 0x0000000087900000| PB 0x0000000087900000| Untracked 
|  34|0x0000000087a00000, 0x0000000087b00000, 0x0000000087b00000|100%| O|  |TAMS 0x0000000087a00000| PB 0x0000000087a00000| Untracked 
|  35|0x0000000087b00000, 0x0000000087c00000, 0x0000000087c00000|100%| O|  |TAMS 0x0000000087b00000| PB 0x0000000087b00000| Untracked 
|  36|0x0000000087c00000, 0x0000000087d00000, 0x0000000087d00000|100%| O|  |TAMS 0x0000000087c00000| PB 0x0000000087c00000| Untracked 
|  37|0x0000000087d00000, 0x0000000087e00000, 0x0000000087e00000|100%| O|  |TAMS 0x0000000087d00000| PB 0x0000000087d00000| Untracked 
|  38|0x0000000087e00000, 0x0000000087f00000, 0x0000000087f00000|100%| O|  |TAMS 0x0000000087e00000| PB 0x0000000087e00000| Untracked 
|  39|0x0000000087f00000, 0x0000000088000000, 0x0000000088000000|100%| O|  |TAMS 0x0000000087f00000| PB 0x0000000087f00000| Untracked 
|  40|0x0000000088000000, 0x0000000088100000, 0x0000000088100000|100%| O|Cm|TAMS 0x0000000088000000| PB 0x0000000088000000| Complete 
|  41|0x0000000088100000, 0x0000000088200000, 0x0000000088200000|100%| O|Cm|TAMS 0x0000000088100000| PB 0x0000000088100000| Complete 
|  42|0x0000000088200000, 0x0000000088300000, 0x0000000088300000|100%| O|  |TAMS 0x0000000088200000| PB 0x0000000088200000| Untracked 
|  43|0x0000000088300000, 0x0000000088400000, 0x0000000088400000|100%| O|  |TAMS 0x0000000088300000| PB 0x0000000088300000| Untracked 
|  44|0x0000000088400000, 0x0000000088500000, 0x0000000088500000|100%| O|  |TAMS 0x0000000088400000| PB 0x0000000088400000| Untracked 
|  45|0x0000000088500000, 0x0000000088600000, 0x0000000088600000|100%| O|  |TAMS 0x0000000088500000| PB 0x0000000088500000| Untracked 
|  46|0x0000000088600000, 0x0000000088700000, 0x0000000088700000|100%| O|  |TAMS 0x0000000088600000| PB 0x0000000088600000| Untracked 
|  47|0x0000000088700000, 0x0000000088800000, 0x0000000088800000|100%| O|  |TAMS 0x0000000088700000| PB 0x0000000088700000| Untracked 
|  48|0x0000000088800000, 0x0000000088900000, 0x0000000088900000|100%| O|  |TAMS 0x0000000088800000| PB 0x0000000088800000| Untracked 
|  49|0x0000000088900000, 0x0000000088a00000, 0x0000000088a00000|100%| O|  |TAMS 0x0000000088900000| PB 0x0000000088900000| Untracked 
|  50|0x0000000088a00000, 0x0000000088b00000, 0x0000000088b00000|100%| O|  |TAMS 0x0000000088a00000| PB 0x0000000088a00000| Untracked 
|  51|0x0000000088b00000, 0x0000000088c00000, 0x0000000088c00000|100%| O|  |TAMS 0x0000000088b00000| PB 0x0000000088b00000| Untracked 
|  52|0x0000000088c00000, 0x0000000088d00000, 0x0000000088d00000|100%| O|  |TAMS 0x0000000088c00000| PB 0x0000000088c00000| Untracked 
|  53|0x0000000088d00000, 0x0000000088e00000, 0x0000000088e00000|100%| O|  |TAMS 0x0000000088d00000| PB 0x0000000088d00000| Untracked 
|  54|0x0000000088e00000, 0x0000000088f00000, 0x0000000088f00000|100%| O|  |TAMS 0x0000000088e00000| PB 0x0000000088e00000| Untracked 
|  55|0x0000000088f00000, 0x0000000089000000, 0x0000000089000000|100%| O|  |TAMS 0x0000000088f00000| PB 0x0000000088f00000| Untracked 
|  56|0x0000000089000000, 0x0000000089100000, 0x0000000089100000|100%| O|  |TAMS 0x0000000089000000| PB 0x0000000089000000| Untracked 
|  57|0x0000000089100000, 0x0000000089200000, 0x0000000089200000|100%| O|  |TAMS 0x0000000089100000| PB 0x0000000089100000| Untracked 
|  58|0x0000000089200000, 0x0000000089300000, 0x0000000089300000|100%| O|  |TAMS 0x0000000089200000| PB 0x0000000089200000| Untracked 
|  59|0x0000000089300000, 0x0000000089400000, 0x0000000089400000|100%| O|  |TAMS 0x0000000089300000| PB 0x0000000089300000| Untracked 
|  60|0x0000000089400000, 0x00000000894c9650, 0x0000000089500000| 78%| O|  |TAMS 0x0000000089400000| PB 0x0000000089400000| Untracked 
|  61|0x0000000089500000, 0x0000000089500000, 0x0000000089600000|  0%| F|  |TAMS 0x0000000089500000| PB 0x0000000089500000| Untracked 
|  62|0x0000000089600000, 0x0000000089600000, 0x0000000089700000|  0%| F|  |TAMS 0x0000000089600000| PB 0x0000000089600000| Untracked 
|  63|0x0000000089700000, 0x0000000089700000, 0x0000000089800000|  0%| F|  |TAMS 0x0000000089700000| PB 0x0000000089700000| Untracked 
|  64|0x0000000089800000, 0x0000000089800000, 0x0000000089900000|  0%| F|  |TAMS 0x0000000089800000| PB 0x0000000089800000| Untracked 
|  65|0x0000000089900000, 0x0000000089900000, 0x0000000089a00000|  0%| F|  |TAMS 0x0000000089900000| PB 0x0000000089900000| Untracked 
|  66|0x0000000089a00000, 0x0000000089a00000, 0x0000000089b00000|  0%| F|  |TAMS 0x0000000089a00000| PB 0x0000000089a00000| Untracked 
|  67|0x0000000089b00000, 0x0000000089b00000, 0x0000000089c00000|  0%| F|  |TAMS 0x0000000089b00000| PB 0x0000000089b00000| Untracked 
|  68|0x0000000089c00000, 0x0000000089c00000, 0x0000000089d00000|  0%| F|  |TAMS 0x0000000089c00000| PB 0x0000000089c00000| Untracked 
|  69|0x0000000089d00000, 0x0000000089d00000, 0x0000000089e00000|  0%| F|  |TAMS 0x0000000089d00000| PB 0x0000000089d00000| Untracked 
|  70|0x0000000089e00000, 0x0000000089e00000, 0x0000000089f00000|  0%| F|  |TAMS 0x0000000089e00000| PB 0x0000000089e00000| Untracked 
|  71|0x0000000089f00000, 0x0000000089f00000, 0x000000008a000000|  0%| F|  |TAMS 0x0000000089f00000| PB 0x0000000089f00000| Untracked 
|  72|0x000000008a000000, 0x000000008a000000, 0x000000008a100000|  0%| F|  |TAMS 0x000000008a000000| PB 0x000000008a000000| Untracked 
|  73|0x000000008a100000, 0x000000008a100000, 0x000000008a200000|  0%| F|  |TAMS 0x000000008a100000| PB 0x000000008a100000| Untracked 
|  74|0x000000008a200000, 0x000000008a200000, 0x000000008a300000|  0%| F|  |TAMS 0x000000008a200000| PB 0x000000008a200000| Untracked 
|  75|0x000000008a300000, 0x000000008a300000, 0x000000008a400000|  0%| F|  |TAMS 0x000000008a300000| PB 0x000000008a300000| Untracked 
|  76|0x000000008a400000, 0x000000008a400000, 0x000000008a500000|  0%| F|  |TAMS 0x000000008a400000| PB 0x000000008a400000| Untracked 
|  77|0x000000008a500000, 0x000000008a500000, 0x000000008a600000|  0%| F|  |TAMS 0x000000008a500000| PB 0x000000008a500000| Untracked 
|  78|0x000000008a600000, 0x000000008a600000, 0x000000008a700000|  0%| F|  |TAMS 0x000000008a600000| PB 0x000000008a600000| Untracked 
|  79|0x000000008a700000, 0x000000008a700000, 0x000000008a800000|  0%| F|  |TAMS 0x000000008a700000| PB 0x000000008a700000| Untracked 
|  80|0x000000008a800000, 0x000000008a800000, 0x000000008a900000|  0%| F|  |TAMS 0x000000008a800000| PB 0x000000008a800000| Untracked 
|  81|0x000000008a900000, 0x000000008a900000, 0x000000008aa00000|  0%| F|  |TAMS 0x000000008a900000| PB 0x000000008a900000| Untracked 
|  82|0x000000008aa00000, 0x000000008aa00000, 0x000000008ab00000|  0%| F|  |TAMS 0x000000008aa00000| PB 0x000000008aa00000| Untracked 
|  83|0x000000008ab00000, 0x000000008ab00000, 0x000000008ac00000|  0%| F|  |TAMS 0x000000008ab00000| PB 0x000000008ab00000| Untracked 
|  84|0x000000008ac00000, 0x000000008ac00000, 0x000000008ad00000|  0%| F|  |TAMS 0x000000008ac00000| PB 0x000000008ac00000| Untracked 
|  85|0x000000008ad00000, 0x000000008ad98e70, 0x000000008ae00000| 59%| S|CS|TAMS 0x000000008ad00000| PB 0x000000008ad00000| Complete 
|  86|0x000000008ae00000, 0x000000008af00000, 0x000000008af00000|100%| S|CS|TAMS 0x000000008ae00000| PB 0x000000008ae00000| Complete 
|  87|0x000000008af00000, 0x000000008b000000, 0x000000008b000000|100%| S|CS|TAMS 0x000000008af00000| PB 0x000000008af00000| Complete 
|  88|0x000000008b000000, 0x000000008b000000, 0x000000008b100000|  0%| F|  |TAMS 0x000000008b000000| PB 0x000000008b000000| Untracked 
|  89|0x000000008b100000, 0x000000008b100000, 0x000000008b200000|  0%| F|  |TAMS 0x000000008b100000| PB 0x000000008b100000| Untracked 
|  90|0x000000008b200000, 0x000000008b200000, 0x000000008b300000|  0%| F|  |TAMS 0x000000008b200000| PB 0x000000008b200000| Untracked 
|  91|0x000000008b300000, 0x000000008b300000, 0x000000008b400000|  0%| F|  |TAMS 0x000000008b300000| PB 0x000000008b300000| Untracked 
|  92|0x000000008b400000, 0x000000008b400000, 0x000000008b500000|  0%| F|  |TAMS 0x000000008b400000| PB 0x000000008b400000| Untracked 
|  93|0x000000008b500000, 0x000000008b500000, 0x000000008b600000|  0%| F|  |TAMS 0x000000008b500000| PB 0x000000008b500000| Untracked 
|  94|0x000000008b600000, 0x000000008b600000, 0x000000008b700000|  0%| F|  |TAMS 0x000000008b600000| PB 0x000000008b600000| Untracked 
|  95|0x000000008b700000, 0x000000008b700000, 0x000000008b800000|  0%| F|  |TAMS 0x000000008b700000| PB 0x000000008b700000| Untracked 
|  96|0x000000008b800000, 0x000000008b8572e8, 0x000000008b900000| 34%| E|  |TAMS 0x000000008b800000| PB 0x000000008b800000| Complete 
|  97|0x000000008b900000, 0x000000008ba00000, 0x000000008ba00000|100%| E|CS|TAMS 0x000000008b900000| PB 0x000000008b900000| Complete 
|  98|0x000000008ba00000, 0x000000008bb00000, 0x000000008bb00000|100%| E|CS|TAMS 0x000000008ba00000| PB 0x000000008ba00000| Complete 
|  99|0x000000008bb00000, 0x000000008bc00000, 0x000000008bc00000|100%| E|CS|TAMS 0x000000008bb00000| PB 0x000000008bb00000| Complete 
| 100|0x000000008bc00000, 0x000000008bd00000, 0x000000008bd00000|100%| E|CS|TAMS 0x000000008bc00000| PB 0x000000008bc00000| Complete 
| 101|0x000000008bd00000, 0x000000008be00000, 0x000000008be00000|100%| E|CS|TAMS 0x000000008bd00000| PB 0x000000008bd00000| Complete 
| 102|0x000000008be00000, 0x000000008bf00000, 0x000000008bf00000|100%| E|CS|TAMS 0x000000008be00000| PB 0x000000008be00000| Complete 
| 103|0x000000008bf00000, 0x000000008c000000, 0x000000008c000000|100%| E|CS|TAMS 0x000000008bf00000| PB 0x000000008bf00000| Complete 
| 123|0x000000008d300000, 0x000000008d400000, 0x000000008d400000|100%| E|CS|TAMS 0x000000008d300000| PB 0x000000008d300000| Complete 

Card table byte_map: [0x00000142a0eb0000,0x00000142a1290000] _byte_map_base: 0x00000142a0a84000

Marking Bits: (CMBitMap*) 0x000001428936e6e0
 Bits: [0x00000142a1290000, 0x00000142a3130000)

Polling page: 0x0000014287250000

Metaspace:

Usage:
  Non-class:     46.89 MB used.
      Class:      5.96 MB used.
       Both:     52.85 MB used.

Virtual space:
  Non-class space:       64.00 MB reserved,      47.12 MB ( 74%) committed,  1 nodes.
      Class space:        1.00 GB reserved,       6.12 MB ( <1%) committed,  1 nodes.
             Both:        1.06 GB reserved,      53.25 MB (  5%) committed. 

Chunk freelists:
   Non-Class:  15.86 MB
       Class:  9.91 MB
        Both:  25.77 MB

MaxMetaspaceSize: unlimited
CompressedClassSpaceSize: 1.00 GB
Initial GC threshold: 21.00 MB
Current GC threshold: 85.62 MB
CDS: on
 - commit_granule_bytes: 65536.
 - commit_granule_words: 8192.
 - virtual_space_node_default_size: 8388608.
 - enlarge_chunks_in_place: 1.
 - use_allocation_guard: 0.


Internal statistics:

num_allocs_failed_limit: 6.
num_arena_births: 332.
num_arena_deaths: 0.
num_vsnodes_births: 2.
num_vsnodes_deaths: 0.
num_space_committed: 850.
num_space_uncommitted: 0.
num_chunks_returned_to_freelist: 6.
num_chunks_taken_from_freelist: 2198.
num_chunk_merges: 3.
num_chunk_splits: 1798.
num_chunks_enlarged: 1627.
num_inconsistent_stats: 0.

CodeHeap 'non-profiled nmethods': size=120000Kb used=4059Kb max_used=4059Kb free=115940Kb
 bounds [0x0000014299270000, 0x0000014299670000, 0x00000142a07a0000]
CodeHeap 'profiled nmethods': size=120000Kb used=24350Kb max_used=24350Kb free=95649Kb
 bounds [0x00000142917a0000, 0x0000014292f70000, 0x0000014298cd0000]
CodeHeap 'non-nmethods': size=5760Kb used=1873Kb max_used=1922Kb free=3886Kb
 bounds [0x0000014298cd0000, 0x0000014298f40000, 0x0000014299270000]
 total_blobs=8602 nmethods=7905 adapters=600
 compilation: enabled
              stopped_count=0, restarted_count=0
 full_count=0

Compilation events (20 events):
Event: 23.567 Thread 0x00000142a5b644e0 8822       3       org.jetbrains.kotlin.fir.resolve.ResolveUtilsKt::isIntegerLiteralOrOperatorCall (114 bytes)
Event: 23.568 Thread 0x00000142a5b5df60 nmethod 8821 0x000001429965d890 code [0x000001429965da00, 0x000001429965dab0]
Event: 23.568 Thread 0x00000142a5b644e0 nmethod 8822 0x0000014292f25b10 code [0x0000014292f25da0, 0x0000014292f270d8]
Event: 23.572 Thread 0x00000142a5b5df60 8823       4       org.jetbrains.kotlin.util.NullableArrayMapAccessor::getValue (10 bytes)
Event: 23.573 Thread 0x00000142a5b5df60 nmethod 8823 0x000001429965db90 code [0x000001429965dd20, 0x000001429965de48]
Event: 23.584 Thread 0x00000142a5b644e0 8824       1       org.jetbrains.kotlin.fir.declarations.impl.FirAnonymousFunctionImpl::getControlFlowGraphReference (5 bytes)
Event: 23.584 Thread 0x00000142a5b644e0 nmethod 8824 0x000001429965e010 code [0x000001429965e1a0, 0x000001429965e268]
Event: 23.587 Thread 0x00000142a5b644e0 8825       3       org.jetbrains.kotlin.fir.resolve.transformers.body.resolve.FirAbstractBodyResolveTransformerDispatcher::transformDeclarationContent (27 bytes)
Event: 23.588 Thread 0x00000142a5b644e0 nmethod 8825 0x0000014292f27490 code [0x0000014292f27880, 0x0000014292f29280]
Event: 23.602 Thread 0x00000142a5b644e0 8826       3       org.jetbrains.kotlin.fir.resolve.ResolutionMode$WithExpectedType::copy$default (60 bytes)
Event: 23.603 Thread 0x00000142a5b644e0 nmethod 8826 0x0000014292f29b10 code [0x0000014292f29cc0, 0x0000014292f29f08]
Event: 23.603 Thread 0x00000142a5b644e0 8827       3       org.jetbrains.kotlin.fir.resolve.ResolutionMode$WithExpectedType::copy (31 bytes)
Event: 23.603 Thread 0x00000142a5b644e0 nmethod 8827 0x0000014292f2a090 code [0x0000014292f2a2c0, 0x0000014292f2a990]
Event: 23.603 Thread 0x00000142a5b644e0 8828       1       org.jetbrains.kotlin.fir.declarations.impl.FirEnumEntryImpl::getReturnTypeRef (5 bytes)
Event: 23.603 Thread 0x00000142a5b644e0 nmethod 8828 0x000001429965e310 code [0x000001429965e4a0, 0x000001429965e568]
Event: 23.604 Thread 0x00000142a5b644e0 8829       1       org.jetbrains.kotlin.fir.declarations.impl.FirAnonymousFunctionImpl::getInvocationKind (5 bytes)
Event: 23.604 Thread 0x00000142a5b644e0 nmethod 8829 0x000001429965e610 code [0x000001429965e7a0, 0x000001429965e868]
Event: 23.604 Thread 0x00000142a5b644e0 8830       3       org.jetbrains.kotlin.fir.resolve.dfa.FirLocalVariableAssignmentAnalyzer::enterFunctionCall (237 bytes)
Event: 23.606 Thread 0x00000142a5b644e0 nmethod 8830 0x0000014292f2ac10 code [0x0000014292f2afc0, 0x0000014292f2cc80]
Event: 23.606 Thread 0x00000142a5b644e0 8831       3       org.jetbrains.kotlin.fir.resolve.dfa.cfg.ControlFlowGraphBuilder::enterCallArguments (205 bytes)

GC Heap History (20 events):
Event: 12.263 GC heap before
{Heap before GC invocations=9 (full 0):
 garbage-first heap   total 58368K, used 49552K [0x0000000085800000, 0x0000000100000000)
  region size 1024K, 22 young (22528K), 1 survivors (1024K)
 Metaspace       used 38248K, committed 38528K, reserved 1114112K
  class space    used 4387K, committed 4544K, reserved 1048576K
}
Event: 12.275 GC heap after
{Heap after GC invocations=10 (full 0):
 garbage-first heap   total 58368K, used 33103K [0x0000000085800000, 0x0000000100000000)
  region size 1024K, 3 young (3072K), 3 survivors (3072K)
 Metaspace       used 38248K, committed 38528K, reserved 1114112K
  class space    used 4387K, committed 4544K, reserved 1048576K
}
Event: 12.853 GC heap before
{Heap before GC invocations=10 (full 0):
 garbage-first heap   total 58368K, used 47439K [0x0000000085800000, 0x0000000100000000)
  region size 1024K, 18 young (18432K), 3 survivors (3072K)
 Metaspace       used 38290K, committed 38656K, reserved 1114112K
  class space    used 4387K, committed 4544K, reserved 1048576K
}
Event: 12.871 GC heap after
{Heap after GC invocations=11 (full 0):
 garbage-first heap   total 58368K, used 38527K [0x0000000085800000, 0x0000000100000000)
  region size 1024K, 3 young (3072K), 3 survivors (3072K)
 Metaspace       used 38290K, committed 38656K, reserved 1114112K
  class space    used 4387K, committed 4544K, reserved 1048576K
}
Event: 13.275 GC heap before
{Heap before GC invocations=11 (full 0):
 garbage-first heap   total 58368K, used 48767K [0x0000000085800000, 0x0000000100000000)
  region size 1024K, 13 young (13312K), 3 survivors (3072K)
 Metaspace       used 39366K, committed 39680K, reserved 1114112K
  class space    used 4517K, committed 4672K, reserved 1048576K
}
Event: 13.284 GC heap after
{Heap after GC invocations=12 (full 0):
 garbage-first heap   total 58368K, used 41981K [0x0000000085800000, 0x0000000100000000)
  region size 1024K, 2 young (2048K), 2 survivors (2048K)
 Metaspace       used 39366K, committed 39680K, reserved 1114112K
  class space    used 4517K, committed 4672K, reserved 1048576K
}
Event: 14.014 GC heap before
{Heap before GC invocations=13 (full 0):
 garbage-first heap   total 71680K, used 49149K [0x0000000085800000, 0x0000000100000000)
  region size 1024K, 10 young (10240K), 2 survivors (2048K)
 Metaspace       used 42013K, committed 42368K, reserved 1114112K
  class space    used 4881K, committed 5056K, reserved 1048576K
}
Event: 14.023 GC heap after
{Heap after GC invocations=14 (full 0):
 garbage-first heap   total 71680K, used 43381K [0x0000000085800000, 0x0000000100000000)
  region size 1024K, 1 young (1024K), 1 survivors (1024K)
 Metaspace       used 42013K, committed 42368K, reserved 1114112K
  class space    used 4881K, committed 5056K, reserved 1048576K
}
Event: 16.158 GC heap before
{Heap before GC invocations=14 (full 0):
 garbage-first heap   total 71680K, used 58741K [0x0000000085800000, 0x0000000100000000)
  region size 1024K, 17 young (17408K), 1 survivors (1024K)
 Metaspace       used 44856K, committed 45184K, reserved 1114112K
  class space    used 5202K, committed 5376K, reserved 1048576K
}
Event: 16.170 GC heap after
{Heap after GC invocations=15 (full 0):
 garbage-first heap   total 86016K, used 45536K [0x0000000085800000, 0x0000000100000000)
  region size 1024K, 3 young (3072K), 3 survivors (3072K)
 Metaspace       used 44856K, committed 45184K, reserved 1114112K
  class space    used 5202K, committed 5376K, reserved 1048576K
}
Event: 17.594 GC heap before
{Heap before GC invocations=15 (full 0):
 garbage-first heap   total 86016K, used 71136K [0x0000000085800000, 0x0000000100000000)
  region size 1024K, 28 young (28672K), 3 survivors (3072K)
 Metaspace       used 46523K, committed 46848K, reserved 1114112K
  class space    used 5352K, committed 5504K, reserved 1048576K
}
Event: 17.616 GC heap after
{Heap after GC invocations=16 (full 0):
 garbage-first heap   total 86016K, used 51929K [0x0000000085800000, 0x0000000100000000)
  region size 1024K, 4 young (4096K), 4 survivors (4096K)
 Metaspace       used 46523K, committed 46848K, reserved 1114112K
  class space    used 5352K, committed 5504K, reserved 1048576K
}
Event: 18.548 GC heap before
{Heap before GC invocations=17 (full 0):
 garbage-first heap   total 91136K, used 72409K [0x0000000085800000, 0x0000000100000000)
  region size 1024K, 24 young (24576K), 4 survivors (4096K)
 Metaspace       used 49687K, committed 49984K, reserved 1114112K
  class space    used 5696K, committed 5824K, reserved 1048576K
}
Event: 18.566 GC heap after
{Heap after GC invocations=18 (full 0):
 garbage-first heap   total 91136K, used 55296K [0x0000000085800000, 0x0000000100000000)
  region size 1024K, 3 young (3072K), 3 survivors (3072K)
 Metaspace       used 49687K, committed 49984K, reserved 1114112K
  class space    used 5696K, committed 5824K, reserved 1048576K
}
Event: 20.071 GC heap before
{Heap before GC invocations=18 (full 0):
 garbage-first heap   total 91136K, used 77824K [0x0000000085800000, 0x0000000100000000)
  region size 1024K, 25 young (25600K), 3 survivors (3072K)
 Metaspace       used 50817K, committed 51136K, reserved 1114112K
  class space    used 5811K, committed 5952K, reserved 1048576K
}
Event: 20.092 GC heap after
{Heap after GC invocations=19 (full 0):
 garbage-first heap   total 91136K, used 59392K [0x0000000085800000, 0x0000000100000000)
  region size 1024K, 4 young (4096K), 4 survivors (4096K)
 Metaspace       used 50817K, committed 51136K, reserved 1114112K
  class space    used 5811K, committed 5952K, reserved 1048576K
}
Event: 21.425 GC heap before
{Heap before GC invocations=19 (full 0):
 garbage-first heap   total 91136K, used 78848K [0x0000000085800000, 0x0000000100000000)
  region size 1024K, 23 young (23552K), 4 survivors (4096K)
 Metaspace       used 52241K, committed 52544K, reserved 1114112K
  class space    used 5922K, committed 6080K, reserved 1048576K
}
Event: 21.444 GC heap after
{Heap after GC invocations=20 (full 0):
 garbage-first heap   total 91136K, used 62976K [0x0000000085800000, 0x0000000100000000)
  region size 1024K, 3 young (3072K), 3 survivors (3072K)
 Metaspace       used 52241K, committed 52544K, reserved 1114112K
  class space    used 5922K, committed 6080K, reserved 1048576K
}
Event: 23.130 GC heap before
{Heap before GC invocations=21 (full 0):
 garbage-first heap   total 107520K, used 79360K [0x0000000085800000, 0x0000000100000000)
  region size 1024K, 20 young (20480K), 3 survivors (3072K)
 Metaspace       used 53681K, committed 54016K, reserved 1114112K
  class space    used 6061K, committed 6208K, reserved 1048576K
}
Event: 23.146 GC heap after
{Heap after GC invocations=22 (full 0):
 garbage-first heap   total 107520K, used 64905K [0x0000000085800000, 0x0000000100000000)
  region size 1024K, 3 young (3072K), 3 survivors (3072K)
 Metaspace       used 53681K, committed 54016K, reserved 1114112K
  class space    used 6061K, committed 6208K, reserved 1048576K
}

Dll operation events (7 events):
Event: 0.012 Loaded shared library C:\Program Files\Java\jdk-21\bin\java.dll
Event: 0.077 Loaded shared library C:\Program Files\Java\jdk-21\bin\jsvml.dll
Event: 0.151 Loaded shared library C:\Program Files\Java\jdk-21\bin\net.dll
Event: 0.154 Loaded shared library C:\Program Files\Java\jdk-21\bin\nio.dll
Event: 0.228 Loaded shared library C:\Program Files\Java\jdk-21\bin\zip.dll
Event: 0.275 Loaded shared library C:\Program Files\Java\jdk-21\bin\jimage.dll
Event: 3.867 Loaded shared library C:\Program Files\Java\jdk-21\bin\verify.dll

Deoptimization events (20 events):
Event: 23.074 Thread 0x000001428931f860 Uncommon trap: trap_request=0xffffffde fr.pc=0x00000142993602ac relative=0x00000000000005ac
Event: 23.074 Thread 0x000001428931f860 Uncommon trap: reason=class_check action=maybe_recompile pc=0x00000142993602ac method=org.jetbrains.kotlin.com.intellij.lang.impl.PsiBuilderImpl.skipWhitespace()V @ 72 c2
Event: 23.074 Thread 0x000001428931f860 DEOPT PACKING pc=0x00000142993602ac sp=0x00000036b99f3a20
Event: 23.074 Thread 0x000001428931f860 DEOPT UNPACKING pc=0x0000014298d27da2 sp=0x00000036b99f3a20 mode 2
Event: 23.083 Thread 0x000001428931f860 Uncommon trap: trap_request=0xffffffde fr.pc=0x00000142993602ac relative=0x00000000000005ac
Event: 23.083 Thread 0x000001428931f860 Uncommon trap: reason=class_check action=maybe_recompile pc=0x00000142993602ac method=org.jetbrains.kotlin.com.intellij.lang.impl.PsiBuilderImpl.skipWhitespace()V @ 72 c2
Event: 23.083 Thread 0x000001428931f860 DEOPT PACKING pc=0x00000142993602ac sp=0x00000036b99f3a20
Event: 23.083 Thread 0x000001428931f860 DEOPT UNPACKING pc=0x0000014298d27da2 sp=0x00000036b99f3a20 mode 2
Event: 23.263 Thread 0x000001428931f860 Uncommon trap: trap_request=0xffffff45 fr.pc=0x00000142994d1b1c relative=0x000000000000039c
Event: 23.263 Thread 0x000001428931f860 Uncommon trap: reason=unstable_if action=reinterpret pc=0x00000142994d1b1c method=org.jetbrains.kotlin.kotlinx.collections.immutable.implementations.immutableMap.TrieNode.containsKey(ILjava/lang/Object;I)Z @ 39 c2
Event: 23.263 Thread 0x000001428931f860 DEOPT PACKING pc=0x00000142994d1b1c sp=0x00000036b99f55a0
Event: 23.263 Thread 0x000001428931f860 DEOPT UNPACKING pc=0x0000014298d27da2 sp=0x00000036b99f5450 mode 2
Event: 23.266 Thread 0x000001428931f860 Uncommon trap: trap_request=0xffffff45 fr.pc=0x000001429940b990 relative=0x00000000000000f0
Event: 23.266 Thread 0x000001428931f860 Uncommon trap: reason=unstable_if action=reinterpret pc=0x000001429940b990 method=org.jetbrains.kotlin.kotlinx.collections.immutable.implementations.immutableMap.TrieNode.containsKey(ILjava/lang/Object;I)Z @ 39 c2
Event: 23.266 Thread 0x000001428931f860 DEOPT PACKING pc=0x000001429940b990 sp=0x00000036b99f4e80
Event: 23.266 Thread 0x000001428931f860 DEOPT UNPACKING pc=0x0000014298d27da2 sp=0x00000036b99f4e00 mode 2
Event: 23.374 Thread 0x000001428931f860 Uncommon trap: trap_request=0xffffff6e fr.pc=0x00000142992b0ea4 relative=0x00000000000003e4
Event: 23.374 Thread 0x000001428931f860 Uncommon trap: reason=loop_limit_check action=maybe_recompile pc=0x00000142992b0ea4 method=java.lang.StringLatin1.indexOf([BI[BII)I @ 37 c2
Event: 23.374 Thread 0x000001428931f860 DEOPT PACKING pc=0x00000142992b0ea4 sp=0x00000036b99f2880
Event: 23.374 Thread 0x000001428931f860 DEOPT UNPACKING pc=0x0000014298d27da2 sp=0x00000036b99f27e0 mode 2

Classes loaded (20 events):
Event: 13.843 Loading class java/beans/ChangeListenerMap done
Event: 13.843 Loading class java/beans/PropertyChangeSupport$PropertyChangeListenerMap done
Event: 13.843 Loading class java/beans/PropertyChangeListener
Event: 13.843 Loading class java/beans/PropertyChangeListener done
Event: 14.972 Loading class java/util/ComparableTimSort
Event: 14.973 Loading class java/util/ComparableTimSort done
Event: 15.115 Loading class java/security/CodeSigner
Event: 15.115 Loading class java/security/CodeSigner done
Event: 16.432 Loading class java/util/RegularEnumSet$EnumSetIterator
Event: 16.433 Loading class java/util/RegularEnumSet$EnumSetIterator done
Event: 18.179 Loading class java/util/AbstractList$RandomAccessSubList
Event: 18.179 Loading class java/util/AbstractList$RandomAccessSubList done
Event: 20.945 Loading class java/lang/Byte$ByteCache
Event: 20.945 Loading class java/lang/Byte$ByteCache done
Event: 21.009 Loading class java/lang/Short$ShortCache
Event: 21.009 Loading class java/lang/Short$ShortCache done
Event: 22.904 Loading class java/lang/Character$UnicodeBlock
Event: 22.905 Loading class java/lang/Character$Subset
Event: 22.905 Loading class java/lang/Character$Subset done
Event: 22.907 Loading class java/lang/Character$UnicodeBlock done

Classes unloaded (0 events):
No events

Classes redefined (0 events):
No events

Internal exceptions (20 events):
Event: 11.614 Thread 0x000001428931f860 Implicit null exception at 0x000001429945159e to 0x00000142994517c0
Event: 11.659 Thread 0x000001428931f860 Implicit null exception at 0x000001429932793d to 0x00000142993279c1
Event: 11.659 Thread 0x000001428931f860 Implicit null exception at 0x0000014299451c98 to 0x0000014299451e60
Event: 13.574 Thread 0x000001428931f860 Exception <a 'java/lang/NoSuchMethodError'{0x000000008b89fc08}: 'java.lang.Object java.lang.invoke.Invokers$Holder.invokeExact_MT(java.lang.Object, java.lang.Object, long, java.lang.Object)'> (0x000000008b89fc08) 
thrown [s\open\src\hotspot\share\interpreter\linkResolver.cpp, line 773]
Event: 13.792 Thread 0x000001428931f860 Exception <a 'java/lang/NoSuchMethodError'{0x000000008b6db400}: 'java.lang.Object java.lang.invoke.Invokers$Holder.invokeExact_MT(java.lang.Object, java.lang.Object, java.lang.Object, java.lang.Object, java.lang.Object, java.lang.Object)'> (0x000000008b6db400) 
thrown [s\open\src\hotspot\share\interpreter\linkResolver.cpp, line 773]
Event: 14.994 Thread 0x000001428931f860 Exception <a 'java/lang/IncompatibleClassChangeError'{0x000000008b65a6c8}: Found class java.lang.Object, but interface was expected> (0x000000008b65a6c8) 
thrown [s\open\src\hotspot\share\interpreter\linkResolver.cpp, line 840]
Event: 17.349 Thread 0x000001428931f860 Exception <a 'java/lang/NoSuchMethodError'{0x0000000089983a20}: 'java.lang.Object java.lang.invoke.DirectMethodHandle$Holder.invokeStaticInit(java.lang.Object, java.lang.Object, java.lang.Object, java.lang.Object)'> (0x0000000089983a20) 
thrown [s\open\src\hotspot\share\interpreter\linkResolver.cpp, line 773]
Event: 17.738 Thread 0x000001428931f860 Exception <a 'java/lang/NoSuchMethodError'{0x000000008b933ef8}: 'java.lang.Object java.lang.invoke.DirectMethodHandle$Holder.newInvokeSpecial(java.lang.Object, java.lang.Object, java.lang.Object, java.lang.Object, int, java.lang.Object, java.lang.Object)'> (0x000000008b933ef8) 
thrown [s\open\src\hotspot\share\interpreter\linkResolver.cpp, line 773]
Event: 17.739 Thread 0x000001428931f860 Exception <a 'java/lang/NoSuchMethodError'{0x000000008b93bfe8}: 'java.lang.Object java.lang.invoke.Invokers$Holder.linkToTargetMethod(java.lang.Object, java.lang.Object, java.lang.Object, int, java.lang.Object, java.lang.Object, java.lang.Object)'> (0x000000008b93bfe8) 
thrown [s\open\src\hotspot\share\interpreter\linkResolver.cpp, line 773]
Event: 17.904 Thread 0x000001428931f860 Exception <a 'java/lang/NoSuchMethodError'{0x000000008b482960}: 'java.lang.Object java.lang.invoke.DirectMethodHandle$Holder.invokeSpecial(java.lang.Object, java.lang.Object, int, java.lang.Object, java.lang.Object)'> (0x000000008b482960) 
thrown [s\open\src\hotspot\share\interpreter\linkResolver.cpp, line 773]
Event: 18.305 Thread 0x000001428931f860 Exception <a 'java/lang/NoSuchMethodError'{0x000000008a49c250}: 'java.lang.Object java.lang.invoke.DirectMethodHandle$Holder.newInvokeSpecial(java.lang.Object, int, java.lang.Object)'> (0x000000008a49c250) 
thrown [s\open\src\hotspot\share\interpreter\linkResolver.cpp, line 773]
Event: 19.270 Thread 0x000001428931f860 Exception <a 'java/lang/NoSuchMethodError'{0x000000008a3b41d8}: 'java.lang.Object java.lang.invoke.DirectMethodHandle$Holder.newInvokeSpecial(java.lang.Object, java.lang.Object, java.lang.Object, java.lang.Object, java.lang.Object, java.lang.Object, java.lang.Object, java.lang.Object, java.lang.Object)'> (0x000000008a3b41d8) 
thrown [s\open\src\hotspot\share\interpreter\linkResolver.cpp, line 773]
Event: 20.333 Thread 0x000001428931f860 Exception <a 'java/lang/NoSuchMethodError'{0x000000008b921cc8}: 'java.lang.Object java.lang.invoke.DirectMethodHandle$Holder.newInvokeSpecial(java.lang.Object, java.lang.Object, java.lang.Object, java.lang.Object, java.lang.Object, int)'> (0x000000008b921cc8) 
thrown [s\open\src\hotspot\share\interpreter\linkResolver.cpp, line 773]
Event: 20.334 Thread 0x000001428931f860 Exception <a 'java/lang/NoSuchMethodError'{0x000000008b926410}: 'java.lang.Object java.lang.invoke.DirectMethodHandle$Holder.invokeSpecial(java.lang.Object, java.lang.Object, java.lang.Object, java.lang.Object, java.lang.Object, java.lang.Object, int)'> (0x000000008b926410) 
thrown [s\open\src\hotspot\share\interpreter\linkResolver.cpp, line 773]
Event: 20.341 Thread 0x000001428931f860 Exception <a 'java/lang/NoSuchMethodError'{0x000000008b92a4f8}: 'java.lang.Object java.lang.invoke.Invokers$Holder.linkToTargetMethod(java.lang.Object, java.lang.Object, java.lang.Object, java.lang.Object, int, java.lang.Object)'> (0x000000008b92a4f8) 
thrown [s\open\src\hotspot\share\interpreter\linkResolver.cpp, line 773]
Event: 20.517 Thread 0x000001428931f860 Exception <a 'java/lang/NoSuchMethodError'{0x000000008b9e8710}: 'java.lang.Object java.lang.invoke.DirectMethodHandle$Holder.invokeStatic(java.lang.Object, java.lang.Object, java.lang.Object, int, java.lang.Object, java.lang.Object)'> (0x000000008b9e8710) 
thrown [s\open\src\hotspot\share\interpreter\linkResolver.cpp, line 773]
Event: 20.533 Thread 0x000001428931f860 Exception <a 'java/lang/NoSuchMethodError'{0x000000008b801858}: 'java.lang.Object java.lang.invoke.DirectMethodHandle$Holder.invokeStatic(java.lang.Object, int, java.lang.Object, java.lang.Object)'> (0x000000008b801858) 
thrown [s\open\src\hotspot\share\interpreter\linkResolver.cpp, line 773]
Event: 21.044 Thread 0x000001428931f860 Exception <a 'java/lang/NoSuchMethodError'{0x000000008a259e28}: 'java.lang.Object java.lang.invoke.DirectMethodHandle$Holder.invokeStatic(java.lang.Object, int, java.lang.Object)'> (0x000000008a259e28) 
thrown [s\open\src\hotspot\share\interpreter\linkResolver.cpp, line 773]
Event: 22.193 Thread 0x000001428931f860 Implicit null exception at 0x00000142992d005e to 0x00000142992d0158
Event: 22.206 Thread 0x000001428931f860 Exception <a 'java/lang/NoSuchMethodError'{0x000000008b882290}: 'void java.lang.invoke.DirectMethodHandle$Holder.invokeSpecial(java.lang.Object, java.lang.Object, int, java.lang.Object)'> (0x000000008b882290) 
thrown [s\open\src\hotspot\share\interpreter\linkResolver.cpp, line 773]

ZGC Phase Switch (0 events):
No events

VM Operations (20 events):
Event: 21.578 Executing VM operation: G1PauseCleanup done
Event: 21.916 Executing VM operation: HandshakeAllThreads (Deoptimize)
Event: 21.916 Executing VM operation: HandshakeAllThreads (Deoptimize) done
Event: 21.926 Executing VM operation: ICBufferFull
Event: 21.926 Executing VM operation: ICBufferFull done
Event: 22.219 Executing VM operation: HandshakeAllThreads (Deoptimize)
Event: 22.219 Executing VM operation: HandshakeAllThreads (Deoptimize) done
Event: 22.262 Executing VM operation: HandshakeAllThreads (Deoptimize)
Event: 22.263 Executing VM operation: HandshakeAllThreads (Deoptimize) done
Event: 22.306 Executing VM operation: HandshakeAllThreads (Deoptimize)
Event: 22.306 Executing VM operation: HandshakeAllThreads (Deoptimize) done
Event: 22.720 Executing VM operation: ICBufferFull
Event: 22.720 Executing VM operation: ICBufferFull done
Event: 23.130 Executing VM operation: G1CollectForAllocation (G1 Evacuation Pause)
Event: 23.146 Executing VM operation: G1CollectForAllocation (G1 Evacuation Pause) done
Event: 23.158 Executing VM operation: HandshakeAllThreads (Deoptimize)
Event: 23.158 Executing VM operation: HandshakeAllThreads (Deoptimize) done
Event: 23.396 Executing VM operation: ICBufferFull
Event: 23.396 Executing VM operation: ICBufferFull done
Event: 24.410 Executing VM operation: Cleanup

Events (20 events):
Event: 21.548 Thread 0x00000142a5b340b0 flushing nmethod 0x0000014291fd8a90
Event: 21.548 Thread 0x00000142a5b340b0 flushing nmethod 0x000001429201c810
Event: 21.548 Thread 0x00000142a5b340b0 flushing nmethod 0x0000014292023f90
Event: 21.548 Thread 0x00000142a5b340b0 flushing nmethod 0x0000014292037d10
Event: 21.548 Thread 0x00000142a5b340b0 flushing nmethod 0x0000014292072a10
Event: 21.548 Thread 0x00000142a5b340b0 flushing nmethod 0x00000142920a8190
Event: 21.548 Thread 0x00000142a5b340b0 flushing nmethod 0x00000142920f9b90
Event: 21.548 Thread 0x00000142a5b340b0 flushing nmethod 0x000001429210b610
Event: 21.548 Thread 0x00000142a5b340b0 flushing nmethod 0x000001429219e390
Event: 21.548 Thread 0x00000142a5b340b0 flushing nmethod 0x000001429219f310
Event: 21.548 Thread 0x00000142a5b340b0 flushing nmethod 0x00000142921d1490
Event: 21.548 Thread 0x00000142a5b340b0 flushing nmethod 0x00000142921dcd90
Event: 21.548 Thread 0x00000142a5b340b0 flushing nmethod 0x0000014292363b90
Event: 21.548 Thread 0x00000142a5b340b0 flushing nmethod 0x000001429240c990
Event: 21.548 Thread 0x00000142a5b340b0 flushing nmethod 0x0000014292416510
Event: 21.548 Thread 0x00000142a5b340b0 flushing nmethod 0x000001429249db90
Event: 21.548 Thread 0x00000142a5b340b0 flushing nmethod 0x00000142924a0e90
Event: 21.548 Thread 0x00000142a5b340b0 flushing nmethod 0x00000142924d4e10
Event: 22.417 Thread 0x00000142f1bf56c0 Thread exited: 0x00000142f1bf56c0
Event: 22.929 Thread 0x00000142eedb9c60 Thread added: 0x00000142eedb9c60


Dynamic libraries:
0x00007ff6186a0000 - 0x00007ff6186b0000 	C:\Program Files\Java\jdk-21\bin\java.exe
0x00007ffefdb00000 - 0x00007ffefdd65000 	C:\WINDOWS\SYSTEM32\ntdll.dll
0x00007ffefcd80000 - 0x00007ffefce49000 	C:\WINDOWS\System32\KERNEL32.DLL
0x00007ffefac50000 - 0x00007ffefb038000 	C:\WINDOWS\System32\KERNELBASE.dll
0x00007ffefb6b0000 - 0x00007ffefb7fb000 	C:\WINDOWS\System32\ucrtbase.dll
0x00007ffee7100000 - 0x00007ffee7119000 	C:\Program Files\Java\jdk-21\bin\jli.dll
0x00007ffee70e0000 - 0x00007ffee70fb000 	C:\Program Files\Java\jdk-21\bin\VCRUNTIME140.dll
0x00007ffefbd70000 - 0x00007ffefbe23000 	C:\WINDOWS\System32\ADVAPI32.dll
0x00007ffefc340000 - 0x00007ffefc3e9000 	C:\WINDOWS\System32\msvcrt.dll
0x00007ffefba90000 - 0x00007ffefbb36000 	C:\WINDOWS\System32\sechost.dll
0x00007ffefbe90000 - 0x00007ffefbfa5000 	C:\WINDOWS\System32\RPCRT4.dll
0x00007ffefbba0000 - 0x00007ffefbd6a000 	C:\WINDOWS\System32\USER32.dll
0x00007ffefb680000 - 0x00007ffefb6a7000 	C:\WINDOWS\System32\win32u.dll
0x00007ffefd850000 - 0x00007ffefd87b000 	C:\WINDOWS\System32\GDI32.dll
0x00007ffed8550000 - 0x00007ffed87ea000 	C:\WINDOWS\WinSxS\amd64_microsoft.windows.common-controls_6595b64144ccf1df_6.0.26100.4202_none_3e0698d4e335f517\COMCTL32.dll
0x00007ffefb300000 - 0x00007ffefb437000 	C:\WINDOWS\System32\gdi32full.dll
0x00007ffefb0d0000 - 0x00007ffefb173000 	C:\WINDOWS\System32\msvcp_win.dll
0x00007ffee9040000 - 0x00007ffee904b000 	C:\WINDOWS\SYSTEM32\VERSION.dll
0x00007ffefbe30000 - 0x00007ffefbe60000 	C:\WINDOWS\System32\IMM32.DLL
0x00007ffee70d0000 - 0x00007ffee70dc000 	C:\Program Files\Java\jdk-21\bin\vcruntime140_1.dll
0x00007ffee6ff0000 - 0x00007ffee707e000 	C:\Program Files\Java\jdk-21\bin\msvcp140.dll
0x00007ffe438d0000 - 0x00007ffe445e8000 	C:\Program Files\Java\jdk-21\bin\server\jvm.dll
0x00007ffefcd00000 - 0x00007ffefcd74000 	C:\WINDOWS\System32\WS2_32.dll
0x00007ffefaaa0000 - 0x00007ffefaafe000 	C:\WINDOWS\SYSTEM32\POWRPROF.dll
0x00007ffeedd10000 - 0x00007ffeedd45000 	C:\WINDOWS\SYSTEM32\WINMM.dll
0x00007ffefaa80000 - 0x00007ffefaa94000 	C:\WINDOWS\SYSTEM32\UMPDC.dll
0x00007ffef9a10000 - 0x00007ffef9a2b000 	C:\WINDOWS\SYSTEM32\kernel.appcore.dll
0x00007ffedd580000 - 0x00007ffedd58a000 	C:\Program Files\Java\jdk-21\bin\jimage.dll
0x00007ffef83c0000 - 0x00007ffef8601000 	C:\WINDOWS\SYSTEM32\DBGHELP.DLL
0x00007ffefbfb0000 - 0x00007ffefc335000 	C:\WINDOWS\System32\combase.dll
0x00007ffefd9d0000 - 0x00007ffefdab1000 	C:\WINDOWS\System32\OLEAUT32.dll
0x00007ffedbaa0000 - 0x00007ffedbad9000 	C:\WINDOWS\SYSTEM32\dbgcore.DLL
0x00007ffefb800000 - 0x00007ffefb899000 	C:\WINDOWS\System32\bcryptPrimitives.dll
0x00007ffed0c40000 - 0x00007ffed0c5f000 	C:\Program Files\Java\jdk-21\bin\java.dll
0x00007ffefc3f0000 - 0x00007ffefcb32000 	C:\WINDOWS\System32\SHELL32.dll
0x00007ffefb180000 - 0x00007ffefb2f4000 	C:\WINDOWS\System32\wintypes.dll
0x00007ffef8880000 - 0x00007ffef90d8000 	C:\WINDOWS\SYSTEM32\windows.storage.dll
0x00007ffefd720000 - 0x00007ffefd811000 	C:\WINDOWS\System32\SHCORE.dll
0x00007ffefce50000 - 0x00007ffefceba000 	C:\WINDOWS\System32\shlwapi.dll
0x00007ffefab60000 - 0x00007ffefab8f000 	C:\WINDOWS\SYSTEM32\profapi.dll
0x00007ffe9f2b0000 - 0x00007ffe9f387000 	C:\Program Files\Java\jdk-21\bin\jsvml.dll
0x00007ffedd570000 - 0x00007ffedd580000 	C:\Program Files\Java\jdk-21\bin\net.dll
0x00007ffef1150000 - 0x00007ffef126e000 	C:\WINDOWS\SYSTEM32\WINHTTP.dll
0x00007ffef9f80000 - 0x00007ffef9fea000 	C:\WINDOWS\system32\mswsock.dll
0x00007ffed0b10000 - 0x00007ffed0b26000 	C:\Program Files\Java\jdk-21\bin\nio.dll
0x00007ffed0270000 - 0x00007ffed0288000 	C:\Program Files\Java\jdk-21\bin\zip.dll
0x00007ffedca10000 - 0x00007ffedca20000 	C:\Program Files\Java\jdk-21\bin\verify.dll

dbghelp: loaded successfully - version: 4.0.5 - missing functions: none
symbol engine: initialized successfully - sym options: 0x614 - pdb path: .;C:\Program Files\Java\jdk-21\bin;C:\WINDOWS\SYSTEM32;C:\WINDOWS\WinSxS\amd64_microsoft.windows.common-controls_6595b64144ccf1df_6.0.26100.4202_none_3e0698d4e335f517;C:\Program Files\Java\jdk-21\bin\server

VM Arguments:
java_command: org.jetbrains.kotlin.cli.jvm.K2JVMCompiler @C:\Users\juanc\Desktop\AwesomeProject\node_modules\react-native-video\android\buildOutput_a15d4dee7fc4eda61b91308cbb6a2e72\20250704_11303613436518115453.compiler.options
java_class_path (initial): C:\Users\juanc\.gradle\caches\modules-2\files-2.1\org.jetbrains.kotlin\kotlin-compiler-embeddable\2.1.20\4ef56b3316798316bfac7a0ae443391c9e900ea1\kotlin-compiler-embeddable-2.1.20.jar;C:\Users\juanc\.gradle\caches\modules-2\files-2.1\org.jetbrains.kotlin\kotlin-stdlib\2.1.20\aa8ca79cd50578314f6d1180c47cbe14c0fee567\kotlin-stdlib-2.1.20.jar;C:\Users\juanc\.gradle\caches\modules-2\files-2.1\org.jetbrains.kotlin\kotlin-script-runtime\2.1.20\f7c623d7f7bdb01f5ccd6b437bc0a937fcd7c57e\kotlin-script-runtime-2.1.20.jar;C:\Users\juanc\.gradle\caches\modules-2\files-2.1\org.jetbrains.kotlin\kotlin-reflect\1.6.10\1cbe9c92c12a94eea200d23c2bbaedaf3daf5132\kotlin-reflect-1.6.10.jar;C:\Users\juanc\.gradle\caches\modules-2\files-2.1\org.jetbrains.kotlin\kotlin-daemon-embeddable\2.1.20\95670fce77befd02a70a0bc3abe8ee4533521334\kotlin-daemon-embeddable-2.1.20.jar;C:\Users\juanc\.gradle\caches\modules-2\files-2.1\org.jetbrains.intellij.deps\trove4j\1.0.20200330\3afb14d5f9ceb459d724e907a21145e8ff394f02\trove4j-1.0.20200330.jar;C:\Users\juanc\.gradle\caches\modules-2\files-2.1\org.jetbrains.kotlinx\kotlinx-coroutines-core-jvm\1.8.0\ac1dc37a30a93150b704022f8d895ee1bd3a36b3\kotlinx-coroutines-core-jvm-1.8.0.jar;C:\Users\juanc\.gradle\caches\modules-2\files-2.1\org.jetbrains\annotations\13.0\919f0dfe192fb4e063e7dacadee7f8bb9a2672a9\annotations-13.0.jar
Launcher Type: SUN_STANDARD

[Global flags]
     intx CICompilerCount                          = 4                                         {product} {ergonomic}
     uint ConcGCThreads                            = 2                                         {product} {ergonomic}
     uint G1ConcRefinementThreads                  = 8                                         {product} {ergonomic}
   size_t G1HeapRegionSize                         = 1048576                                   {product} {ergonomic}
    uintx GCDrainStackTargetSize                   = 64                                        {product} {ergonomic}
   size_t InitialHeapSize                          = 130023424                                 {product} {ergonomic}
   size_t MarkStackSize                            = 4194304                                   {product} {ergonomic}
   size_t MaxHeapSize                              = 2055208960                                {product} {ergonomic}
   size_t MaxNewSize                               = 1233125376                                {product} {ergonomic}
   size_t MinHeapDeltaBytes                        = 1048576                                   {product} {ergonomic}
   size_t MinHeapSize                              = 8388608                                   {product} {ergonomic}
    uintx NonNMethodCodeHeapSize                   = 5839372                                {pd product} {ergonomic}
    uintx NonProfiledCodeHeapSize                  = 122909434                              {pd product} {ergonomic}
    uintx ProfiledCodeHeapSize                     = 122909434                              {pd product} {ergonomic}
    uintx ReservedCodeCacheSize                    = 251658240                              {pd product} {ergonomic}
     bool SegmentedCodeCache                       = true                                      {product} {ergonomic}
   size_t SoftMaxHeapSize                          = 2055208960                             {manageable} {ergonomic}
     bool UseCompressedOops                        = true                           {product lp64_product} {ergonomic}
     bool UseG1GC                                  = true                                      {product} {ergonomic}
     bool UseLargePagesIndividualAllocation        = false                                  {pd product} {ergonomic}

Logging:
Log output configuration:
 #0: stdout all=warning uptime,level,tags foldmultilines=false
 #1: stderr all=off uptime,level,tags foldmultilines=false

Environment Variables:
JAVA_HOME=C:\Program Files\Java\jdk-21
PATH=C:\Users\juanc\Desktop\AwesomeProject\node_modules\.bin;C:\Users\juanc\Desktop\AwesomeProject\node_modules\.bin;C:\Users\juanc\Desktop\node_modules\.bin;C:\Users\juanc\node_modules\.bin;C:\Users\node_modules\.bin;C:\node_modules\.bin;C:\Users\juanc\AppData\Roaming\npm\node_modules\npm\node_modules\@npmcli\run-script\lib\node-gyp-bin;C:\Program Files\Common Files\Oracle\Java\javapath;C:\Windows\System32\;C:\Windows\;C:\Windows\System32\Wbem\;C:\Windows\System32\WindowsPowerShell\v1.0\;C:\Program Files\nodejs;C:\Users\juanc\AppData\Local\Programs\Python\Python311\;C:\Users\juanc\AppData\Local\Programs\Python\Python311\Scripts\;C:\Program Files\Java\jdk-17\bin;C:\Program Files\PostgreSQL\17\bin;C:\Program Files\Git\bin;C:\Users\juanc\AppData\Roaming\npm;C:\Program Files\Amazon\AWSCLIV2\;C:\Users\juanc\Downloads\ngrok;C:\Program Files\Docker\Docker\resources\bin;C:\Users\juanc\AppData\Local\Android\Sdk\platform-tools;%ANDROID_HOME%\emulator;;C:\WINDOWS\system32;C:\WINDOWS;C:\WINDOWS\System32\Wbem;C:\WINDOWS\System32\WindowsPowerShell\v1.0\;C:\WINDOWS\System32\OpenSSH\;C:\Ruby34-x64\bin;C:\Users\juanc\AppData\Local\Android\Sdk\tools;C:\Users\juanc\AppData\Local\jdk-11.0.2\bin;;C:\Users\juanc\AppData\Local\Programs\Microsoft VS Code\bin;C:\Users\juanc\AppData\Local\Microsoft\WindowsApps
USERNAME=juanc
OS=Windows_NT
PROCESSOR_IDENTIFIER=Intel64 Family 6 Model 140 Stepping 1, GenuineIntel
TMP=C:\Users\juanc\AppData\Local\Temp
TEMP=C:\Users\juanc\AppData\Local\Temp




Periodic native trim disabled

---------------  S Y S T E M  ---------------

OS:
 Windows 11 , 64 bit Build 26100 (10.0.26100.4202)
OS uptime: 0 days 1:44 hours
Hyper-V role detected

CPU: total 8 (initial active 8) (4 cores per cpu, 2 threads per core) family 6 model 140 stepping 1 microcode 0xb4, cx8, cmov, fxsr, ht, mmx, 3dnowpref, sse, sse2, sse3, ssse3, sse4.1, sse4.2, popcnt, lzcnt, tsc, tscinvbit, avx, avx2, aes, erms, clmul, bmi1, bmi2, adx, avx512f, avx512dq, avx512cd, avx512bw, avx512vl, sha, fma, vzeroupper, avx512_vpopcntdq, avx512_vpclmulqdq, avx512_vaes, avx512_vnni, clflush, clflushopt, clwb, avx512_vbmi2, avx512_vbmi, hv, rdtscp, rdpid, fsrm, gfni, avx512_bitalg, f16c, cet_ibt, cet_ss, avx512_ifma
Processor Information for all 8 processors :
  Max Mhz: 2401, Current Mhz: 2400, Mhz Limit: 2376

Memory: 4k page, system-wide physical 7834M (860M free)
TotalPageFile size 31386M (AvailPageFile size 306M)
current process WorkingSet (physical memory assigned to process): 271M, peak: 271M
current process commit charge ("private bytes"): 332M, peak: 334M

vm_info: Java HotSpot(TM) 64-Bit Server VM (21.0.5+9-LTS-239) for windows-amd64 JRE (21.0.5+9-LTS-239), built on 2024-09-30T05:17:38Z by "mach5one" with MS VC++ 17.6 (VS2022)

END.
